29-Nov-2017 22:38:52.946 INFO [main] org.apache.catalina.startup.VersionLoggerListener.log Server version:        Apache Tomcat/9.0.1
29-Nov-2017 22:38:52.967 INFO [main] org.apache.catalina.startup.VersionLoggerListener.log Server built:          Sep 27 2017 17:31:52 UTC
29-Nov-2017 22:38:52.967 INFO [main] org.apache.catalina.startup.VersionLoggerListener.log Server number:         9.0.1.0
29-Nov-2017 22:38:52.967 INFO [main] org.apache.catalina.startup.VersionLoggerListener.log OS Name:               Windows 7
29-Nov-2017 22:38:52.967 INFO [main] org.apache.catalina.startup.VersionLoggerListener.log OS Version:            6.1
29-Nov-2017 22:38:52.967 INFO [main] org.apache.catalina.startup.VersionLoggerListener.log Architecture:          amd64
29-Nov-2017 22:38:52.967 INFO [main] org.apache.catalina.startup.VersionLoggerListener.log Java Home:             C:\Program Files\Java\jdk1.8.0_151\jre
29-Nov-2017 22:38:52.968 INFO [main] org.apache.catalina.startup.VersionLoggerListener.log JVM Version:           1.8.0_151-b12
29-Nov-2017 22:38:52.968 INFO [main] org.apache.catalina.startup.VersionLoggerListener.log JVM Vendor:            Oracle Corporation
29-Nov-2017 22:38:52.968 INFO [main] org.apache.catalina.startup.VersionLoggerListener.log CATALINA_BASE:         C:\Users\cagla\Desktop\apache-tomcat-9.0.1
29-Nov-2017 22:38:52.968 INFO [main] org.apache.catalina.startup.VersionLoggerListener.log CATALINA_HOME:         C:\Users\cagla\Desktop\apache-tomcat-9.0.1
29-Nov-2017 22:38:52.969 INFO [main] org.apache.catalina.startup.VersionLoggerListener.log Command line argument: -Djava.util.logging.config.file=C:\Users\cagla\Desktop\apache-tomcat-9.0.1\conf\logging.properties
29-Nov-2017 22:38:52.969 INFO [main] org.apache.catalina.startup.VersionLoggerListener.log Command line argument: -Djava.util.logging.manager=org.apache.juli.ClassLoaderLogManager
29-Nov-2017 22:38:52.969 INFO [main] org.apache.catalina.startup.VersionLoggerListener.log Command line argument: -Dhttp.nonProxyHosts=localhost|127.0.0.1|caglapc
29-Nov-2017 22:38:52.969 INFO [main] org.apache.catalina.startup.VersionLoggerListener.log Command line argument: -Djdk.tls.ephemeralDHKeySize=2048
29-Nov-2017 22:38:52.970 INFO [main] org.apache.catalina.startup.VersionLoggerListener.log Command line argument: -Djava.protocol.handler.pkgs=org.apache.catalina.webresources
29-Nov-2017 22:38:52.972 INFO [main] org.apache.catalina.startup.VersionLoggerListener.log Command line argument: -Dcatalina.base=C:\Users\cagla\Desktop\apache-tomcat-9.0.1
29-Nov-2017 22:38:52.972 INFO [main] org.apache.catalina.startup.VersionLoggerListener.log Command line argument: -Dcatalina.home=C:\Users\cagla\Desktop\apache-tomcat-9.0.1
29-Nov-2017 22:38:52.973 INFO [main] org.apache.catalina.startup.VersionLoggerListener.log Command line argument: -Djava.io.tmpdir=C:\Users\cagla\Desktop\apache-tomcat-9.0.1\temp
29-Nov-2017 22:38:52.973 INFO [main] org.apache.catalina.core.AprLifecycleListener.lifecycleEvent Loaded APR based Apache Tomcat Native library [1.2.14] using APR version [1.6.2].
29-Nov-2017 22:38:52.973 INFO [main] org.apache.catalina.core.AprLifecycleListener.lifecycleEvent APR capabilities: IPv6 [true], sendfile [true], accept filters [false], random [true].
29-Nov-2017 22:38:52.973 INFO [main] org.apache.catalina.core.AprLifecycleListener.lifecycleEvent APR/OpenSSL configuration: useAprConnector [false], useOpenSSL [true]
29-Nov-2017 22:38:54.018 INFO [main] org.apache.catalina.core.AprLifecycleListener.initializeSSL OpenSSL successfully initialized [OpenSSL 1.0.2l  25 May 2017]
29-Nov-2017 22:38:54.712 INFO [main] org.apache.coyote.AbstractProtocol.init Initializing ProtocolHandler ["http-nio-8080"]
29-Nov-2017 22:38:54.987 INFO [main] org.apache.tomcat.util.net.NioSelectorPool.getSharedSelector Using a shared selector for servlet write/read
29-Nov-2017 22:38:55.000 INFO [main] org.apache.coyote.AbstractProtocol.init Initializing ProtocolHandler ["ajp-nio-8009"]
29-Nov-2017 22:38:55.003 INFO [main] org.apache.tomcat.util.net.NioSelectorPool.getSharedSelector Using a shared selector for servlet write/read
29-Nov-2017 22:38:55.003 INFO [main] org.apache.catalina.startup.Catalina.load Initialization processed in 8118 ms
29-Nov-2017 22:38:55.087 INFO [main] org.apache.catalina.core.StandardService.startInternal Starting service [Catalina]
29-Nov-2017 22:38:55.087 INFO [main] org.apache.catalina.core.StandardEngine.startInternal Starting Servlet Engine: Apache Tomcat/9.0.1
29-Nov-2017 22:38:55.111 INFO [main] org.apache.catalina.startup.HostConfig.deployDescriptor Deploying configuration descriptor [C:\Users\cagla\Desktop\apache-tomcat-9.0.1\conf\Catalina\localhost\DonationManager.xml]
29-Nov-2017 22:38:55.209 WARNING [main] org.apache.catalina.startup.SetContextPropertiesRule.begin [SetContextPropertiesRule]{Context} Setting property 'antiJARLocking' to 'true' did not find a matching property.
29-Nov-2017 22:38:56.094 INFO [main] org.apache.jasper.servlet.TldScanner.scanJars At least one JAR was scanned for TLDs yet contained no TLDs. Enable debug logging for this logger for a complete list of JARs that were scanned but no TLDs were found in them. Skipping unneeded JARs during scanning can improve startup time and JSP compilation time.
29-Nov-2017 22:38:56.216 INFO [main] org.apache.catalina.startup.HostConfig.deployDescriptor Deployment of configuration descriptor [C:\Users\cagla\Desktop\apache-tomcat-9.0.1\conf\Catalina\localhost\DonationManager.xml] has finished in [1,105] ms
29-Nov-2017 22:38:56.217 INFO [main] org.apache.catalina.startup.HostConfig.deployDescriptor Deploying configuration descriptor [C:\Users\cagla\Desktop\apache-tomcat-9.0.1\conf\Catalina\localhost\DrugStore.xml]
29-Nov-2017 22:38:56.238 SEVERE [main] org.apache.catalina.core.ContainerBase.addChildInternal ContainerBase.addChild: start: 
 org.apache.catalina.LifecycleException: Failed to start component [org.apache.catalina.webresources.StandardRoot@687e99d8]
	at org.apache.catalina.util.LifecycleBase.handleSubClassException(LifecycleBase.java:441)
	at org.apache.catalina.util.LifecycleBase.start(LifecycleBase.java:198)
	at org.apache.catalina.core.StandardContext.resourcesStart(StandardContext.java:4758)
	at org.apache.catalina.core.StandardContext.startInternal(StandardContext.java:4893)
	at org.apache.catalina.util.LifecycleBase.start(LifecycleBase.java:183)
	at org.apache.catalina.core.ContainerBase.addChildInternal(ContainerBase.java:740)
	at org.apache.catalina.core.ContainerBase.addChild(ContainerBase.java:716)
	at org.apache.catalina.core.StandardHost.addChild(StandardHost.java:703)
	at org.apache.catalina.startup.HostConfig.deployDescriptor(HostConfig.java:620)
	at org.apache.catalina.startup.HostConfig$DeployDescriptor.run(HostConfig.java:1832)
	at java.util.concurrent.Executors$RunnableAdapter.call(Executors.java:511)
	at java.util.concurrent.FutureTask.run(FutureTask.java:266)
	at org.apache.tomcat.util.threads.InlineExecutorService.execute(InlineExecutorService.java:75)
	at java.util.concurrent.AbstractExecutorService.submit(AbstractExecutorService.java:112)
	at org.apache.catalina.startup.HostConfig.deployDescriptors(HostConfig.java:530)
	at org.apache.catalina.startup.HostConfig.deployApps(HostConfig.java:429)
	at org.apache.catalina.startup.HostConfig.start(HostConfig.java:1578)
	at org.apache.catalina.startup.HostConfig.lifecycleEvent(HostConfig.java:308)
	at org.apache.catalina.util.LifecycleBase.fireLifecycleEvent(LifecycleBase.java:123)
	at org.apache.catalina.util.LifecycleBase.setStateInternal(LifecycleBase.java:424)
	at org.apache.catalina.util.LifecycleBase.setState(LifecycleBase.java:367)
	at org.apache.catalina.core.ContainerBase.startInternal(ContainerBase.java:964)
	at org.apache.catalina.core.StandardHost.startInternal(StandardHost.java:839)
	at org.apache.catalina.util.LifecycleBase.start(LifecycleBase.java:183)
	at org.apache.catalina.core.ContainerBase$StartChild.call(ContainerBase.java:1425)
	at org.apache.catalina.core.ContainerBase$StartChild.call(ContainerBase.java:1415)
	at java.util.concurrent.FutureTask.run(FutureTask.java:266)
	at org.apache.tomcat.util.threads.InlineExecutorService.execute(InlineExecutorService.java:75)
	at java.util.concurrent.AbstractExecutorService.submit(AbstractExecutorService.java:134)
	at org.apache.catalina.core.ContainerBase.startInternal(ContainerBase.java:941)
	at org.apache.catalina.core.StandardEngine.startInternal(StandardEngine.java:258)
	at org.apache.catalina.util.LifecycleBase.start(LifecycleBase.java:183)
	at org.apache.catalina.core.StandardService.startInternal(StandardService.java:422)
	at org.apache.catalina.util.LifecycleBase.start(LifecycleBase.java:183)
	at org.apache.catalina.core.StandardServer.startInternal(StandardServer.java:770)
	at org.apache.catalina.util.LifecycleBase.start(LifecycleBase.java:183)
	at org.apache.catalina.startup.Catalina.start(Catalina.java:671)
	at sun.reflect.NativeMethodAccessorImpl.invoke0(Native Method)
	at sun.reflect.NativeMethodAccessorImpl.invoke(NativeMethodAccessorImpl.java:62)
	at sun.reflect.DelegatingMethodAccessorImpl.invoke(DelegatingMethodAccessorImpl.java:43)
	at java.lang.reflect.Method.invoke(Method.java:498)
	at org.apache.catalina.startup.Bootstrap.start(Bootstrap.java:355)
	at org.apache.catalina.startup.Bootstrap.main(Bootstrap.java:495)
Caused by: java.lang.IllegalArgumentException: The main resource set specified [C:\Users\cagla\Documents\NetBeansProjects\DrugStore\build\web] is not valid
	at org.apache.catalina.webresources.StandardRoot.createMainResourceSet(StandardRoot.java:749)
	at org.apache.catalina.webresources.StandardRoot.startInternal(StandardRoot.java:706)
	at org.apache.catalina.util.LifecycleBase.start(LifecycleBase.java:183)
	... 41 more

29-Nov-2017 22:38:56.263 SEVERE [main] org.apache.catalina.startup.HostConfig.deployDescriptor Error deploying configuration descriptor [C:\Users\cagla\Desktop\apache-tomcat-9.0.1\conf\Catalina\localhost\DrugStore.xml]
 java.lang.IllegalStateException: ContainerBase.addChild: start: org.apache.catalina.LifecycleException: Failed to start component [org.apache.catalina.webresources.StandardRoot@687e99d8]
	at org.apache.catalina.core.ContainerBase.addChildInternal(ContainerBase.java:744)
	at org.apache.catalina.core.ContainerBase.addChild(ContainerBase.java:716)
	at org.apache.catalina.core.StandardHost.addChild(StandardHost.java:703)
	at org.apache.catalina.startup.HostConfig.deployDescriptor(HostConfig.java:620)
	at org.apache.catalina.startup.HostConfig$DeployDescriptor.run(HostConfig.java:1832)
	at java.util.concurrent.Executors$RunnableAdapter.call(Executors.java:511)
	at java.util.concurrent.FutureTask.run(FutureTask.java:266)
	at org.apache.tomcat.util.threads.InlineExecutorService.execute(InlineExecutorService.java:75)
	at java.util.concurrent.AbstractExecutorService.submit(AbstractExecutorService.java:112)
	at org.apache.catalina.startup.HostConfig.deployDescriptors(HostConfig.java:530)
	at org.apache.catalina.startup.HostConfig.deployApps(HostConfig.java:429)
	at org.apache.catalina.startup.HostConfig.start(HostConfig.java:1578)
	at org.apache.catalina.startup.HostConfig.lifecycleEvent(HostConfig.java:308)
	at org.apache.catalina.util.LifecycleBase.fireLifecycleEvent(LifecycleBase.java:123)
	at org.apache.catalina.util.LifecycleBase.setStateInternal(LifecycleBase.java:424)
	at org.apache.catalina.util.LifecycleBase.setState(LifecycleBase.java:367)
	at org.apache.catalina.core.ContainerBase.startInternal(ContainerBase.java:964)
	at org.apache.catalina.core.StandardHost.startInternal(StandardHost.java:839)
	at org.apache.catalina.util.LifecycleBase.start(LifecycleBase.java:183)
	at org.apache.catalina.core.ContainerBase$StartChild.call(ContainerBase.java:1425)
	at org.apache.catalina.core.ContainerBase$StartChild.call(ContainerBase.java:1415)
	at java.util.concurrent.FutureTask.run(FutureTask.java:266)
	at org.apache.tomcat.util.threads.InlineExecutorService.execute(InlineExecutorService.java:75)
	at java.util.concurrent.AbstractExecutorService.submit(AbstractExecutorService.java:134)
	at org.apache.catalina.core.ContainerBase.startInternal(ContainerBase.java:941)
	at org.apache.catalina.core.StandardEngine.startInternal(StandardEngine.java:258)
	at org.apache.catalina.util.LifecycleBase.start(LifecycleBase.java:183)
	at org.apache.catalina.core.StandardService.startInternal(StandardService.java:422)
	at org.apache.catalina.util.LifecycleBase.start(LifecycleBase.java:183)
	at org.apache.catalina.core.StandardServer.startInternal(StandardServer.java:770)
	at org.apache.catalina.util.LifecycleBase.start(LifecycleBase.java:183)
	at org.apache.catalina.startup.Catalina.start(Catalina.java:671)
	at sun.reflect.NativeMethodAccessorImpl.invoke0(Native Method)
	at sun.reflect.NativeMethodAccessorImpl.invoke(NativeMethodAccessorImpl.java:62)
	at sun.reflect.DelegatingMethodAccessorImpl.invoke(DelegatingMethodAccessorImpl.java:43)
	at java.lang.reflect.Method.invoke(Method.java:498)
	at org.apache.catalina.startup.Bootstrap.start(Bootstrap.java:355)
	at org.apache.catalina.startup.Bootstrap.main(Bootstrap.java:495)

29-Nov-2017 22:38:56.265 INFO [main] org.apache.catalina.startup.HostConfig.deployDescriptor Deployment of configuration descriptor [C:\Users\cagla\Desktop\apache-tomcat-9.0.1\conf\Catalina\localhost\DrugStore.xml] has finished in [49] ms
29-Nov-2017 22:38:56.265 INFO [main] org.apache.catalina.startup.HostConfig.deployDescriptor Deploying configuration descriptor [C:\Users\cagla\Desktop\apache-tomcat-9.0.1\conf\Catalina\localhost\DrugStoreSystem.xml]
29-Nov-2017 22:38:56.919 INFO [main] org.apache.jasper.servlet.TldScanner.scanJars At least one JAR was scanned for TLDs yet contained no TLDs. Enable debug logging for this logger for a complete list of JARs that were scanned but no TLDs were found in them. Skipping unneeded JARs during scanning can improve startup time and JSP compilation time.
29-Nov-2017 22:38:56.923 INFO [main] org.apache.catalina.startup.HostConfig.deployDescriptor Deployment of configuration descriptor [C:\Users\cagla\Desktop\apache-tomcat-9.0.1\conf\Catalina\localhost\DrugStoreSystem.xml] has finished in [657] ms
29-Nov-2017 22:38:56.924 INFO [main] org.apache.catalina.startup.HostConfig.deployDirectory Deploying web application directory [C:\Users\cagla\Desktop\apache-tomcat-9.0.1\webapps\docs]
29-Nov-2017 22:38:56.972 INFO [main] org.apache.catalina.startup.HostConfig.deployDirectory Deployment of web application directory [C:\Users\cagla\Desktop\apache-tomcat-9.0.1\webapps\docs] has finished in [49] ms
29-Nov-2017 22:38:56.973 INFO [main] org.apache.catalina.startup.HostConfig.deployDirectory Deploying web application directory [C:\Users\cagla\Desktop\apache-tomcat-9.0.1\webapps\examples]
29-Nov-2017 22:39:01.703 INFO [main] org.apache.catalina.startup.HostConfig.deployDirectory Deployment of web application directory [C:\Users\cagla\Desktop\apache-tomcat-9.0.1\webapps\examples] has finished in [4,730] ms
29-Nov-2017 22:39:01.704 INFO [main] org.apache.catalina.startup.HostConfig.deployDirectory Deploying web application directory [C:\Users\cagla\Desktop\apache-tomcat-9.0.1\webapps\host-manager]
29-Nov-2017 22:39:01.826 INFO [main] org.apache.catalina.startup.HostConfig.deployDirectory Deployment of web application directory [C:\Users\cagla\Desktop\apache-tomcat-9.0.1\webapps\host-manager] has finished in [122] ms
29-Nov-2017 22:39:01.827 INFO [main] org.apache.catalina.startup.HostConfig.deployDirectory Deploying web application directory [C:\Users\cagla\Desktop\apache-tomcat-9.0.1\webapps\manager]
29-Nov-2017 22:39:01.899 INFO [main] org.apache.catalina.startup.HostConfig.deployDirectory Deployment of web application directory [C:\Users\cagla\Desktop\apache-tomcat-9.0.1\webapps\manager] has finished in [73] ms
29-Nov-2017 22:39:01.900 INFO [main] org.apache.catalina.startup.HostConfig.deployDirectory Deploying web application directory [C:\Users\cagla\Desktop\apache-tomcat-9.0.1\webapps\ROOT]
29-Nov-2017 22:39:01.966 INFO [main] org.apache.catalina.startup.HostConfig.deployDirectory Deployment of web application directory [C:\Users\cagla\Desktop\apache-tomcat-9.0.1\webapps\ROOT] has finished in [67] ms
29-Nov-2017 22:39:01.976 INFO [main] org.apache.coyote.AbstractProtocol.start Starting ProtocolHandler ["http-nio-8080"]
29-Nov-2017 22:39:01.991 INFO [main] org.apache.coyote.AbstractProtocol.start Starting ProtocolHandler ["ajp-nio-8009"]
29-Nov-2017 22:39:01.997 INFO [main] org.apache.catalina.startup.Catalina.start Server startup in 6993 ms
29-Nov-2017 22:39:05.997 INFO [http-nio-8080-exec-2] org.apache.catalina.startup.HostConfig.undeploy Undeploying context [/DrugStoreSystem]
29-Nov-2017 22:39:06.178 INFO [http-nio-8080-exec-5] org.apache.catalina.startup.HostConfig.deployDescriptor Deploying configuration descriptor [C:\Users\cagla\Desktop\apache-tomcat-9.0.1\conf\Catalina\localhost\DrugStoreSystem.xml]
29-Nov-2017 22:39:06.819 INFO [http-nio-8080-exec-5] org.apache.jasper.servlet.TldScanner.scanJars At least one JAR was scanned for TLDs yet contained no TLDs. Enable debug logging for this logger for a complete list of JARs that were scanned but no TLDs were found in them. Skipping unneeded JARs during scanning can improve startup time and JSP compilation time.
29-Nov-2017 22:39:06.832 INFO [http-nio-8080-exec-5] org.apache.catalina.startup.HostConfig.deployDescriptor Deployment of configuration descriptor [C:\Users\cagla\Desktop\apache-tomcat-9.0.1\conf\Catalina\localhost\DrugStoreSystem.xml] has finished in [653] ms
29-Nov-2017 22:39:06.840 INFO [http-nio-8080-exec-9] org.apache.catalina.util.LifecycleBase.start The start() method was called on component [StandardEngine[Catalina].StandardHost[localhost].StandardContext[/DrugStoreSystem]] after start() had already been called. The second call will be ignored.
29-Nov-2017 22:39:28.699 INFO [http-nio-8080-exec-12] org.apache.catalina.startup.HostConfig.undeploy Undeploying context [/DrugStoreSystem]
29-Nov-2017 22:39:28.723 INFO [http-nio-8080-exec-14] org.apache.catalina.startup.HostConfig.deployDescriptor Deploying configuration descriptor [C:\Users\cagla\Desktop\apache-tomcat-9.0.1\conf\Catalina\localhost\DrugStoreSystem.xml]
29-Nov-2017 22:39:29.292 INFO [http-nio-8080-exec-14] org.apache.jasper.servlet.TldScanner.scanJars At least one JAR was scanned for TLDs yet contained no TLDs. Enable debug logging for this logger for a complete list of JARs that were scanned but no TLDs were found in them. Skipping unneeded JARs during scanning can improve startup time and JSP compilation time.
29-Nov-2017 22:39:29.296 INFO [http-nio-8080-exec-14] org.apache.catalina.startup.HostConfig.deployDescriptor Deployment of configuration descriptor [C:\Users\cagla\Desktop\apache-tomcat-9.0.1\conf\Catalina\localhost\DrugStoreSystem.xml] has finished in [574] ms
29-Nov-2017 22:39:29.303 INFO [http-nio-8080-exec-15] org.apache.catalina.util.LifecycleBase.start The start() method was called on component [StandardEngine[Catalina].StandardHost[localhost].StandardContext[/DrugStoreSystem]] after start() had already been called. The second call will be ignored.
29-Nov-2017 22:52:34.687 INFO [http-nio-8080-exec-25] org.apache.catalina.startup.HostConfig.undeploy Undeploying context [/DrugStoreSystem]
29-Nov-2017 22:52:34.702 INFO [http-nio-8080-exec-22] org.apache.catalina.startup.HostConfig.deployDescriptor Deploying configuration descriptor [C:\Users\cagla\Desktop\apache-tomcat-9.0.1\conf\Catalina\localhost\DrugStoreSystem.xml]
29-Nov-2017 22:52:35.201 INFO [http-nio-8080-exec-22] org.apache.jasper.servlet.TldScanner.scanJars At least one JAR was scanned for TLDs yet contained no TLDs. Enable debug logging for this logger for a complete list of JARs that were scanned but no TLDs were found in them. Skipping unneeded JARs during scanning can improve startup time and JSP compilation time.
29-Nov-2017 22:52:35.204 INFO [http-nio-8080-exec-22] org.apache.catalina.startup.HostConfig.deployDescriptor Deployment of configuration descriptor [C:\Users\cagla\Desktop\apache-tomcat-9.0.1\conf\Catalina\localhost\DrugStoreSystem.xml] has finished in [501] ms
29-Nov-2017 22:52:35.207 INFO [http-nio-8080-exec-17] org.apache.catalina.util.LifecycleBase.start The start() method was called on component [StandardEngine[Catalina].StandardHost[localhost].StandardContext[/DrugStoreSystem]] after start() had already been called. The second call will be ignored.
29-Nov-2017 22:57:59.736 INFO [http-nio-8080-exec-35] org.apache.catalina.startup.HostConfig.undeploy Undeploying context [/DrugStoreSystem]
29-Nov-2017 22:57:59.764 INFO [http-nio-8080-exec-28] org.apache.catalina.startup.HostConfig.deployDescriptor Deploying configuration descriptor [C:\Users\cagla\Desktop\apache-tomcat-9.0.1\conf\Catalina\localhost\DrugStoreSystem.xml]
29-Nov-2017 22:58:00.181 INFO [http-nio-8080-exec-28] org.apache.jasper.servlet.TldScanner.scanJars At least one JAR was scanned for TLDs yet contained no TLDs. Enable debug logging for this logger for a complete list of JARs that were scanned but no TLDs were found in them. Skipping unneeded JARs during scanning can improve startup time and JSP compilation time.
29-Nov-2017 22:58:00.186 INFO [http-nio-8080-exec-28] org.apache.catalina.startup.HostConfig.deployDescriptor Deployment of configuration descriptor [C:\Users\cagla\Desktop\apache-tomcat-9.0.1\conf\Catalina\localhost\DrugStoreSystem.xml] has finished in [422] ms
29-Nov-2017 22:58:00.194 INFO [http-nio-8080-exec-31] org.apache.catalina.util.LifecycleBase.start The start() method was called on component [StandardEngine[Catalina].StandardHost[localhost].StandardContext[/DrugStoreSystem]] after start() had already been called. The second call will be ignored.
29-Nov-2017 22:59:52.309 INFO [http-nio-8080-exec-36] org.apache.catalina.startup.HostConfig.undeploy Undeploying context [/DrugStoreSystem]
29-Nov-2017 22:59:52.336 INFO [http-nio-8080-exec-44] org.apache.catalina.startup.HostConfig.deployDescriptor Deploying configuration descriptor [C:\Users\cagla\Desktop\apache-tomcat-9.0.1\conf\Catalina\localhost\DrugStoreSystem.xml]
29-Nov-2017 22:59:53.455 INFO [http-nio-8080-exec-44] org.apache.jasper.servlet.TldScanner.scanJars At least one JAR was scanned for TLDs yet contained no TLDs. Enable debug logging for this logger for a complete list of JARs that were scanned but no TLDs were found in them. Skipping unneeded JARs during scanning can improve startup time and JSP compilation time.
29-Nov-2017 22:59:53.460 INFO [http-nio-8080-exec-44] org.apache.catalina.startup.HostConfig.deployDescriptor Deployment of configuration descriptor [C:\Users\cagla\Desktop\apache-tomcat-9.0.1\conf\Catalina\localhost\DrugStoreSystem.xml] has finished in [1,124] ms
29-Nov-2017 22:59:53.470 INFO [http-nio-8080-exec-40] org.apache.catalina.util.LifecycleBase.start The start() method was called on component [StandardEngine[Catalina].StandardHost[localhost].StandardContext[/DrugStoreSystem]] after start() had already been called. The second call will be ignored.
29-Nov-2017 23:07:17.798 INFO [http-nio-8080-exec-46] org.apache.catalina.startup.HostConfig.undeploy Undeploying context [/DrugStoreSystem]
29-Nov-2017 23:07:17.817 INFO [http-nio-8080-exec-52] org.apache.catalina.startup.HostConfig.deployDescriptor Deploying configuration descriptor [C:\Users\cagla\Desktop\apache-tomcat-9.0.1\conf\Catalina\localhost\DrugStoreSystem.xml]
29-Nov-2017 23:07:18.272 INFO [http-nio-8080-exec-52] org.apache.jasper.servlet.TldScanner.scanJars At least one JAR was scanned for TLDs yet contained no TLDs. Enable debug logging for this logger for a complete list of JARs that were scanned but no TLDs were found in them. Skipping unneeded JARs during scanning can improve startup time and JSP compilation time.
29-Nov-2017 23:07:18.277 INFO [http-nio-8080-exec-52] org.apache.catalina.startup.HostConfig.deployDescriptor Deployment of configuration descriptor [C:\Users\cagla\Desktop\apache-tomcat-9.0.1\conf\Catalina\localhost\DrugStoreSystem.xml] has finished in [460] ms
29-Nov-2017 23:07:18.310 INFO [http-nio-8080-exec-47] org.apache.catalina.util.LifecycleBase.start The start() method was called on component [StandardEngine[Catalina].StandardHost[localhost].StandardContext[/DrugStoreSystem]] after start() had already been called. The second call will be ignored.
29-Nov-2017 23:08:11.238 INFO [http-nio-8080-exec-47] org.apache.catalina.startup.HostConfig.undeploy Undeploying context [/DrugStoreSystem]
29-Nov-2017 23:08:11.314 INFO [http-nio-8080-exec-58] org.apache.catalina.startup.HostConfig.deployDescriptor Deploying configuration descriptor [C:\Users\cagla\Desktop\apache-tomcat-9.0.1\conf\Catalina\localhost\DrugStoreSystem.xml]
29-Nov-2017 23:08:12.763 INFO [http-nio-8080-exec-58] org.apache.jasper.servlet.TldScanner.scanJars At least one JAR was scanned for TLDs yet contained no TLDs. Enable debug logging for this logger for a complete list of JARs that were scanned but no TLDs were found in them. Skipping unneeded JARs during scanning can improve startup time and JSP compilation time.
29-Nov-2017 23:08:12.769 INFO [117] org.apache.catalina.startup.HostConfig.deployDescriptor Deployment of configuration descriptor [C:\Users\cagla\Desktop\apache-tomcat-9.0.1\conf\Catalina\localhost\DrugStoreSystem.xml] has finished in [1,455] ms
29-Nov-2017 23:08:12.784 INFO [http-nio-8080-exec-51] org.apache.catalina.util.LifecycleBase.start The start() method was called on component [StandardEngine[Catalina].StandardHost[localhost].StandardContext[/DrugStoreSystem]] after start() had already been called. The second call will be ignored.
29-Nov-2017 23:09:43.531 INFO [http-nio-8080-exec-67] org.apache.catalina.startup.HostConfig.undeploy Undeploying context [/DrugStoreSystem]
29-Nov-2017 23:09:43.546 INFO [http-nio-8080-exec-68] org.apache.catalina.startup.HostConfig.deployDescriptor Deploying configuration descriptor [C:\Users\cagla\Desktop\apache-tomcat-9.0.1\conf\Catalina\localhost\DrugStoreSystem.xml]
29-Nov-2017 23:09:46.465 INFO [http-nio-8080-exec-68] org.apache.jasper.servlet.TldScanner.scanJars At least one JAR was scanned for TLDs yet contained no TLDs. Enable debug logging for this logger for a complete list of JARs that were scanned but no TLDs were found in them. Skipping unneeded JARs during scanning can improve startup time and JSP compilation time.
29-Nov-2017 23:09:46.469 INFO [128] org.apache.catalina.startup.HostConfig.deployDescriptor Deployment of configuration descriptor [C:\Users\cagla\Desktop\apache-tomcat-9.0.1\conf\Catalina\localhost\DrugStoreSystem.xml] has finished in [2,923] ms
29-Nov-2017 23:09:46.483 INFO [http-nio-8080-exec-66] org.apache.catalina.util.LifecycleBase.start The start() method was called on component [StandardEngine[Catalina].StandardHost[localhost].StandardContext[/DrugStoreSystem]] after start() had already been called. The second call will be ignored.
29-Nov-2017 23:11:19.056 INFO [http-nio-8080-exec-77] org.apache.catalina.startup.HostConfig.undeploy Undeploying context [/DrugStoreSystem]
29-Nov-2017 23:11:19.117 INFO [http-nio-8080-exec-76] org.apache.catalina.startup.HostConfig.deployDescriptor Deploying configuration descriptor [C:\Users\cagla\Desktop\apache-tomcat-9.0.1\conf\Catalina\localhost\DrugStoreSystem.xml]
29-Nov-2017 23:11:20.799 INFO [http-nio-8080-exec-76] org.apache.jasper.servlet.TldScanner.scanJars At least one JAR was scanned for TLDs yet contained no TLDs. Enable debug logging for this logger for a complete list of JARs that were scanned but no TLDs were found in them. Skipping unneeded JARs during scanning can improve startup time and JSP compilation time.
29-Nov-2017 23:11:20.809 INFO [137] org.apache.catalina.startup.HostConfig.deployDescriptor Deployment of configuration descriptor [C:\Users\cagla\Desktop\apache-tomcat-9.0.1\conf\Catalina\localhost\DrugStoreSystem.xml] has finished in [1,692] ms
29-Nov-2017 23:11:20.840 INFO [http-nio-8080-exec-73] org.apache.catalina.util.LifecycleBase.start The start() method was called on component [StandardEngine[Catalina].StandardHost[localhost].StandardContext[/DrugStoreSystem]] after start() had already been called. The second call will be ignored.
29-Nov-2017 23:12:18.459 INFO [http-nio-8080-exec-74] org.apache.catalina.startup.HostConfig.undeploy Undeploying context [/DrugStoreSystem]
29-Nov-2017 23:12:18.482 INFO [http-nio-8080-exec-75] org.apache.catalina.startup.HostConfig.deployDescriptor Deploying configuration descriptor [C:\Users\cagla\Desktop\apache-tomcat-9.0.1\conf\Catalina\localhost\DrugStoreSystem.xml]
29-Nov-2017 23:12:18.976 INFO [http-nio-8080-exec-75] org.apache.jasper.servlet.TldScanner.scanJars At least one JAR was scanned for TLDs yet contained no TLDs. Enable debug logging for this logger for a complete list of JARs that were scanned but no TLDs were found in them. Skipping unneeded JARs during scanning can improve startup time and JSP compilation time.
29-Nov-2017 23:12:18.979 INFO [http-nio-8080-exec-75] org.apache.catalina.startup.HostConfig.deployDescriptor Deployment of configuration descriptor [C:\Users\cagla\Desktop\apache-tomcat-9.0.1\conf\Catalina\localhost\DrugStoreSystem.xml] has finished in [498] ms
29-Nov-2017 23:12:19.006 INFO [http-nio-8080-exec-79] org.apache.catalina.util.LifecycleBase.start The start() method was called on component [StandardEngine[Catalina].StandardHost[localhost].StandardContext[/DrugStoreSystem]] after start() had already been called. The second call will be ignored.
29-Nov-2017 23:25:00.574 INFO [http-nio-8080-exec-87] org.apache.catalina.startup.HostConfig.undeploy Undeploying context [/DrugStoreSystem]
29-Nov-2017 23:25:00.594 INFO [http-nio-8080-exec-89] org.apache.catalina.startup.HostConfig.deployDescriptor Deploying configuration descriptor [C:\Users\cagla\Desktop\apache-tomcat-9.0.1\conf\Catalina\localhost\DrugStoreSystem.xml]
29-Nov-2017 23:25:01.337 INFO [http-nio-8080-exec-89] org.apache.jasper.servlet.TldScanner.scanJars At least one JAR was scanned for TLDs yet contained no TLDs. Enable debug logging for this logger for a complete list of JARs that were scanned but no TLDs were found in them. Skipping unneeded JARs during scanning can improve startup time and JSP compilation time.
29-Nov-2017 23:25:01.340 INFO [http-nio-8080-exec-89] org.apache.catalina.startup.HostConfig.deployDescriptor Deployment of configuration descriptor [C:\Users\cagla\Desktop\apache-tomcat-9.0.1\conf\Catalina\localhost\DrugStoreSystem.xml] has finished in [746] ms
29-Nov-2017 23:25:01.398 INFO [http-nio-8080-exec-92] org.apache.catalina.util.LifecycleBase.start The start() method was called on component [StandardEngine[Catalina].StandardHost[localhost].StandardContext[/DrugStoreSystem]] after start() had already been called. The second call will be ignored.
29-Nov-2017 23:25:14.589 INFO [http-nio-8080-exec-93] org.apache.catalina.startup.HostConfig.undeploy Undeploying context [/DrugStoreSystem]
29-Nov-2017 23:25:14.620 INFO [http-nio-8080-exec-95] org.apache.catalina.startup.HostConfig.deployDescriptor Deploying configuration descriptor [C:\Users\cagla\Desktop\apache-tomcat-9.0.1\conf\Catalina\localhost\DrugStoreSystem.xml]
29-Nov-2017 23:25:15.554 INFO [http-nio-8080-exec-95] org.apache.jasper.servlet.TldScanner.scanJars At least one JAR was scanned for TLDs yet contained no TLDs. Enable debug logging for this logger for a complete list of JARs that were scanned but no TLDs were found in them. Skipping unneeded JARs during scanning can improve startup time and JSP compilation time.
29-Nov-2017 23:25:15.558 INFO [http-nio-8080-exec-95] org.apache.catalina.startup.HostConfig.deployDescriptor Deployment of configuration descriptor [C:\Users\cagla\Desktop\apache-tomcat-9.0.1\conf\Catalina\localhost\DrugStoreSystem.xml] has finished in [938] ms
29-Nov-2017 23:25:15.564 INFO [http-nio-8080-exec-85] org.apache.catalina.util.LifecycleBase.start The start() method was called on component [StandardEngine[Catalina].StandardHost[localhost].StandardContext[/DrugStoreSystem]] after start() had already been called. The second call will be ignored.
29-Nov-2017 23:28:03.769 INFO [http-nio-8080-exec-100] org.apache.catalina.startup.HostConfig.undeploy Undeploying context [/DrugStoreSystem]
29-Nov-2017 23:28:03.784 INFO [http-nio-8080-exec-105] org.apache.catalina.startup.HostConfig.deployDescriptor Deploying configuration descriptor [C:\Users\cagla\Desktop\apache-tomcat-9.0.1\conf\Catalina\localhost\DrugStoreSystem.xml]
29-Nov-2017 23:28:04.283 INFO [http-nio-8080-exec-105] org.apache.jasper.servlet.TldScanner.scanJars At least one JAR was scanned for TLDs yet contained no TLDs. Enable debug logging for this logger for a complete list of JARs that were scanned but no TLDs were found in them. Skipping unneeded JARs during scanning can improve startup time and JSP compilation time.
29-Nov-2017 23:28:04.287 INFO [http-nio-8080-exec-105] org.apache.catalina.startup.HostConfig.deployDescriptor Deployment of configuration descriptor [C:\Users\cagla\Desktop\apache-tomcat-9.0.1\conf\Catalina\localhost\DrugStoreSystem.xml] has finished in [502] ms
29-Nov-2017 23:28:04.290 INFO [http-nio-8080-exec-106] org.apache.catalina.util.LifecycleBase.start The start() method was called on component [StandardEngine[Catalina].StandardHost[localhost].StandardContext[/DrugStoreSystem]] after start() had already been called. The second call will be ignored.
29-Nov-2017 23:29:23.863 INFO [http-nio-8080-exec-111] org.apache.catalina.startup.HostConfig.undeploy Undeploying context [/DrugStoreSystem]
29-Nov-2017 23:29:23.877 INFO [http-nio-8080-exec-114] org.apache.catalina.startup.HostConfig.deployDescriptor Deploying configuration descriptor [C:\Users\cagla\Desktop\apache-tomcat-9.0.1\conf\Catalina\localhost\DrugStoreSystem.xml]
29-Nov-2017 23:29:24.503 INFO [http-nio-8080-exec-114] org.apache.jasper.servlet.TldScanner.scanJars At least one JAR was scanned for TLDs yet contained no TLDs. Enable debug logging for this logger for a complete list of JARs that were scanned but no TLDs were found in them. Skipping unneeded JARs during scanning can improve startup time and JSP compilation time.
29-Nov-2017 23:29:24.509 INFO [http-nio-8080-exec-114] org.apache.catalina.startup.HostConfig.deployDescriptor Deployment of configuration descriptor [C:\Users\cagla\Desktop\apache-tomcat-9.0.1\conf\Catalina\localhost\DrugStoreSystem.xml] has finished in [633] ms
29-Nov-2017 23:29:24.516 INFO [http-nio-8080-exec-104] org.apache.catalina.util.LifecycleBase.start The start() method was called on component [StandardEngine[Catalina].StandardHost[localhost].StandardContext[/DrugStoreSystem]] after start() had already been called. The second call will be ignored.
29-Nov-2017 23:31:08.671 INFO [http-nio-8080-exec-120] org.apache.catalina.startup.HostConfig.undeploy Undeploying context [/DrugStoreSystem]
29-Nov-2017 23:31:08.688 INFO [http-nio-8080-exec-121] org.apache.catalina.startup.HostConfig.deployDescriptor Deploying configuration descriptor [C:\Users\cagla\Desktop\apache-tomcat-9.0.1\conf\Catalina\localhost\DrugStoreSystem.xml]
29-Nov-2017 23:31:09.471 INFO [http-nio-8080-exec-121] org.apache.jasper.servlet.TldScanner.scanJars At least one JAR was scanned for TLDs yet contained no TLDs. Enable debug logging for this logger for a complete list of JARs that were scanned but no TLDs were found in them. Skipping unneeded JARs during scanning can improve startup time and JSP compilation time.
29-Nov-2017 23:31:09.475 INFO [http-nio-8080-exec-121] org.apache.catalina.startup.HostConfig.deployDescriptor Deployment of configuration descriptor [C:\Users\cagla\Desktop\apache-tomcat-9.0.1\conf\Catalina\localhost\DrugStoreSystem.xml] has finished in [786] ms
29-Nov-2017 23:31:09.483 INFO [http-nio-8080-exec-123] org.apache.catalina.util.LifecycleBase.start The start() method was called on component [StandardEngine[Catalina].StandardHost[localhost].StandardContext[/DrugStoreSystem]] after start() had already been called. The second call will be ignored.
29-Nov-2017 23:31:49.063 INFO [http-nio-8080-exec-127] org.apache.catalina.startup.HostConfig.undeploy Undeploying context [/DrugStoreSystem]
29-Nov-2017 23:31:49.090 INFO [http-nio-8080-exec-125] org.apache.catalina.startup.HostConfig.deployDescriptor Deploying configuration descriptor [C:\Users\cagla\Desktop\apache-tomcat-9.0.1\conf\Catalina\localhost\DrugStoreSystem.xml]
29-Nov-2017 23:31:49.631 INFO [http-nio-8080-exec-125] org.apache.jasper.servlet.TldScanner.scanJars At least one JAR was scanned for TLDs yet contained no TLDs. Enable debug logging for this logger for a complete list of JARs that were scanned but no TLDs were found in them. Skipping unneeded JARs during scanning can improve startup time and JSP compilation time.
29-Nov-2017 23:31:49.634 INFO [http-nio-8080-exec-125] org.apache.catalina.startup.HostConfig.deployDescriptor Deployment of configuration descriptor [C:\Users\cagla\Desktop\apache-tomcat-9.0.1\conf\Catalina\localhost\DrugStoreSystem.xml] has finished in [545] ms
29-Nov-2017 23:31:49.637 INFO [http-nio-8080-exec-103] org.apache.catalina.util.LifecycleBase.start The start() method was called on component [StandardEngine[Catalina].StandardHost[localhost].StandardContext[/DrugStoreSystem]] after start() had already been called. The second call will be ignored.
29-Nov-2017 23:31:57.965 INFO [http-nio-8080-exec-103] org.apache.catalina.startup.HostConfig.undeploy Undeploying context [/DrugStoreSystem]
29-Nov-2017 23:31:57.997 INFO [http-nio-8080-exec-115] org.apache.catalina.startup.HostConfig.deployDescriptor Deploying configuration descriptor [C:\Users\cagla\Desktop\apache-tomcat-9.0.1\conf\Catalina\localhost\DrugStoreSystem.xml]
29-Nov-2017 23:31:58.612 INFO [http-nio-8080-exec-115] org.apache.jasper.servlet.TldScanner.scanJars At least one JAR was scanned for TLDs yet contained no TLDs. Enable debug logging for this logger for a complete list of JARs that were scanned but no TLDs were found in them. Skipping unneeded JARs during scanning can improve startup time and JSP compilation time.
29-Nov-2017 23:31:58.615 INFO [http-nio-8080-exec-115] org.apache.catalina.startup.HostConfig.deployDescriptor Deployment of configuration descriptor [C:\Users\cagla\Desktop\apache-tomcat-9.0.1\conf\Catalina\localhost\DrugStoreSystem.xml] has finished in [618] ms
29-Nov-2017 23:31:58.618 INFO [http-nio-8080-exec-131] org.apache.catalina.util.LifecycleBase.start The start() method was called on component [StandardEngine[Catalina].StandardHost[localhost].StandardContext[/DrugStoreSystem]] after start() had already been called. The second call will be ignored.
29-Nov-2017 23:33:55.872 INFO [http-nio-8080-exec-140] org.apache.catalina.startup.HostConfig.undeploy Undeploying context [/DrugStoreSystem]
29-Nov-2017 23:33:55.890 INFO [http-nio-8080-exec-138] org.apache.catalina.startup.HostConfig.deployDescriptor Deploying configuration descriptor [C:\Users\cagla\Desktop\apache-tomcat-9.0.1\conf\Catalina\localhost\DrugStoreSystem.xml]
29-Nov-2017 23:33:56.340 INFO [http-nio-8080-exec-138] org.apache.jasper.servlet.TldScanner.scanJars At least one JAR was scanned for TLDs yet contained no TLDs. Enable debug logging for this logger for a complete list of JARs that were scanned but no TLDs were found in them. Skipping unneeded JARs during scanning can improve startup time and JSP compilation time.
29-Nov-2017 23:33:56.344 INFO [http-nio-8080-exec-138] org.apache.catalina.startup.HostConfig.deployDescriptor Deployment of configuration descriptor [C:\Users\cagla\Desktop\apache-tomcat-9.0.1\conf\Catalina\localhost\DrugStoreSystem.xml] has finished in [454] ms
29-Nov-2017 23:33:56.348 INFO [http-nio-8080-exec-135] org.apache.catalina.util.LifecycleBase.start The start() method was called on component [StandardEngine[Catalina].StandardHost[localhost].StandardContext[/DrugStoreSystem]] after start() had already been called. The second call will be ignored.
29-Nov-2017 23:34:58.860 INFO [http-nio-8080-exec-137] org.apache.catalina.startup.HostConfig.undeploy Undeploying context [/DrugStoreSystem]
29-Nov-2017 23:34:58.962 INFO [http-nio-8080-exec-144] org.apache.catalina.startup.HostConfig.deployDescriptor Deploying configuration descriptor [C:\Users\cagla\Desktop\apache-tomcat-9.0.1\conf\Catalina\localhost\DrugStoreSystem.xml]
29-Nov-2017 23:34:59.715 INFO [http-nio-8080-exec-144] org.apache.jasper.servlet.TldScanner.scanJars At least one JAR was scanned for TLDs yet contained no TLDs. Enable debug logging for this logger for a complete list of JARs that were scanned but no TLDs were found in them. Skipping unneeded JARs during scanning can improve startup time and JSP compilation time.
29-Nov-2017 23:34:59.719 INFO [http-nio-8080-exec-144] org.apache.catalina.startup.HostConfig.deployDescriptor Deployment of configuration descriptor [C:\Users\cagla\Desktop\apache-tomcat-9.0.1\conf\Catalina\localhost\DrugStoreSystem.xml] has finished in [833] ms
29-Nov-2017 23:34:59.725 INFO [http-nio-8080-exec-142] org.apache.catalina.util.LifecycleBase.start The start() method was called on component [StandardEngine[Catalina].StandardHost[localhost].StandardContext[/DrugStoreSystem]] after start() had already been called. The second call will be ignored.
29-Nov-2017 23:35:53.332 INFO [http-nio-8080-exec-149] org.apache.catalina.startup.HostConfig.undeploy Undeploying context [/DrugStoreSystem]
29-Nov-2017 23:35:53.361 INFO [http-nio-8080-exec-151] org.apache.catalina.startup.HostConfig.deployDescriptor Deploying configuration descriptor [C:\Users\cagla\Desktop\apache-tomcat-9.0.1\conf\Catalina\localhost\DrugStoreSystem.xml]
29-Nov-2017 23:35:53.926 INFO [http-nio-8080-exec-151] org.apache.jasper.servlet.TldScanner.scanJars At least one JAR was scanned for TLDs yet contained no TLDs. Enable debug logging for this logger for a complete list of JARs that were scanned but no TLDs were found in them. Skipping unneeded JARs during scanning can improve startup time and JSP compilation time.
29-Nov-2017 23:35:53.930 INFO [http-nio-8080-exec-151] org.apache.catalina.startup.HostConfig.deployDescriptor Deployment of configuration descriptor [C:\Users\cagla\Desktop\apache-tomcat-9.0.1\conf\Catalina\localhost\DrugStoreSystem.xml] has finished in [568] ms
29-Nov-2017 23:35:53.933 INFO [http-nio-8080-exec-147] org.apache.catalina.util.LifecycleBase.start The start() method was called on component [StandardEngine[Catalina].StandardHost[localhost].StandardContext[/DrugStoreSystem]] after start() had already been called. The second call will be ignored.
29-Nov-2017 23:37:34.439 INFO [http-nio-8080-exec-150] org.apache.catalina.startup.HostConfig.undeploy Undeploying context [/DrugStoreSystem]
29-Nov-2017 23:37:34.452 INFO [http-nio-8080-exec-144] org.apache.catalina.startup.HostConfig.deployDescriptor Deploying configuration descriptor [C:\Users\cagla\Desktop\apache-tomcat-9.0.1\conf\Catalina\localhost\DrugStoreSystem.xml]
29-Nov-2017 23:37:34.963 INFO [http-nio-8080-exec-144] org.apache.jasper.servlet.TldScanner.scanJars At least one JAR was scanned for TLDs yet contained no TLDs. Enable debug logging for this logger for a complete list of JARs that were scanned but no TLDs were found in them. Skipping unneeded JARs during scanning can improve startup time and JSP compilation time.
29-Nov-2017 23:37:34.967 INFO [http-nio-8080-exec-144] org.apache.catalina.startup.HostConfig.deployDescriptor Deployment of configuration descriptor [C:\Users\cagla\Desktop\apache-tomcat-9.0.1\conf\Catalina\localhost\DrugStoreSystem.xml] has finished in [515] ms
29-Nov-2017 23:37:34.976 INFO [http-nio-8080-exec-158] org.apache.catalina.util.LifecycleBase.start The start() method was called on component [StandardEngine[Catalina].StandardHost[localhost].StandardContext[/DrugStoreSystem]] after start() had already been called. The second call will be ignored.
29-Nov-2017 23:38:35.786 INFO [http-nio-8080-exec-162] org.apache.catalina.startup.HostConfig.undeploy Undeploying context [/DrugStoreSystem]
29-Nov-2017 23:38:35.799 INFO [http-nio-8080-exec-155] org.apache.catalina.startup.HostConfig.deployDescriptor Deploying configuration descriptor [C:\Users\cagla\Desktop\apache-tomcat-9.0.1\conf\Catalina\localhost\DrugStoreSystem.xml]
29-Nov-2017 23:38:36.250 INFO [http-nio-8080-exec-155] org.apache.jasper.servlet.TldScanner.scanJars At least one JAR was scanned for TLDs yet contained no TLDs. Enable debug logging for this logger for a complete list of JARs that were scanned but no TLDs were found in them. Skipping unneeded JARs during scanning can improve startup time and JSP compilation time.
29-Nov-2017 23:38:36.252 INFO [http-nio-8080-exec-155] org.apache.catalina.startup.HostConfig.deployDescriptor Deployment of configuration descriptor [C:\Users\cagla\Desktop\apache-tomcat-9.0.1\conf\Catalina\localhost\DrugStoreSystem.xml] has finished in [453] ms
29-Nov-2017 23:38:36.255 INFO [http-nio-8080-exec-166] org.apache.catalina.util.LifecycleBase.start The start() method was called on component [StandardEngine[Catalina].StandardHost[localhost].StandardContext[/DrugStoreSystem]] after start() had already been called. The second call will be ignored.
29-Nov-2017 23:41:49.592 INFO [http-nio-8080-exec-173] org.apache.catalina.startup.HostConfig.undeploy Undeploying context [/DrugStoreSystem]
29-Nov-2017 23:41:49.608 INFO [http-nio-8080-exec-174] org.apache.catalina.startup.HostConfig.deployDescriptor Deploying configuration descriptor [C:\Users\cagla\Desktop\apache-tomcat-9.0.1\conf\Catalina\localhost\DrugStoreSystem.xml]
29-Nov-2017 23:41:50.161 INFO [http-nio-8080-exec-174] org.apache.jasper.servlet.TldScanner.scanJars At least one JAR was scanned for TLDs yet contained no TLDs. Enable debug logging for this logger for a complete list of JARs that were scanned but no TLDs were found in them. Skipping unneeded JARs during scanning can improve startup time and JSP compilation time.
29-Nov-2017 23:41:50.164 INFO [http-nio-8080-exec-174] org.apache.catalina.startup.HostConfig.deployDescriptor Deployment of configuration descriptor [C:\Users\cagla\Desktop\apache-tomcat-9.0.1\conf\Catalina\localhost\DrugStoreSystem.xml] has finished in [557] ms
29-Nov-2017 23:41:50.168 INFO [http-nio-8080-exec-172] org.apache.catalina.util.LifecycleBase.start The start() method was called on component [StandardEngine[Catalina].StandardHost[localhost].StandardContext[/DrugStoreSystem]] after start() had already been called. The second call will be ignored.
29-Nov-2017 23:43:57.437 INFO [http-nio-8080-exec-155] org.apache.catalina.startup.HostConfig.undeploy Undeploying context [/DrugStoreSystem]
29-Nov-2017 23:43:57.451 INFO [http-nio-8080-exec-177] org.apache.catalina.startup.HostConfig.deployDescriptor Deploying configuration descriptor [C:\Users\cagla\Desktop\apache-tomcat-9.0.1\conf\Catalina\localhost\DrugStoreSystem.xml]
29-Nov-2017 23:43:57.954 INFO [http-nio-8080-exec-177] org.apache.jasper.servlet.TldScanner.scanJars At least one JAR was scanned for TLDs yet contained no TLDs. Enable debug logging for this logger for a complete list of JARs that were scanned but no TLDs were found in them. Skipping unneeded JARs during scanning can improve startup time and JSP compilation time.
29-Nov-2017 23:43:57.957 INFO [http-nio-8080-exec-177] org.apache.catalina.startup.HostConfig.deployDescriptor Deployment of configuration descriptor [C:\Users\cagla\Desktop\apache-tomcat-9.0.1\conf\Catalina\localhost\DrugStoreSystem.xml] has finished in [506] ms
29-Nov-2017 23:43:57.960 INFO [http-nio-8080-exec-171] org.apache.catalina.util.LifecycleBase.start The start() method was called on component [StandardEngine[Catalina].StandardHost[localhost].StandardContext[/DrugStoreSystem]] after start() had already been called. The second call will be ignored.
29-Nov-2017 23:44:43.369 INFO [http-nio-8080-exec-166] org.apache.catalina.startup.HostConfig.undeploy Undeploying context [/DrugStoreSystem]
29-Nov-2017 23:44:43.385 INFO [http-nio-8080-exec-184] org.apache.catalina.startup.HostConfig.deployDescriptor Deploying configuration descriptor [C:\Users\cagla\Desktop\apache-tomcat-9.0.1\conf\Catalina\localhost\DrugStoreSystem.xml]
29-Nov-2017 23:44:43.912 INFO [http-nio-8080-exec-184] org.apache.jasper.servlet.TldScanner.scanJars At least one JAR was scanned for TLDs yet contained no TLDs. Enable debug logging for this logger for a complete list of JARs that were scanned but no TLDs were found in them. Skipping unneeded JARs during scanning can improve startup time and JSP compilation time.
29-Nov-2017 23:44:43.916 INFO [http-nio-8080-exec-184] org.apache.catalina.startup.HostConfig.deployDescriptor Deployment of configuration descriptor [C:\Users\cagla\Desktop\apache-tomcat-9.0.1\conf\Catalina\localhost\DrugStoreSystem.xml] has finished in [531] ms
29-Nov-2017 23:44:43.918 INFO [http-nio-8080-exec-176] org.apache.catalina.util.LifecycleBase.start The start() method was called on component [StandardEngine[Catalina].StandardHost[localhost].StandardContext[/DrugStoreSystem]] after start() had already been called. The second call will be ignored.
29-Nov-2017 23:47:04.390 INFO [http-nio-8080-exec-189] org.apache.catalina.startup.HostConfig.undeploy Undeploying context [/DrugStoreSystem]
29-Nov-2017 23:47:04.419 INFO [http-nio-8080-exec-191] org.apache.catalina.startup.HostConfig.deployDescriptor Deploying configuration descriptor [C:\Users\cagla\Desktop\apache-tomcat-9.0.1\conf\Catalina\localhost\DrugStoreSystem.xml]
29-Nov-2017 23:47:04.915 INFO [http-nio-8080-exec-191] org.apache.jasper.servlet.TldScanner.scanJars At least one JAR was scanned for TLDs yet contained no TLDs. Enable debug logging for this logger for a complete list of JARs that were scanned but no TLDs were found in them. Skipping unneeded JARs during scanning can improve startup time and JSP compilation time.
29-Nov-2017 23:47:04.919 INFO [http-nio-8080-exec-191] org.apache.catalina.startup.HostConfig.deployDescriptor Deployment of configuration descriptor [C:\Users\cagla\Desktop\apache-tomcat-9.0.1\conf\Catalina\localhost\DrugStoreSystem.xml] has finished in [500] ms
29-Nov-2017 23:47:04.922 INFO [http-nio-8080-exec-188] org.apache.catalina.util.LifecycleBase.start The start() method was called on component [StandardEngine[Catalina].StandardHost[localhost].StandardContext[/DrugStoreSystem]] after start() had already been called. The second call will be ignored.
29-Nov-2017 23:52:10.983 INFO [http-nio-8080-exec-195] org.apache.catalina.startup.HostConfig.undeploy Undeploying context [/DrugStoreSystem]
29-Nov-2017 23:52:11.022 INFO [http-nio-8080-exec-194] org.apache.catalina.startup.HostConfig.deployDescriptor Deploying configuration descriptor [C:\Users\cagla\Desktop\apache-tomcat-9.0.1\conf\Catalina\localhost\DrugStoreSystem.xml]
29-Nov-2017 23:52:12.434 INFO [http-nio-8080-exec-194] org.apache.jasper.servlet.TldScanner.scanJars At least one JAR was scanned for TLDs yet contained no TLDs. Enable debug logging for this logger for a complete list of JARs that were scanned but no TLDs were found in them. Skipping unneeded JARs during scanning can improve startup time and JSP compilation time.
29-Nov-2017 23:52:12.440 INFO [http-nio-8080-exec-194] org.apache.catalina.startup.HostConfig.deployDescriptor Deployment of configuration descriptor [C:\Users\cagla\Desktop\apache-tomcat-9.0.1\conf\Catalina\localhost\DrugStoreSystem.xml] has finished in [1,417] ms
29-Nov-2017 23:52:12.446 INFO [http-nio-8080-exec-203] org.apache.catalina.util.LifecycleBase.start The start() method was called on component [StandardEngine[Catalina].StandardHost[localhost].StandardContext[/DrugStoreSystem]] after start() had already been called. The second call will be ignored.
29-Nov-2017 23:55:43.794 INFO [http-nio-8080-exec-208] org.apache.catalina.startup.HostConfig.undeploy Undeploying context [/DrugStoreSystem]
29-Nov-2017 23:55:43.811 INFO [http-nio-8080-exec-209] org.apache.catalina.startup.HostConfig.deployDescriptor Deploying configuration descriptor [C:\Users\cagla\Desktop\apache-tomcat-9.0.1\conf\Catalina\localhost\DrugStoreSystem.xml]
29-Nov-2017 23:55:44.359 INFO [http-nio-8080-exec-209] org.apache.jasper.servlet.TldScanner.scanJars At least one JAR was scanned for TLDs yet contained no TLDs. Enable debug logging for this logger for a complete list of JARs that were scanned but no TLDs were found in them. Skipping unneeded JARs during scanning can improve startup time and JSP compilation time.
29-Nov-2017 23:55:44.363 INFO [http-nio-8080-exec-209] org.apache.catalina.startup.HostConfig.deployDescriptor Deployment of configuration descriptor [C:\Users\cagla\Desktop\apache-tomcat-9.0.1\conf\Catalina\localhost\DrugStoreSystem.xml] has finished in [552] ms
29-Nov-2017 23:55:44.368 INFO [http-nio-8080-exec-206] org.apache.catalina.util.LifecycleBase.start The start() method was called on component [StandardEngine[Catalina].StandardHost[localhost].StandardContext[/DrugStoreSystem]] after start() had already been called. The second call will be ignored.
