21-Nov-2017 09:24:22.495 INFO [main] org.apache.catalina.startup.VersionLoggerListener.log Server version:        Apache Tomcat/9.0.1
21-Nov-2017 09:24:22.511 INFO [main] org.apache.catalina.startup.VersionLoggerListener.log Server built:          Sep 27 2017 17:31:52 UTC
21-Nov-2017 09:24:22.511 INFO [main] org.apache.catalina.startup.VersionLoggerListener.log Server number:         9.0.1.0
21-Nov-2017 09:24:22.511 INFO [main] org.apache.catalina.startup.VersionLoggerListener.log OS Name:               Windows 7
21-Nov-2017 09:24:22.511 INFO [main] org.apache.catalina.startup.VersionLoggerListener.log OS Version:            6.1
21-Nov-2017 09:24:22.511 INFO [main] org.apache.catalina.startup.VersionLoggerListener.log Architecture:          amd64
21-Nov-2017 09:24:22.511 INFO [main] org.apache.catalina.startup.VersionLoggerListener.log Java Home:             C:\Program Files\Java\jdk1.8.0_151\jre
21-Nov-2017 09:24:22.511 INFO [main] org.apache.catalina.startup.VersionLoggerListener.log JVM Version:           1.8.0_151-b12
21-Nov-2017 09:24:22.511 INFO [main] org.apache.catalina.startup.VersionLoggerListener.log JVM Vendor:            Oracle Corporation
21-Nov-2017 09:24:22.511 INFO [main] org.apache.catalina.startup.VersionLoggerListener.log CATALINA_BASE:         C:\Users\cagla\Downloads\apache-tomcat-9.0.1
21-Nov-2017 09:24:22.511 INFO [main] org.apache.catalina.startup.VersionLoggerListener.log CATALINA_HOME:         C:\Users\cagla\Downloads\apache-tomcat-9.0.1
21-Nov-2017 09:24:22.511 INFO [main] org.apache.catalina.startup.VersionLoggerListener.log Command line argument: -Djava.util.logging.config.file=C:\Users\cagla\Downloads\apache-tomcat-9.0.1\conf\logging.properties
21-Nov-2017 09:24:22.511 INFO [main] org.apache.catalina.startup.VersionLoggerListener.log Command line argument: -Djava.util.logging.manager=org.apache.juli.ClassLoaderLogManager
21-Nov-2017 09:24:22.511 INFO [main] org.apache.catalina.startup.VersionLoggerListener.log Command line argument: -Dhttp.nonProxyHosts=localhost|127.0.0.1|caglapc
21-Nov-2017 09:24:22.511 INFO [main] org.apache.catalina.startup.VersionLoggerListener.log Command line argument: -Djdk.tls.ephemeralDHKeySize=2048
21-Nov-2017 09:24:22.511 INFO [main] org.apache.catalina.startup.VersionLoggerListener.log Command line argument: -Djava.protocol.handler.pkgs=org.apache.catalina.webresources
21-Nov-2017 09:24:22.511 INFO [main] org.apache.catalina.startup.VersionLoggerListener.log Command line argument: -Dcatalina.base=C:\Users\cagla\Downloads\apache-tomcat-9.0.1
21-Nov-2017 09:24:22.511 INFO [main] org.apache.catalina.startup.VersionLoggerListener.log Command line argument: -Dcatalina.home=C:\Users\cagla\Downloads\apache-tomcat-9.0.1
21-Nov-2017 09:24:22.511 INFO [main] org.apache.catalina.startup.VersionLoggerListener.log Command line argument: -Djava.io.tmpdir=C:\Users\cagla\Downloads\apache-tomcat-9.0.1\temp
21-Nov-2017 09:24:22.511 INFO [main] org.apache.catalina.core.AprLifecycleListener.lifecycleEvent Loaded APR based Apache Tomcat Native library [1.2.14] using APR version [1.6.2].
21-Nov-2017 09:24:22.511 INFO [main] org.apache.catalina.core.AprLifecycleListener.lifecycleEvent APR capabilities: IPv6 [true], sendfile [true], accept filters [false], random [true].
21-Nov-2017 09:24:22.511 INFO [main] org.apache.catalina.core.AprLifecycleListener.lifecycleEvent APR/OpenSSL configuration: useAprConnector [false], useOpenSSL [true]
21-Nov-2017 09:24:23.509 INFO [main] org.apache.catalina.core.AprLifecycleListener.initializeSSL OpenSSL successfully initialized [OpenSSL 1.0.2l  25 May 2017]
21-Nov-2017 09:24:24.086 INFO [main] org.apache.coyote.AbstractProtocol.init Initializing ProtocolHandler ["http-nio-8080"]
21-Nov-2017 09:24:24.539 INFO [main] org.apache.tomcat.util.net.NioSelectorPool.getSharedSelector Using a shared selector for servlet write/read
21-Nov-2017 09:24:24.601 INFO [main] org.apache.coyote.AbstractProtocol.init Initializing ProtocolHandler ["ajp-nio-8009"]
21-Nov-2017 09:24:24.601 INFO [main] org.apache.tomcat.util.net.NioSelectorPool.getSharedSelector Using a shared selector for servlet write/read
21-Nov-2017 09:24:24.601 INFO [main] org.apache.catalina.startup.Catalina.load Initialization processed in 6115 ms
21-Nov-2017 09:24:25.116 INFO [main] org.apache.catalina.core.StandardService.startInternal Starting service [Catalina]
21-Nov-2017 09:24:25.116 INFO [main] org.apache.catalina.core.StandardEngine.startInternal Starting Servlet Engine: Apache Tomcat/9.0.1
21-Nov-2017 09:24:25.147 INFO [main] org.apache.catalina.startup.HostConfig.deployDescriptor Deploying configuration descriptor [C:\Users\cagla\Downloads\apache-tomcat-9.0.1\conf\Catalina\localhost\DrugStore.xml]
21-Nov-2017 09:24:25.334 SEVERE [main] org.apache.catalina.core.ContainerBase.addChildInternal ContainerBase.addChild: start: 
 org.apache.catalina.LifecycleException: Failed to start component [org.apache.catalina.webresources.StandardRoot@29b5cd00]
	at org.apache.catalina.util.LifecycleBase.handleSubClassException(LifecycleBase.java:441)
	at org.apache.catalina.util.LifecycleBase.start(LifecycleBase.java:198)
	at org.apache.catalina.core.StandardContext.resourcesStart(StandardContext.java:4758)
	at org.apache.catalina.core.StandardContext.startInternal(StandardContext.java:4893)
	at org.apache.catalina.util.LifecycleBase.start(LifecycleBase.java:183)
	at org.apache.catalina.core.ContainerBase.addChildInternal(ContainerBase.java:740)
	at org.apache.catalina.core.ContainerBase.addChild(ContainerBase.java:716)
	at org.apache.catalina.core.StandardHost.addChild(StandardHost.java:703)
	at org.apache.catalina.startup.HostConfig.deployDescriptor(HostConfig.java:620)
	at org.apache.catalina.startup.HostConfig$DeployDescriptor.run(HostConfig.java:1832)
	at java.util.concurrent.Executors$RunnableAdapter.call(Executors.java:511)
	at java.util.concurrent.FutureTask.run(FutureTask.java:266)
	at org.apache.tomcat.util.threads.InlineExecutorService.execute(InlineExecutorService.java:75)
	at java.util.concurrent.AbstractExecutorService.submit(AbstractExecutorService.java:112)
	at org.apache.catalina.startup.HostConfig.deployDescriptors(HostConfig.java:530)
	at org.apache.catalina.startup.HostConfig.deployApps(HostConfig.java:429)
	at org.apache.catalina.startup.HostConfig.start(HostConfig.java:1578)
	at org.apache.catalina.startup.HostConfig.lifecycleEvent(HostConfig.java:308)
	at org.apache.catalina.util.LifecycleBase.fireLifecycleEvent(LifecycleBase.java:123)
	at org.apache.catalina.util.LifecycleBase.setStateInternal(LifecycleBase.java:424)
	at org.apache.catalina.util.LifecycleBase.setState(LifecycleBase.java:367)
	at org.apache.catalina.core.ContainerBase.startInternal(ContainerBase.java:964)
	at org.apache.catalina.core.StandardHost.startInternal(StandardHost.java:839)
	at org.apache.catalina.util.LifecycleBase.start(LifecycleBase.java:183)
	at org.apache.catalina.core.ContainerBase$StartChild.call(ContainerBase.java:1425)
	at org.apache.catalina.core.ContainerBase$StartChild.call(ContainerBase.java:1415)
	at java.util.concurrent.FutureTask.run(FutureTask.java:266)
	at org.apache.tomcat.util.threads.InlineExecutorService.execute(InlineExecutorService.java:75)
	at java.util.concurrent.AbstractExecutorService.submit(AbstractExecutorService.java:134)
	at org.apache.catalina.core.ContainerBase.startInternal(ContainerBase.java:941)
	at org.apache.catalina.core.StandardEngine.startInternal(StandardEngine.java:258)
	at org.apache.catalina.util.LifecycleBase.start(LifecycleBase.java:183)
	at org.apache.catalina.core.StandardService.startInternal(StandardService.java:422)
	at org.apache.catalina.util.LifecycleBase.start(LifecycleBase.java:183)
	at org.apache.catalina.core.StandardServer.startInternal(StandardServer.java:770)
	at org.apache.catalina.util.LifecycleBase.start(LifecycleBase.java:183)
	at org.apache.catalina.startup.Catalina.start(Catalina.java:671)
	at sun.reflect.NativeMethodAccessorImpl.invoke0(Native Method)
	at sun.reflect.NativeMethodAccessorImpl.invoke(NativeMethodAccessorImpl.java:62)
	at sun.reflect.DelegatingMethodAccessorImpl.invoke(DelegatingMethodAccessorImpl.java:43)
	at java.lang.reflect.Method.invoke(Method.java:498)
	at org.apache.catalina.startup.Bootstrap.start(Bootstrap.java:355)
	at org.apache.catalina.startup.Bootstrap.main(Bootstrap.java:495)
Caused by: java.lang.IllegalArgumentException: The main resource set specified [C:\Users\cagla\Documents\NetBeansProjects\DrugStore\build\web] is not valid
	at org.apache.catalina.webresources.StandardRoot.createMainResourceSet(StandardRoot.java:749)
	at org.apache.catalina.webresources.StandardRoot.startInternal(StandardRoot.java:706)
	at org.apache.catalina.util.LifecycleBase.start(LifecycleBase.java:183)
	... 41 more

21-Nov-2017 09:24:25.334 SEVERE [main] org.apache.catalina.startup.HostConfig.deployDescriptor Error deploying configuration descriptor [C:\Users\cagla\Downloads\apache-tomcat-9.0.1\conf\Catalina\localhost\DrugStore.xml]
 java.lang.IllegalStateException: ContainerBase.addChild: start: org.apache.catalina.LifecycleException: Failed to start component [org.apache.catalina.webresources.StandardRoot@29b5cd00]
	at org.apache.catalina.core.ContainerBase.addChildInternal(ContainerBase.java:744)
	at org.apache.catalina.core.ContainerBase.addChild(ContainerBase.java:716)
	at org.apache.catalina.core.StandardHost.addChild(StandardHost.java:703)
	at org.apache.catalina.startup.HostConfig.deployDescriptor(HostConfig.java:620)
	at org.apache.catalina.startup.HostConfig$DeployDescriptor.run(HostConfig.java:1832)
	at java.util.concurrent.Executors$RunnableAdapter.call(Executors.java:511)
	at java.util.concurrent.FutureTask.run(FutureTask.java:266)
	at org.apache.tomcat.util.threads.InlineExecutorService.execute(InlineExecutorService.java:75)
	at java.util.concurrent.AbstractExecutorService.submit(AbstractExecutorService.java:112)
	at org.apache.catalina.startup.HostConfig.deployDescriptors(HostConfig.java:530)
	at org.apache.catalina.startup.HostConfig.deployApps(HostConfig.java:429)
	at org.apache.catalina.startup.HostConfig.start(HostConfig.java:1578)
	at org.apache.catalina.startup.HostConfig.lifecycleEvent(HostConfig.java:308)
	at org.apache.catalina.util.LifecycleBase.fireLifecycleEvent(LifecycleBase.java:123)
	at org.apache.catalina.util.LifecycleBase.setStateInternal(LifecycleBase.java:424)
	at org.apache.catalina.util.LifecycleBase.setState(LifecycleBase.java:367)
	at org.apache.catalina.core.ContainerBase.startInternal(ContainerBase.java:964)
	at org.apache.catalina.core.StandardHost.startInternal(StandardHost.java:839)
	at org.apache.catalina.util.LifecycleBase.start(LifecycleBase.java:183)
	at org.apache.catalina.core.ContainerBase$StartChild.call(ContainerBase.java:1425)
	at org.apache.catalina.core.ContainerBase$StartChild.call(ContainerBase.java:1415)
	at java.util.concurrent.FutureTask.run(FutureTask.java:266)
	at org.apache.tomcat.util.threads.InlineExecutorService.execute(InlineExecutorService.java:75)
	at java.util.concurrent.AbstractExecutorService.submit(AbstractExecutorService.java:134)
	at org.apache.catalina.core.ContainerBase.startInternal(ContainerBase.java:941)
	at org.apache.catalina.core.StandardEngine.startInternal(StandardEngine.java:258)
	at org.apache.catalina.util.LifecycleBase.start(LifecycleBase.java:183)
	at org.apache.catalina.core.StandardService.startInternal(StandardService.java:422)
	at org.apache.catalina.util.LifecycleBase.start(LifecycleBase.java:183)
	at org.apache.catalina.core.StandardServer.startInternal(StandardServer.java:770)
	at org.apache.catalina.util.LifecycleBase.start(LifecycleBase.java:183)
	at org.apache.catalina.startup.Catalina.start(Catalina.java:671)
	at sun.reflect.NativeMethodAccessorImpl.invoke0(Native Method)
	at sun.reflect.NativeMethodAccessorImpl.invoke(NativeMethodAccessorImpl.java:62)
	at sun.reflect.DelegatingMethodAccessorImpl.invoke(DelegatingMethodAccessorImpl.java:43)
	at java.lang.reflect.Method.invoke(Method.java:498)
	at org.apache.catalina.startup.Bootstrap.start(Bootstrap.java:355)
	at org.apache.catalina.startup.Bootstrap.main(Bootstrap.java:495)

21-Nov-2017 09:24:25.381 INFO [main] org.apache.catalina.startup.HostConfig.deployDescriptor Deployment of configuration descriptor [C:\Users\cagla\Downloads\apache-tomcat-9.0.1\conf\Catalina\localhost\DrugStore.xml] has finished in [234] ms
21-Nov-2017 09:24:25.381 INFO [main] org.apache.catalina.startup.HostConfig.deployDirectory Deploying web application directory [C:\Users\cagla\Downloads\apache-tomcat-9.0.1\webapps\docs]
21-Nov-2017 09:24:25.989 INFO [main] org.apache.catalina.startup.HostConfig.deployDirectory Deployment of web application directory [C:\Users\cagla\Downloads\apache-tomcat-9.0.1\webapps\docs] has finished in [608] ms
21-Nov-2017 09:24:25.989 INFO [main] org.apache.catalina.startup.HostConfig.deployDirectory Deploying web application directory [C:\Users\cagla\Downloads\apache-tomcat-9.0.1\webapps\examples]
21-Nov-2017 09:24:31.736 INFO [main] org.apache.catalina.startup.HostConfig.deployDirectory Deployment of web application directory [C:\Users\cagla\Downloads\apache-tomcat-9.0.1\webapps\examples] has finished in [5,747] ms
21-Nov-2017 09:24:31.736 INFO [main] org.apache.catalina.startup.HostConfig.deployDirectory Deploying web application directory [C:\Users\cagla\Downloads\apache-tomcat-9.0.1\webapps\host-manager]
21-Nov-2017 09:24:32.186 INFO [main] org.apache.catalina.startup.HostConfig.deployDirectory Deployment of web application directory [C:\Users\cagla\Downloads\apache-tomcat-9.0.1\webapps\host-manager] has finished in [450] ms
21-Nov-2017 09:24:32.186 INFO [main] org.apache.catalina.startup.HostConfig.deployDirectory Deploying web application directory [C:\Users\cagla\Downloads\apache-tomcat-9.0.1\webapps\manager]
21-Nov-2017 09:24:32.436 INFO [main] org.apache.catalina.startup.HostConfig.deployDirectory Deployment of web application directory [C:\Users\cagla\Downloads\apache-tomcat-9.0.1\webapps\manager] has finished in [250] ms
21-Nov-2017 09:24:32.436 INFO [main] org.apache.catalina.startup.HostConfig.deployDirectory Deploying web application directory [C:\Users\cagla\Downloads\apache-tomcat-9.0.1\webapps\ROOT]
21-Nov-2017 09:24:32.794 INFO [main] org.apache.catalina.startup.HostConfig.deployDirectory Deployment of web application directory [C:\Users\cagla\Downloads\apache-tomcat-9.0.1\webapps\ROOT] has finished in [358] ms
21-Nov-2017 09:24:32.794 INFO [main] org.apache.coyote.AbstractProtocol.start Starting ProtocolHandler ["http-nio-8080"]
21-Nov-2017 09:24:32.810 INFO [main] org.apache.coyote.AbstractProtocol.start Starting ProtocolHandler ["ajp-nio-8009"]
21-Nov-2017 09:24:32.919 INFO [main] org.apache.catalina.startup.Catalina.start Server startup in 8325 ms
21-Nov-2017 09:24:42.895 INFO [http-nio-8080-exec-2] org.apache.catalina.startup.HostConfig.deployDescriptor Deploying configuration descriptor [C:\Users\cagla\Downloads\apache-tomcat-9.0.1\conf\Catalina\localhost\DrugStoreSystem.xml]
21-Nov-2017 09:24:42.973 INFO [http-nio-8080-exec-2] org.apache.catalina.startup.HostConfig.deployDescriptor Deployment of configuration descriptor [C:\Users\cagla\Downloads\apache-tomcat-9.0.1\conf\Catalina\localhost\DrugStoreSystem.xml] has finished in [78] ms
21-Nov-2017 09:24:42.988 INFO [http-nio-8080-exec-4] org.apache.catalina.util.LifecycleBase.start The start() method was called on component [StandardEngine[Catalina].StandardHost[localhost].StandardContext[/DrugStoreSystem]] after start() had already been called. The second call will be ignored.
21-Nov-2017 09:29:46.123 INFO [http-nio-8080-exec-9] org.apache.catalina.core.StandardContext.reload Reloading Context with name [/DrugStoreSystem] has started
21-Nov-2017 09:29:46.248 INFO [http-nio-8080-exec-9] org.apache.catalina.core.StandardContext.reload Reloading Context with name [/DrugStoreSystem] is completed
21-Nov-2017 09:35:29.572 INFO [http-nio-8080-exec-12] org.apache.catalina.core.StandardContext.reload Reloading Context with name [/DrugStoreSystem] has started
21-Nov-2017 09:35:29.654 INFO [http-nio-8080-exec-12] org.apache.catalina.core.StandardContext.reload Reloading Context with name [/DrugStoreSystem] is completed
21-Nov-2017 09:35:32.393 INFO [http-nio-8080-exec-13] org.apache.catalina.core.StandardContext.reload Reloading Context with name [/DrugStoreSystem] has started
21-Nov-2017 09:35:32.435 INFO [http-nio-8080-exec-13] org.apache.catalina.core.StandardContext.reload Reloading Context with name [/DrugStoreSystem] is completed
21-Nov-2017 09:39:31.754 INFO [http-nio-8080-exec-28] org.apache.catalina.startup.HostConfig.undeploy Undeploying context [/DrugStoreSystem]
21-Nov-2017 10:38:41.655 INFO [http-nio-8080-exec-36] org.apache.catalina.startup.HostConfig.deployDescriptor Deploying configuration descriptor [C:\Users\cagla\Downloads\apache-tomcat-9.0.1\conf\Catalina\localhost\DrugStoreSystem.xml]
21-Nov-2017 10:38:41.702 INFO [http-nio-8080-exec-36] org.apache.catalina.startup.HostConfig.deployDescriptor Deployment of configuration descriptor [C:\Users\cagla\Downloads\apache-tomcat-9.0.1\conf\Catalina\localhost\DrugStoreSystem.xml] has finished in [47] ms
21-Nov-2017 10:38:41.717 INFO [http-nio-8080-exec-37] org.apache.catalina.util.LifecycleBase.start The start() method was called on component [StandardEngine[Catalina].StandardHost[localhost].StandardContext[/DrugStoreSystem]] after start() had already been called. The second call will be ignored.
21-Nov-2017 10:39:20.518 INFO [http-nio-8080-exec-30] org.apache.catalina.startup.HostConfig.undeploy Undeploying context [/DrugStoreSystem]
21-Nov-2017 10:39:20.549 INFO [http-nio-8080-exec-37] org.apache.catalina.startup.HostConfig.deployDescriptor Deploying configuration descriptor [C:\Users\cagla\Downloads\apache-tomcat-9.0.1\conf\Catalina\localhost\DrugStoreSystem.xml]
21-Nov-2017 10:39:20.643 INFO [http-nio-8080-exec-37] org.apache.catalina.startup.HostConfig.deployDescriptor Deployment of configuration descriptor [C:\Users\cagla\Downloads\apache-tomcat-9.0.1\conf\Catalina\localhost\DrugStoreSystem.xml] has finished in [94] ms
21-Nov-2017 10:39:20.643 INFO [http-nio-8080-exec-33] org.apache.catalina.util.LifecycleBase.start The start() method was called on component [StandardEngine[Catalina].StandardHost[localhost].StandardContext[/DrugStoreSystem]] after start() had already been called. The second call will be ignored.
21-Nov-2017 10:40:13.967 INFO [http-nio-8080-exec-44] org.apache.catalina.startup.HostConfig.undeploy Undeploying context [/DrugStoreSystem]
21-Nov-2017 10:40:14.052 INFO [http-nio-8080-exec-41] org.apache.catalina.startup.HostConfig.deployDescriptor Deploying configuration descriptor [C:\Users\cagla\Downloads\apache-tomcat-9.0.1\conf\Catalina\localhost\DrugStoreSystem.xml]
21-Nov-2017 10:40:14.068 INFO [http-nio-8080-exec-41] org.apache.catalina.startup.HostConfig.deployDescriptor Deployment of configuration descriptor [C:\Users\cagla\Downloads\apache-tomcat-9.0.1\conf\Catalina\localhost\DrugStoreSystem.xml] has finished in [16] ms
21-Nov-2017 10:40:14.130 INFO [http-nio-8080-exec-40] org.apache.catalina.util.LifecycleBase.start The start() method was called on component [StandardEngine[Catalina].StandardHost[localhost].StandardContext[/DrugStoreSystem]] after start() had already been called. The second call will be ignored.
21-Nov-2017 10:40:33.611 INFO [http-nio-8080-exec-47] org.apache.catalina.core.StandardContext.reload Reloading Context with name [/DrugStoreSystem] has started
21-Nov-2017 10:40:33.627 INFO [http-nio-8080-exec-47] org.apache.catalina.core.StandardContext.reload Reloading Context with name [/DrugStoreSystem] is completed
21-Nov-2017 10:41:27.817 INFO [http-nio-8080-exec-52] org.apache.catalina.startup.HostConfig.undeploy Undeploying context [/DrugStoreSystem]
21-Nov-2017 10:41:27.833 INFO [http-nio-8080-exec-45] org.apache.catalina.startup.HostConfig.deployDescriptor Deploying configuration descriptor [C:\Users\cagla\Downloads\apache-tomcat-9.0.1\conf\Catalina\localhost\DrugStoreSystem.xml]
21-Nov-2017 10:41:27.849 INFO [http-nio-8080-exec-45] org.apache.catalina.startup.HostConfig.deployDescriptor Deployment of configuration descriptor [C:\Users\cagla\Downloads\apache-tomcat-9.0.1\conf\Catalina\localhost\DrugStoreSystem.xml] has finished in [16] ms
21-Nov-2017 10:41:27.864 INFO [http-nio-8080-exec-53] org.apache.catalina.util.LifecycleBase.start The start() method was called on component [StandardEngine[Catalina].StandardHost[localhost].StandardContext[/DrugStoreSystem]] after start() had already been called. The second call will be ignored.
21-Nov-2017 10:42:10.803 INFO [http-nio-8080-exec-47] org.apache.catalina.core.StandardContext.reload Reloading Context with name [/DrugStoreSystem] has started
21-Nov-2017 10:42:10.913 INFO [http-nio-8080-exec-47] org.apache.catalina.core.StandardContext.reload Reloading Context with name [/DrugStoreSystem] is completed
21-Nov-2017 10:42:11.332 INFO [http-nio-8080-exec-46] org.apache.catalina.core.StandardContext.reload Reloading Context with name [/DrugStoreSystem] has started
21-Nov-2017 10:42:11.430 INFO [http-nio-8080-exec-46] org.apache.catalina.core.StandardContext.reload Reloading Context with name [/DrugStoreSystem] is completed
21-Nov-2017 10:43:04.053 INFO [http-nio-8080-exec-57] org.apache.catalina.core.StandardContext.reload Reloading Context with name [/DrugStoreSystem] has started
21-Nov-2017 10:43:04.114 INFO [http-nio-8080-exec-57] org.apache.catalina.core.StandardContext.reload Reloading Context with name [/DrugStoreSystem] is completed
21-Nov-2017 10:43:48.906 INFO [http-nio-8080-exec-43] org.apache.catalina.startup.HostConfig.undeploy Undeploying context [/DrugStoreSystem]
21-Nov-2017 10:43:48.923 INFO [http-nio-8080-exec-62] org.apache.catalina.startup.HostConfig.deployDescriptor Deploying configuration descriptor [C:\Users\cagla\Downloads\apache-tomcat-9.0.1\conf\Catalina\localhost\DrugStoreSystem.xml]
21-Nov-2017 10:43:48.954 INFO [http-nio-8080-exec-62] org.apache.catalina.startup.HostConfig.deployDescriptor Deployment of configuration descriptor [C:\Users\cagla\Downloads\apache-tomcat-9.0.1\conf\Catalina\localhost\DrugStoreSystem.xml] has finished in [31] ms
21-Nov-2017 10:43:48.970 INFO [http-nio-8080-exec-58] org.apache.catalina.util.LifecycleBase.start The start() method was called on component [StandardEngine[Catalina].StandardHost[localhost].StandardContext[/DrugStoreSystem]] after start() had already been called. The second call will be ignored.
21-Nov-2017 10:46:34.509 INFO [http-nio-8080-exec-73] org.apache.catalina.startup.HostConfig.undeploy Undeploying context [/DrugStoreSystem]
21-Nov-2017 10:46:34.571 INFO [http-nio-8080-exec-65] org.apache.catalina.startup.HostConfig.deployDescriptor Deploying configuration descriptor [C:\Users\cagla\Downloads\apache-tomcat-9.0.1\conf\Catalina\localhost\DrugStoreSystem.xml]
21-Nov-2017 10:46:34.602 INFO [http-nio-8080-exec-65] org.apache.catalina.startup.HostConfig.deployDescriptor Deployment of configuration descriptor [C:\Users\cagla\Downloads\apache-tomcat-9.0.1\conf\Catalina\localhost\DrugStoreSystem.xml] has finished in [31] ms
21-Nov-2017 10:46:34.665 INFO [http-nio-8080-exec-68] org.apache.catalina.util.LifecycleBase.start The start() method was called on component [StandardEngine[Catalina].StandardHost[localhost].StandardContext[/DrugStoreSystem]] after start() had already been called. The second call will be ignored.
21-Nov-2017 10:51:20.774 INFO [http-nio-8080-exec-81] org.apache.catalina.core.StandardContext.reload Reloading Context with name [/DrugStoreSystem] has started
21-Nov-2017 10:51:20.913 INFO [138] org.apache.catalina.core.StandardContext.reload Reloading Context with name [/DrugStoreSystem] is completed
21-Nov-2017 10:51:21.673 INFO [http-nio-8080-exec-83] org.apache.catalina.core.StandardContext.reload Reloading Context with name [/DrugStoreSystem] has started
21-Nov-2017 10:51:21.799 INFO [http-nio-8080-exec-83] org.apache.catalina.core.StandardContext.reload Reloading Context with name [/DrugStoreSystem] is completed
21-Nov-2017 10:58:17.128 INFO [http-nio-8080-exec-87] org.apache.catalina.core.StandardContext.reload Reloading Context with name [/DrugStoreSystem] has started
21-Nov-2017 10:58:17.252 INFO [http-nio-8080-exec-87] org.apache.catalina.core.StandardContext.reload Reloading Context with name [/DrugStoreSystem] is completed
21-Nov-2017 10:58:17.799 INFO [http-nio-8080-exec-75] org.apache.catalina.core.StandardContext.reload Reloading Context with name [/DrugStoreSystem] has started
21-Nov-2017 10:58:17.924 INFO [http-nio-8080-exec-75] org.apache.catalina.core.StandardContext.reload Reloading Context with name [/DrugStoreSystem] is completed
21-Nov-2017 10:58:18.721 INFO [http-nio-8080-exec-77] org.apache.catalina.core.StandardContext.reload Reloading Context with name [/DrugStoreSystem] has started
21-Nov-2017 10:58:18.783 INFO [http-nio-8080-exec-77] org.apache.catalina.core.StandardContext.reload Reloading Context with name [/DrugStoreSystem] is completed
21-Nov-2017 10:59:10.233 INFO [http-nio-8080-exec-89] org.apache.catalina.core.StandardContext.reload Reloading Context with name [/DrugStoreSystem] has started
21-Nov-2017 10:59:10.296 INFO [http-nio-8080-exec-89] org.apache.catalina.core.StandardContext.reload Reloading Context with name [/DrugStoreSystem] is completed
21-Nov-2017 10:59:10.342 INFO [http-nio-8080-exec-90] org.apache.catalina.core.StandardContext.reload Reloading Context with name [/DrugStoreSystem] has started
21-Nov-2017 10:59:10.374 INFO [http-nio-8080-exec-90] org.apache.catalina.core.StandardContext.reload Reloading Context with name [/DrugStoreSystem] is completed
21-Nov-2017 10:59:21.486 INFO [http-nio-8080-exec-92] org.apache.catalina.core.StandardContext.reload Reloading Context with name [/DrugStoreSystem] has started
21-Nov-2017 10:59:21.533 INFO [http-nio-8080-exec-92] org.apache.catalina.core.StandardContext.reload Reloading Context with name [/DrugStoreSystem] is completed
21-Nov-2017 11:00:58.364 INFO [http-nio-8080-exec-79] org.apache.catalina.core.StandardContext.reload Reloading Context with name [/DrugStoreSystem] has started
21-Nov-2017 11:00:58.518 INFO [http-nio-8080-exec-79] org.apache.catalina.core.StandardContext.reload Reloading Context with name [/DrugStoreSystem] is completed
21-Nov-2017 11:00:59.131 INFO [http-nio-8080-exec-90] org.apache.catalina.core.StandardContext.reload Reloading Context with name [/DrugStoreSystem] has started
21-Nov-2017 11:00:59.182 INFO [http-nio-8080-exec-90] org.apache.catalina.core.StandardContext.reload Reloading Context with name [/DrugStoreSystem] is completed
21-Nov-2017 11:04:53.859 INFO [http-nio-8080-exec-100] org.apache.catalina.core.StandardContext.reload Reloading Context with name [/DrugStoreSystem] has started
21-Nov-2017 11:04:53.875 INFO [http-nio-8080-exec-100] org.apache.catalina.core.StandardContext.reload Reloading Context with name [/DrugStoreSystem] is completed
21-Nov-2017 11:16:52.264 INFO [http-nio-8080-exec-103] org.apache.catalina.startup.HostConfig.undeploy Undeploying context [/DrugStoreSystem]
21-Nov-2017 11:16:52.422 INFO [http-nio-8080-exec-109] org.apache.catalina.startup.HostConfig.deployDescriptor Deploying configuration descriptor [C:\Users\cagla\Downloads\apache-tomcat-9.0.1\conf\Catalina\localhost\DrugStoreSystem.xml]
21-Nov-2017 11:16:52.453 INFO [http-nio-8080-exec-109] org.apache.catalina.startup.HostConfig.deployDescriptor Deployment of configuration descriptor [C:\Users\cagla\Downloads\apache-tomcat-9.0.1\conf\Catalina\localhost\DrugStoreSystem.xml] has finished in [31] ms
21-Nov-2017 11:16:52.463 INFO [http-nio-8080-exec-111] org.apache.catalina.util.LifecycleBase.start The start() method was called on component [StandardEngine[Catalina].StandardHost[localhost].StandardContext[/DrugStoreSystem]] after start() had already been called. The second call will be ignored.
21-Nov-2017 11:19:04.758 INFO [http-nio-8080-exec-119] org.apache.catalina.startup.HostConfig.undeploy Undeploying context [/DrugStoreSystem]
21-Nov-2017 11:19:04.836 INFO [http-nio-8080-exec-115] org.apache.catalina.startup.HostConfig.deployDescriptor Deploying configuration descriptor [C:\Users\cagla\Downloads\apache-tomcat-9.0.1\conf\Catalina\localhost\DrugStoreSystem.xml]
21-Nov-2017 11:19:04.946 INFO [http-nio-8080-exec-115] org.apache.catalina.startup.HostConfig.deployDescriptor Deployment of configuration descriptor [C:\Users\cagla\Downloads\apache-tomcat-9.0.1\conf\Catalina\localhost\DrugStoreSystem.xml] has finished in [110] ms
21-Nov-2017 11:19:04.946 INFO [http-nio-8080-exec-118] org.apache.catalina.util.LifecycleBase.start The start() method was called on component [StandardEngine[Catalina].StandardHost[localhost].StandardContext[/DrugStoreSystem]] after start() had already been called. The second call will be ignored.
21-Nov-2017 11:19:19.409 INFO [http-nio-8080-exec-113] org.apache.catalina.startup.HostConfig.undeploy Undeploying context [/DrugStoreSystem]
21-Nov-2017 11:19:19.425 INFO [http-nio-8080-exec-115] org.apache.catalina.startup.HostConfig.deployDescriptor Deploying configuration descriptor [C:\Users\cagla\Downloads\apache-tomcat-9.0.1\conf\Catalina\localhost\DrugStoreSystem.xml]
21-Nov-2017 11:19:19.484 INFO [http-nio-8080-exec-115] org.apache.catalina.startup.HostConfig.deployDescriptor Deployment of configuration descriptor [C:\Users\cagla\Downloads\apache-tomcat-9.0.1\conf\Catalina\localhost\DrugStoreSystem.xml] has finished in [58] ms
21-Nov-2017 11:19:19.494 INFO [http-nio-8080-exec-118] org.apache.catalina.util.LifecycleBase.start The start() method was called on component [StandardEngine[Catalina].StandardHost[localhost].StandardContext[/DrugStoreSystem]] after start() had already been called. The second call will be ignored.
21-Nov-2017 11:22:50.666 INFO [http-nio-8080-exec-127] org.apache.catalina.startup.HostConfig.undeploy Undeploying context [/DrugStoreSystem]
21-Nov-2017 11:22:50.682 INFO [http-nio-8080-exec-115] org.apache.catalina.startup.HostConfig.deployDescriptor Deploying configuration descriptor [C:\Users\cagla\Downloads\apache-tomcat-9.0.1\conf\Catalina\localhost\DrugStoreSystem.xml]
21-Nov-2017 11:22:50.713 INFO [http-nio-8080-exec-115] org.apache.catalina.startup.HostConfig.deployDescriptor Deployment of configuration descriptor [C:\Users\cagla\Downloads\apache-tomcat-9.0.1\conf\Catalina\localhost\DrugStoreSystem.xml] has finished in [31] ms
21-Nov-2017 11:22:50.728 INFO [http-nio-8080-exec-125] org.apache.catalina.util.LifecycleBase.start The start() method was called on component [StandardEngine[Catalina].StandardHost[localhost].StandardContext[/DrugStoreSystem]] after start() had already been called. The second call will be ignored.
21-Nov-2017 11:24:10.968 INFO [http-nio-8080-exec-137] org.apache.catalina.startup.HostConfig.undeploy Undeploying context [/DrugStoreSystem]
21-Nov-2017 11:24:11.140 INFO [http-nio-8080-exec-127] org.apache.catalina.startup.HostConfig.deployDescriptor Deploying configuration descriptor [C:\Users\cagla\Downloads\apache-tomcat-9.0.1\conf\Catalina\localhost\DrugStoreSystem.xml]
21-Nov-2017 11:24:11.218 INFO [http-nio-8080-exec-127] org.apache.catalina.startup.HostConfig.deployDescriptor Deployment of configuration descriptor [C:\Users\cagla\Downloads\apache-tomcat-9.0.1\conf\Catalina\localhost\DrugStoreSystem.xml] has finished in [78] ms
21-Nov-2017 11:24:11.233 INFO [http-nio-8080-exec-133] org.apache.catalina.util.LifecycleBase.start The start() method was called on component [StandardEngine[Catalina].StandardHost[localhost].StandardContext[/DrugStoreSystem]] after start() had already been called. The second call will be ignored.
21-Nov-2017 11:27:41.582 INFO [http-nio-8080-exec-145] org.apache.catalina.startup.HostConfig.undeploy Undeploying context [/DrugStoreSystem]
21-Nov-2017 11:27:41.676 INFO [http-nio-8080-exec-141] org.apache.catalina.startup.HostConfig.deployDescriptor Deploying configuration descriptor [C:\Users\cagla\Downloads\apache-tomcat-9.0.1\conf\Catalina\localhost\DrugStoreSystem.xml]
21-Nov-2017 11:27:41.708 INFO [http-nio-8080-exec-141] org.apache.catalina.startup.HostConfig.deployDescriptor Deployment of configuration descriptor [C:\Users\cagla\Downloads\apache-tomcat-9.0.1\conf\Catalina\localhost\DrugStoreSystem.xml] has finished in [32] ms
21-Nov-2017 11:27:41.723 INFO [http-nio-8080-exec-144] org.apache.catalina.util.LifecycleBase.start The start() method was called on component [StandardEngine[Catalina].StandardHost[localhost].StandardContext[/DrugStoreSystem]] after start() had already been called. The second call will be ignored.
21-Nov-2017 11:28:45.951 INFO [http-nio-8080-exec-141] org.apache.catalina.startup.HostConfig.undeploy Undeploying context [/DrugStoreSystem]
21-Nov-2017 11:28:46.014 INFO [http-nio-8080-exec-140] org.apache.catalina.startup.HostConfig.deployDescriptor Deploying configuration descriptor [C:\Users\cagla\Downloads\apache-tomcat-9.0.1\conf\Catalina\localhost\DrugStoreSystem.xml]
21-Nov-2017 11:28:46.061 INFO [http-nio-8080-exec-140] org.apache.catalina.startup.HostConfig.deployDescriptor Deployment of configuration descriptor [C:\Users\cagla\Downloads\apache-tomcat-9.0.1\conf\Catalina\localhost\DrugStoreSystem.xml] has finished in [47] ms
21-Nov-2017 11:28:46.061 INFO [http-nio-8080-exec-147] org.apache.catalina.util.LifecycleBase.start The start() method was called on component [StandardEngine[Catalina].StandardHost[localhost].StandardContext[/DrugStoreSystem]] after start() had already been called. The second call will be ignored.
21-Nov-2017 11:32:43.175 INFO [http-nio-8080-exec-155] org.apache.catalina.core.StandardContext.reload Reloading Context with name [/DrugStoreSystem] has started
21-Nov-2017 11:32:43.631 INFO [http-nio-8080-exec-155] org.apache.jasper.servlet.TldScanner.scanJars At least one JAR was scanned for TLDs yet contained no TLDs. Enable debug logging for this logger for a complete list of JARs that were scanned but no TLDs were found in them. Skipping unneeded JARs during scanning can improve startup time and JSP compilation time.
21-Nov-2017 11:32:43.638 INFO [http-nio-8080-exec-155] org.apache.catalina.core.StandardContext.reload Reloading Context with name [/DrugStoreSystem] is completed
21-Nov-2017 11:32:49.663 INFO [http-nio-8080-exec-140] org.apache.catalina.core.StandardContext.reload Reloading Context with name [/DrugStoreSystem] has started
21-Nov-2017 11:32:49.849 INFO [http-nio-8080-exec-140] org.apache.jasper.servlet.TldScanner.scanJars At least one JAR was scanned for TLDs yet contained no TLDs. Enable debug logging for this logger for a complete list of JARs that were scanned but no TLDs were found in them. Skipping unneeded JARs during scanning can improve startup time and JSP compilation time.
21-Nov-2017 11:32:49.855 INFO [http-nio-8080-exec-140] org.apache.catalina.core.StandardContext.reload Reloading Context with name [/DrugStoreSystem] is completed
21-Nov-2017 11:33:07.111 INFO [http-nio-8080-exec-158] org.apache.catalina.startup.HostConfig.undeploy Undeploying context [/DrugStoreSystem]
21-Nov-2017 11:33:07.206 INFO [http-nio-8080-exec-147] org.apache.catalina.startup.HostConfig.deployDescriptor Deploying configuration descriptor [C:\Users\cagla\Downloads\apache-tomcat-9.0.1\conf\Catalina\localhost\DrugStoreSystem.xml]
21-Nov-2017 11:33:07.322 INFO [http-nio-8080-exec-147] org.apache.jasper.servlet.TldScanner.scanJars At least one JAR was scanned for TLDs yet contained no TLDs. Enable debug logging for this logger for a complete list of JARs that were scanned but no TLDs were found in them. Skipping unneeded JARs during scanning can improve startup time and JSP compilation time.
21-Nov-2017 11:33:07.334 INFO [http-nio-8080-exec-147] org.apache.catalina.startup.HostConfig.deployDescriptor Deployment of configuration descriptor [C:\Users\cagla\Downloads\apache-tomcat-9.0.1\conf\Catalina\localhost\DrugStoreSystem.xml] has finished in [128] ms
21-Nov-2017 11:33:07.354 INFO [http-nio-8080-exec-160] org.apache.catalina.util.LifecycleBase.start The start() method was called on component [StandardEngine[Catalina].StandardHost[localhost].StandardContext[/DrugStoreSystem]] after start() had already been called. The second call will be ignored.
21-Nov-2017 11:35:00.193 WARNING [http-nio-8080-exec-166] org.apache.catalina.loader.WebappClassLoaderBase.clearReferencesJdbc The web application [DrugStoreSystem] registered the JDBC driver [com.mysql.jdbc.Driver] but failed to unregister it when the web application was stopped. To prevent a memory leak, the JDBC Driver has been forcibly unregistered.
21-Nov-2017 11:35:00.696 INFO [http-nio-8080-exec-166] org.apache.catalina.startup.HostConfig.undeploy Undeploying context [/DrugStoreSystem]
21-Nov-2017 11:35:00.715 INFO [http-nio-8080-exec-163] org.apache.catalina.startup.HostConfig.deployDescriptor Deploying configuration descriptor [C:\Users\cagla\Downloads\apache-tomcat-9.0.1\conf\Catalina\localhost\DrugStoreSystem.xml]
21-Nov-2017 11:35:00.871 INFO [http-nio-8080-exec-163] org.apache.jasper.servlet.TldScanner.scanJars At least one JAR was scanned for TLDs yet contained no TLDs. Enable debug logging for this logger for a complete list of JARs that were scanned but no TLDs were found in them. Skipping unneeded JARs during scanning can improve startup time and JSP compilation time.
21-Nov-2017 11:35:00.874 INFO [http-nio-8080-exec-163] org.apache.catalina.startup.HostConfig.deployDescriptor Deployment of configuration descriptor [C:\Users\cagla\Downloads\apache-tomcat-9.0.1\conf\Catalina\localhost\DrugStoreSystem.xml] has finished in [159] ms
21-Nov-2017 11:35:00.880 INFO [http-nio-8080-exec-167] org.apache.catalina.util.LifecycleBase.start The start() method was called on component [StandardEngine[Catalina].StandardHost[localhost].StandardContext[/DrugStoreSystem]] after start() had already been called. The second call will be ignored.
21-Nov-2017 11:37:02.742 WARNING [http-nio-8080-exec-167] org.apache.catalina.loader.WebappClassLoaderBase.clearReferencesJdbc The web application [DrugStoreSystem] registered the JDBC driver [com.mysql.jdbc.Driver] but failed to unregister it when the web application was stopped. To prevent a memory leak, the JDBC Driver has been forcibly unregistered.
21-Nov-2017 11:37:03.277 INFO [http-nio-8080-exec-167] org.apache.catalina.startup.HostConfig.undeploy Undeploying context [/DrugStoreSystem]
21-Nov-2017 11:37:03.404 INFO [http-nio-8080-exec-172] org.apache.catalina.startup.HostConfig.deployDescriptor Deploying configuration descriptor [C:\Users\cagla\Downloads\apache-tomcat-9.0.1\conf\Catalina\localhost\DrugStoreSystem.xml]
21-Nov-2017 11:37:03.576 INFO [http-nio-8080-exec-172] org.apache.jasper.servlet.TldScanner.scanJars At least one JAR was scanned for TLDs yet contained no TLDs. Enable debug logging for this logger for a complete list of JARs that were scanned but no TLDs were found in them. Skipping unneeded JARs during scanning can improve startup time and JSP compilation time.
21-Nov-2017 11:37:03.578 INFO [http-nio-8080-exec-172] org.apache.catalina.startup.HostConfig.deployDescriptor Deployment of configuration descriptor [C:\Users\cagla\Downloads\apache-tomcat-9.0.1\conf\Catalina\localhost\DrugStoreSystem.xml] has finished in [174] ms
21-Nov-2017 11:37:03.613 INFO [http-nio-8080-exec-174] org.apache.catalina.util.LifecycleBase.start The start() method was called on component [StandardEngine[Catalina].StandardHost[localhost].StandardContext[/DrugStoreSystem]] after start() had already been called. The second call will be ignored.
21-Nov-2017 11:42:14.037 WARNING [http-nio-8080-exec-178] org.apache.catalina.loader.WebappClassLoaderBase.clearReferencesJdbc The web application [DrugStoreSystem] registered the JDBC driver [com.mysql.jdbc.Driver] but failed to unregister it when the web application was stopped. To prevent a memory leak, the JDBC Driver has been forcibly unregistered.
21-Nov-2017 11:42:14.633 INFO [http-nio-8080-exec-178] org.apache.catalina.startup.HostConfig.undeploy Undeploying context [/DrugStoreSystem]
21-Nov-2017 11:42:14.695 INFO [http-nio-8080-exec-186] org.apache.catalina.startup.HostConfig.deployDescriptor Deploying configuration descriptor [C:\Users\cagla\Downloads\apache-tomcat-9.0.1\conf\Catalina\localhost\DrugStoreSystem.xml]
21-Nov-2017 11:42:14.833 INFO [http-nio-8080-exec-186] org.apache.jasper.servlet.TldScanner.scanJars At least one JAR was scanned for TLDs yet contained no TLDs. Enable debug logging for this logger for a complete list of JARs that were scanned but no TLDs were found in them. Skipping unneeded JARs during scanning can improve startup time and JSP compilation time.
21-Nov-2017 11:42:14.835 INFO [http-nio-8080-exec-186] org.apache.catalina.startup.HostConfig.deployDescriptor Deployment of configuration descriptor [C:\Users\cagla\Downloads\apache-tomcat-9.0.1\conf\Catalina\localhost\DrugStoreSystem.xml] has finished in [140] ms
21-Nov-2017 11:42:14.838 INFO [http-nio-8080-exec-177] org.apache.catalina.util.LifecycleBase.start The start() method was called on component [StandardEngine[Catalina].StandardHost[localhost].StandardContext[/DrugStoreSystem]] after start() had already been called. The second call will be ignored.
21-Nov-2017 11:44:36.231 WARNING [http-nio-8080-exec-188] org.apache.catalina.loader.WebappClassLoaderBase.clearReferencesJdbc The web application [DrugStoreSystem] registered the JDBC driver [com.mysql.jdbc.Driver] but failed to unregister it when the web application was stopped. To prevent a memory leak, the JDBC Driver has been forcibly unregistered.
21-Nov-2017 11:44:36.734 INFO [http-nio-8080-exec-188] org.apache.catalina.startup.HostConfig.undeploy Undeploying context [/DrugStoreSystem]
21-Nov-2017 11:44:36.765 INFO [http-nio-8080-exec-191] org.apache.catalina.startup.HostConfig.deployDescriptor Deploying configuration descriptor [C:\Users\cagla\Downloads\apache-tomcat-9.0.1\conf\Catalina\localhost\DrugStoreSystem.xml]
21-Nov-2017 11:44:36.950 INFO [297] org.apache.jasper.servlet.TldScanner.scanJars At least one JAR was scanned for TLDs yet contained no TLDs. Enable debug logging for this logger for a complete list of JARs that were scanned but no TLDs were found in them. Skipping unneeded JARs during scanning can improve startup time and JSP compilation time.
21-Nov-2017 11:44:36.953 INFO [297] org.apache.catalina.startup.HostConfig.deployDescriptor Deployment of configuration descriptor [C:\Users\cagla\Downloads\apache-tomcat-9.0.1\conf\Catalina\localhost\DrugStoreSystem.xml] has finished in [188] ms
21-Nov-2017 11:44:36.966 INFO [http-nio-8080-exec-193] org.apache.catalina.util.LifecycleBase.start The start() method was called on component [StandardEngine[Catalina].StandardHost[localhost].StandardContext[/DrugStoreSystem]] after start() had already been called. The second call will be ignored.
21-Nov-2017 11:45:29.770 WARNING [http-nio-8080-exec-193] org.apache.catalina.loader.WebappClassLoaderBase.clearReferencesJdbc The web application [DrugStoreSystem] registered the JDBC driver [com.mysql.jdbc.Driver] but failed to unregister it when the web application was stopped. To prevent a memory leak, the JDBC Driver has been forcibly unregistered.
21-Nov-2017 11:45:30.273 INFO [http-nio-8080-exec-193] org.apache.catalina.startup.HostConfig.undeploy Undeploying context [/DrugStoreSystem]
21-Nov-2017 11:45:30.344 INFO [http-nio-8080-exec-187] org.apache.catalina.startup.HostConfig.deployDescriptor Deploying configuration descriptor [C:\Users\cagla\Downloads\apache-tomcat-9.0.1\conf\Catalina\localhost\DrugStoreSystem.xml]
21-Nov-2017 11:45:30.611 INFO [http-nio-8080-exec-187] org.apache.jasper.servlet.TldScanner.scanJars At least one JAR was scanned for TLDs yet contained no TLDs. Enable debug logging for this logger for a complete list of JARs that were scanned but no TLDs were found in them. Skipping unneeded JARs during scanning can improve startup time and JSP compilation time.
21-Nov-2017 11:45:30.614 INFO [http-nio-8080-exec-187] org.apache.catalina.startup.HostConfig.deployDescriptor Deployment of configuration descriptor [C:\Users\cagla\Downloads\apache-tomcat-9.0.1\conf\Catalina\localhost\DrugStoreSystem.xml] has finished in [270] ms
21-Nov-2017 11:45:30.619 INFO [http-nio-8080-exec-195] org.apache.catalina.util.LifecycleBase.start The start() method was called on component [StandardEngine[Catalina].StandardHost[localhost].StandardContext[/DrugStoreSystem]] after start() had already been called. The second call will be ignored.
21-Nov-2017 11:47:12.217 WARNING [http-nio-8080-exec-210] org.apache.catalina.loader.WebappClassLoaderBase.clearReferencesJdbc The web application [DrugStoreSystem] registered the JDBC driver [com.mysql.jdbc.Driver] but failed to unregister it when the web application was stopped. To prevent a memory leak, the JDBC Driver has been forcibly unregistered.
21-Nov-2017 11:47:12.720 INFO [http-nio-8080-exec-210] org.apache.catalina.startup.HostConfig.undeploy Undeploying context [/DrugStoreSystem]
21-Nov-2017 11:47:12.737 INFO [http-nio-8080-exec-203] org.apache.catalina.startup.HostConfig.deployDescriptor Deploying configuration descriptor [C:\Users\cagla\Downloads\apache-tomcat-9.0.1\conf\Catalina\localhost\DrugStoreSystem.xml]
21-Nov-2017 11:47:12.834 INFO [311] org.apache.jasper.servlet.TldScanner.scanJars At least one JAR was scanned for TLDs yet contained no TLDs. Enable debug logging for this logger for a complete list of JARs that were scanned but no TLDs were found in them. Skipping unneeded JARs during scanning can improve startup time and JSP compilation time.
21-Nov-2017 11:47:12.836 INFO [311] org.apache.catalina.startup.HostConfig.deployDescriptor Deployment of configuration descriptor [C:\Users\cagla\Downloads\apache-tomcat-9.0.1\conf\Catalina\localhost\DrugStoreSystem.xml] has finished in [99] ms
21-Nov-2017 11:47:12.943 INFO [http-nio-8080-exec-206] org.apache.catalina.util.LifecycleBase.start The start() method was called on component [StandardEngine[Catalina].StandardHost[localhost].StandardContext[/DrugStoreSystem]] after start() had already been called. The second call will be ignored.
21-Nov-2017 11:50:05.480 INFO [http-nio-8080-exec-212] org.apache.catalina.startup.HostConfig.deployDescriptor Deploying configuration descriptor [C:\Users\cagla\Downloads\apache-tomcat-9.0.1\conf\Catalina\localhost\DonationManager.xml]
21-Nov-2017 11:50:05.492 WARNING [http-nio-8080-exec-212] org.apache.catalina.startup.SetContextPropertiesRule.begin [SetContextPropertiesRule]{Context} Setting property 'antiJARLocking' to 'true' did not find a matching property.
21-Nov-2017 11:50:05.689 INFO [http-nio-8080-exec-212] org.apache.jasper.servlet.TldScanner.scanJars At least one JAR was scanned for TLDs yet contained no TLDs. Enable debug logging for this logger for a complete list of JARs that were scanned but no TLDs were found in them. Skipping unneeded JARs during scanning can improve startup time and JSP compilation time.
21-Nov-2017 11:50:05.693 INFO [http-nio-8080-exec-212] org.apache.catalina.startup.HostConfig.deployDescriptor Deployment of configuration descriptor [C:\Users\cagla\Downloads\apache-tomcat-9.0.1\conf\Catalina\localhost\DonationManager.xml] has finished in [213] ms
21-Nov-2017 11:50:05.700 INFO [http-nio-8080-exec-219] org.apache.catalina.util.LifecycleBase.start The start() method was called on component [StandardEngine[Catalina].StandardHost[localhost].StandardContext[/DonationManager]] after start() had already been called. The second call will be ignored.
21-Nov-2017 11:51:01.860 WARNING [http-nio-8080-exec-215] org.apache.catalina.loader.WebappClassLoaderBase.clearReferencesJdbc The web application [DrugStoreSystem] registered the JDBC driver [com.mysql.jdbc.Driver] but failed to unregister it when the web application was stopped. To prevent a memory leak, the JDBC Driver has been forcibly unregistered.
21-Nov-2017 11:51:02.362 INFO [http-nio-8080-exec-215] org.apache.catalina.startup.HostConfig.undeploy Undeploying context [/DrugStoreSystem]
21-Nov-2017 11:51:02.443 INFO [http-nio-8080-exec-221] org.apache.catalina.startup.HostConfig.deployDescriptor Deploying configuration descriptor [C:\Users\cagla\Downloads\apache-tomcat-9.0.1\conf\Catalina\localhost\DrugStoreSystem.xml]
21-Nov-2017 11:51:02.594 INFO [http-nio-8080-exec-221] org.apache.jasper.servlet.TldScanner.scanJars At least one JAR was scanned for TLDs yet contained no TLDs. Enable debug logging for this logger for a complete list of JARs that were scanned but no TLDs were found in them. Skipping unneeded JARs during scanning can improve startup time and JSP compilation time.
21-Nov-2017 11:51:02.596 INFO [http-nio-8080-exec-221] org.apache.catalina.startup.HostConfig.deployDescriptor Deployment of configuration descriptor [C:\Users\cagla\Downloads\apache-tomcat-9.0.1\conf\Catalina\localhost\DrugStoreSystem.xml] has finished in [153] ms
21-Nov-2017 11:51:02.603 INFO [http-nio-8080-exec-218] org.apache.catalina.util.LifecycleBase.start The start() method was called on component [StandardEngine[Catalina].StandardHost[localhost].StandardContext[/DrugStoreSystem]] after start() had already been called. The second call will be ignored.
21-Nov-2017 11:51:49.787 INFO [http-nio-8080-exec-224] org.apache.catalina.startup.HostConfig.undeploy Undeploying context [/DrugStoreSystem]
21-Nov-2017 11:51:49.807 INFO [http-nio-8080-exec-218] org.apache.catalina.startup.HostConfig.deployDescriptor Deploying configuration descriptor [C:\Users\cagla\Downloads\apache-tomcat-9.0.1\conf\Catalina\localhost\DrugStoreSystem.xml]
21-Nov-2017 11:51:49.999 INFO [http-nio-8080-exec-218] org.apache.jasper.servlet.TldScanner.scanJars At least one JAR was scanned for TLDs yet contained no TLDs. Enable debug logging for this logger for a complete list of JARs that were scanned but no TLDs were found in them. Skipping unneeded JARs during scanning can improve startup time and JSP compilation time.
21-Nov-2017 11:51:50.003 INFO [http-nio-8080-exec-218] org.apache.catalina.startup.HostConfig.deployDescriptor Deployment of configuration descriptor [C:\Users\cagla\Downloads\apache-tomcat-9.0.1\conf\Catalina\localhost\DrugStoreSystem.xml] has finished in [197] ms
21-Nov-2017 11:51:50.008 INFO [http-nio-8080-exec-213] org.apache.catalina.util.LifecycleBase.start The start() method was called on component [StandardEngine[Catalina].StandardHost[localhost].StandardContext[/DrugStoreSystem]] after start() had already been called. The second call will be ignored.
21-Nov-2017 11:53:22.497 INFO [http-nio-8080-exec-218] org.apache.catalina.startup.HostConfig.undeploy Undeploying context [/DrugStoreSystem]
21-Nov-2017 11:53:22.511 INFO [http-nio-8080-exec-226] org.apache.catalina.startup.HostConfig.deployDescriptor Deploying configuration descriptor [C:\Users\cagla\Downloads\apache-tomcat-9.0.1\conf\Catalina\localhost\DrugStoreSystem.xml]
21-Nov-2017 11:53:22.612 INFO [http-nio-8080-exec-226] org.apache.jasper.servlet.TldScanner.scanJars At least one JAR was scanned for TLDs yet contained no TLDs. Enable debug logging for this logger for a complete list of JARs that were scanned but no TLDs were found in them. Skipping unneeded JARs during scanning can improve startup time and JSP compilation time.
21-Nov-2017 11:53:22.615 INFO [http-nio-8080-exec-226] org.apache.catalina.startup.HostConfig.deployDescriptor Deployment of configuration descriptor [C:\Users\cagla\Downloads\apache-tomcat-9.0.1\conf\Catalina\localhost\DrugStoreSystem.xml] has finished in [104] ms
21-Nov-2017 11:53:22.619 INFO [http-nio-8080-exec-233] org.apache.catalina.util.LifecycleBase.start The start() method was called on component [StandardEngine[Catalina].StandardHost[localhost].StandardContext[/DrugStoreSystem]] after start() had already been called. The second call will be ignored.
21-Nov-2017 11:54:12.579 INFO [http-nio-8080-exec-233] org.apache.catalina.startup.HostConfig.undeploy Undeploying context [/DrugStoreSystem]
21-Nov-2017 11:54:12.600 INFO [http-nio-8080-exec-230] org.apache.catalina.startup.HostConfig.deployDescriptor Deploying configuration descriptor [C:\Users\cagla\Downloads\apache-tomcat-9.0.1\conf\Catalina\localhost\DrugStoreSystem.xml]
21-Nov-2017 11:54:12.695 INFO [http-nio-8080-exec-230] org.apache.jasper.servlet.TldScanner.scanJars At least one JAR was scanned for TLDs yet contained no TLDs. Enable debug logging for this logger for a complete list of JARs that were scanned but no TLDs were found in them. Skipping unneeded JARs during scanning can improve startup time and JSP compilation time.
21-Nov-2017 11:54:12.697 INFO [http-nio-8080-exec-230] org.apache.catalina.startup.HostConfig.deployDescriptor Deployment of configuration descriptor [C:\Users\cagla\Downloads\apache-tomcat-9.0.1\conf\Catalina\localhost\DrugStoreSystem.xml] has finished in [97] ms
21-Nov-2017 11:54:12.716 INFO [http-nio-8080-exec-226] org.apache.catalina.util.LifecycleBase.start The start() method was called on component [StandardEngine[Catalina].StandardHost[localhost].StandardContext[/DrugStoreSystem]] after start() had already been called. The second call will be ignored.
21-Nov-2017 11:56:09.342 INFO [http-nio-8080-exec-235] org.apache.catalina.startup.HostConfig.undeploy Undeploying context [/DrugStoreSystem]
21-Nov-2017 11:56:09.384 INFO [http-nio-8080-exec-242] org.apache.catalina.startup.HostConfig.deployDescriptor Deploying configuration descriptor [C:\Users\cagla\Downloads\apache-tomcat-9.0.1\conf\Catalina\localhost\DrugStoreSystem.xml]
21-Nov-2017 11:56:09.959 INFO [http-nio-8080-exec-242] org.apache.jasper.servlet.TldScanner.scanJars At least one JAR was scanned for TLDs yet contained no TLDs. Enable debug logging for this logger for a complete list of JARs that were scanned but no TLDs were found in them. Skipping unneeded JARs during scanning can improve startup time and JSP compilation time.
21-Nov-2017 11:56:09.966 INFO [http-nio-8080-exec-242] org.apache.catalina.startup.HostConfig.deployDescriptor Deployment of configuration descriptor [C:\Users\cagla\Downloads\apache-tomcat-9.0.1\conf\Catalina\localhost\DrugStoreSystem.xml] has finished in [582] ms
21-Nov-2017 11:56:09.985 INFO [http-nio-8080-exec-243] org.apache.catalina.util.LifecycleBase.start The start() method was called on component [StandardEngine[Catalina].StandardHost[localhost].StandardContext[/DrugStoreSystem]] after start() had already been called. The second call will be ignored.
21-Nov-2017 12:05:10.976 INFO [http-nio-8080-exec-251] org.apache.catalina.startup.HostConfig.undeploy Undeploying context [/DrugStoreSystem]
21-Nov-2017 12:05:10.993 INFO [http-nio-8080-exec-252] org.apache.catalina.startup.HostConfig.deployDescriptor Deploying configuration descriptor [C:\Users\cagla\Downloads\apache-tomcat-9.0.1\conf\Catalina\localhost\DrugStoreSystem.xml]
21-Nov-2017 12:05:11.118 INFO [http-nio-8080-exec-252] org.apache.jasper.servlet.TldScanner.scanJars At least one JAR was scanned for TLDs yet contained no TLDs. Enable debug logging for this logger for a complete list of JARs that were scanned but no TLDs were found in them. Skipping unneeded JARs during scanning can improve startup time and JSP compilation time.
21-Nov-2017 12:05:11.126 INFO [http-nio-8080-exec-252] org.apache.catalina.startup.HostConfig.deployDescriptor Deployment of configuration descriptor [C:\Users\cagla\Downloads\apache-tomcat-9.0.1\conf\Catalina\localhost\DrugStoreSystem.xml] has finished in [133] ms
21-Nov-2017 12:05:11.151 INFO [http-nio-8080-exec-248] org.apache.catalina.util.LifecycleBase.start The start() method was called on component [StandardEngine[Catalina].StandardHost[localhost].StandardContext[/DrugStoreSystem]] after start() had already been called. The second call will be ignored.
21-Nov-2017 12:05:44.606 WARNING [http-nio-8080-exec-254] org.apache.catalina.loader.WebappClassLoaderBase.clearReferencesJdbc The web application [DrugStoreSystem] registered the JDBC driver [com.mysql.jdbc.Driver] but failed to unregister it when the web application was stopped. To prevent a memory leak, the JDBC Driver has been forcibly unregistered.
21-Nov-2017 12:05:45.109 INFO [http-nio-8080-exec-254] org.apache.catalina.startup.HostConfig.undeploy Undeploying context [/DrugStoreSystem]
21-Nov-2017 12:05:45.208 INFO [http-nio-8080-exec-259] org.apache.catalina.startup.HostConfig.deployDescriptor Deploying configuration descriptor [C:\Users\cagla\Downloads\apache-tomcat-9.0.1\conf\Catalina\localhost\DrugStoreSystem.xml]
21-Nov-2017 12:05:45.571 INFO [http-nio-8080-exec-259] org.apache.jasper.servlet.TldScanner.scanJars At least one JAR was scanned for TLDs yet contained no TLDs. Enable debug logging for this logger for a complete list of JARs that were scanned but no TLDs were found in them. Skipping unneeded JARs during scanning can improve startup time and JSP compilation time.
21-Nov-2017 12:05:45.575 INFO [http-nio-8080-exec-259] org.apache.catalina.startup.HostConfig.deployDescriptor Deployment of configuration descriptor [C:\Users\cagla\Downloads\apache-tomcat-9.0.1\conf\Catalina\localhost\DrugStoreSystem.xml] has finished in [367] ms
21-Nov-2017 12:05:45.582 INFO [http-nio-8080-exec-253] org.apache.catalina.util.LifecycleBase.start The start() method was called on component [StandardEngine[Catalina].StandardHost[localhost].StandardContext[/DrugStoreSystem]] after start() had already been called. The second call will be ignored.
21-Nov-2017 12:10:13.190 WARNING [http-nio-8080-exec-265] org.apache.catalina.loader.WebappClassLoaderBase.clearReferencesJdbc The web application [DrugStoreSystem] registered the JDBC driver [com.mysql.jdbc.Driver] but failed to unregister it when the web application was stopped. To prevent a memory leak, the JDBC Driver has been forcibly unregistered.
21-Nov-2017 12:10:13.694 INFO [http-nio-8080-exec-265] org.apache.catalina.startup.HostConfig.undeploy Undeploying context [/DrugStoreSystem]
21-Nov-2017 12:10:13.791 INFO [http-nio-8080-exec-267] org.apache.catalina.startup.HostConfig.deployDescriptor Deploying configuration descriptor [C:\Users\cagla\Downloads\apache-tomcat-9.0.1\conf\Catalina\localhost\DrugStoreSystem.xml]
21-Nov-2017 12:10:13.947 INFO [http-nio-8080-exec-267] org.apache.jasper.servlet.TldScanner.scanJars At least one JAR was scanned for TLDs yet contained no TLDs. Enable debug logging for this logger for a complete list of JARs that were scanned but no TLDs were found in them. Skipping unneeded JARs during scanning can improve startup time and JSP compilation time.
21-Nov-2017 12:10:13.950 INFO [http-nio-8080-exec-267] org.apache.catalina.startup.HostConfig.deployDescriptor Deployment of configuration descriptor [C:\Users\cagla\Downloads\apache-tomcat-9.0.1\conf\Catalina\localhost\DrugStoreSystem.xml] has finished in [158] ms
21-Nov-2017 12:10:14.068 INFO [http-nio-8080-exec-268] org.apache.catalina.util.LifecycleBase.start The start() method was called on component [StandardEngine[Catalina].StandardHost[localhost].StandardContext[/DrugStoreSystem]] after start() had already been called. The second call will be ignored.
21-Nov-2017 12:11:53.853 WARNING [http-nio-8080-exec-280] org.apache.catalina.loader.WebappClassLoaderBase.clearReferencesJdbc The web application [DrugStoreSystem] registered the JDBC driver [com.mysql.jdbc.Driver] but failed to unregister it when the web application was stopped. To prevent a memory leak, the JDBC Driver has been forcibly unregistered.
21-Nov-2017 12:11:54.358 INFO [http-nio-8080-exec-280] org.apache.catalina.startup.HostConfig.undeploy Undeploying context [/DrugStoreSystem]
21-Nov-2017 12:11:54.548 INFO [http-nio-8080-exec-271] org.apache.catalina.startup.HostConfig.deployDescriptor Deploying configuration descriptor [C:\Users\cagla\Downloads\apache-tomcat-9.0.1\conf\Catalina\localhost\DrugStoreSystem.xml]
21-Nov-2017 12:11:54.714 INFO [http-nio-8080-exec-271] org.apache.jasper.servlet.TldScanner.scanJars At least one JAR was scanned for TLDs yet contained no TLDs. Enable debug logging for this logger for a complete list of JARs that were scanned but no TLDs were found in them. Skipping unneeded JARs during scanning can improve startup time and JSP compilation time.
21-Nov-2017 12:11:54.716 INFO [http-nio-8080-exec-271] org.apache.catalina.startup.HostConfig.deployDescriptor Deployment of configuration descriptor [C:\Users\cagla\Downloads\apache-tomcat-9.0.1\conf\Catalina\localhost\DrugStoreSystem.xml] has finished in [168] ms
21-Nov-2017 12:11:54.724 INFO [http-nio-8080-exec-271] org.apache.catalina.util.LifecycleBase.start The start() method was called on component [StandardEngine[Catalina].StandardHost[localhost].StandardContext[/DrugStoreSystem]] after start() had already been called. The second call will be ignored.
21-Nov-2017 12:18:29.312 WARNING [http-nio-8080-exec-282] org.apache.catalina.loader.WebappClassLoaderBase.clearReferencesJdbc The web application [DrugStoreSystem] registered the JDBC driver [com.mysql.jdbc.Driver] but failed to unregister it when the web application was stopped. To prevent a memory leak, the JDBC Driver has been forcibly unregistered.
21-Nov-2017 12:18:29.815 INFO [http-nio-8080-exec-282] org.apache.catalina.startup.HostConfig.undeploy Undeploying context [/DrugStoreSystem]
21-Nov-2017 12:18:29.901 INFO [http-nio-8080-exec-287] org.apache.catalina.startup.HostConfig.deployDescriptor Deploying configuration descriptor [C:\Users\cagla\Downloads\apache-tomcat-9.0.1\conf\Catalina\localhost\DrugStoreSystem.xml]
21-Nov-2017 12:18:30.039 INFO [http-nio-8080-exec-287] org.apache.jasper.servlet.TldScanner.scanJars At least one JAR was scanned for TLDs yet contained no TLDs. Enable debug logging for this logger for a complete list of JARs that were scanned but no TLDs were found in them. Skipping unneeded JARs during scanning can improve startup time and JSP compilation time.
21-Nov-2017 12:18:30.041 INFO [http-nio-8080-exec-287] org.apache.catalina.startup.HostConfig.deployDescriptor Deployment of configuration descriptor [C:\Users\cagla\Downloads\apache-tomcat-9.0.1\conf\Catalina\localhost\DrugStoreSystem.xml] has finished in [141] ms
21-Nov-2017 12:18:30.046 INFO [http-nio-8080-exec-289] org.apache.catalina.util.LifecycleBase.start The start() method was called on component [StandardEngine[Catalina].StandardHost[localhost].StandardContext[/DrugStoreSystem]] after start() had already been called. The second call will be ignored.
21-Nov-2017 12:21:37.464 WARNING [http-nio-8080-exec-298] org.apache.catalina.loader.WebappClassLoaderBase.clearReferencesJdbc The web application [DrugStoreSystem] registered the JDBC driver [com.mysql.jdbc.Driver] but failed to unregister it when the web application was stopped. To prevent a memory leak, the JDBC Driver has been forcibly unregistered.
21-Nov-2017 12:21:37.967 INFO [http-nio-8080-exec-298] org.apache.catalina.startup.HostConfig.undeploy Undeploying context [/DrugStoreSystem]
21-Nov-2017 12:21:37.987 INFO [http-nio-8080-exec-292] org.apache.catalina.startup.HostConfig.deployDescriptor Deploying configuration descriptor [C:\Users\cagla\Downloads\apache-tomcat-9.0.1\conf\Catalina\localhost\DrugStoreSystem.xml]
21-Nov-2017 12:21:38.109 INFO [http-nio-8080-exec-292] org.apache.jasper.servlet.TldScanner.scanJars At least one JAR was scanned for TLDs yet contained no TLDs. Enable debug logging for this logger for a complete list of JARs that were scanned but no TLDs were found in them. Skipping unneeded JARs during scanning can improve startup time and JSP compilation time.
21-Nov-2017 12:21:38.113 INFO [http-nio-8080-exec-292] org.apache.catalina.startup.HostConfig.deployDescriptor Deployment of configuration descriptor [C:\Users\cagla\Downloads\apache-tomcat-9.0.1\conf\Catalina\localhost\DrugStoreSystem.xml] has finished in [126] ms
21-Nov-2017 12:21:38.116 INFO [http-nio-8080-exec-299] org.apache.catalina.util.LifecycleBase.start The start() method was called on component [StandardEngine[Catalina].StandardHost[localhost].StandardContext[/DrugStoreSystem]] after start() had already been called. The second call will be ignored.
21-Nov-2017 12:22:27.563 WARNING [http-nio-8080-exec-303] org.apache.catalina.loader.WebappClassLoaderBase.clearReferencesJdbc The web application [DrugStoreSystem] registered the JDBC driver [com.mysql.jdbc.Driver] but failed to unregister it when the web application was stopped. To prevent a memory leak, the JDBC Driver has been forcibly unregistered.
21-Nov-2017 12:22:28.067 INFO [http-nio-8080-exec-303] org.apache.catalina.startup.HostConfig.undeploy Undeploying context [/DrugStoreSystem]
21-Nov-2017 12:22:28.228 INFO [http-nio-8080-exec-302] org.apache.catalina.startup.HostConfig.deployDescriptor Deploying configuration descriptor [C:\Users\cagla\Downloads\apache-tomcat-9.0.1\conf\Catalina\localhost\DrugStoreSystem.xml]
21-Nov-2017 12:22:28.334 INFO [http-nio-8080-exec-302] org.apache.jasper.servlet.TldScanner.scanJars At least one JAR was scanned for TLDs yet contained no TLDs. Enable debug logging for this logger for a complete list of JARs that were scanned but no TLDs were found in them. Skipping unneeded JARs during scanning can improve startup time and JSP compilation time.
21-Nov-2017 12:22:28.336 INFO [http-nio-8080-exec-302] org.apache.catalina.startup.HostConfig.deployDescriptor Deployment of configuration descriptor [C:\Users\cagla\Downloads\apache-tomcat-9.0.1\conf\Catalina\localhost\DrugStoreSystem.xml] has finished in [108] ms
21-Nov-2017 12:22:28.346 INFO [http-nio-8080-exec-305] org.apache.catalina.util.LifecycleBase.start The start() method was called on component [StandardEngine[Catalina].StandardHost[localhost].StandardContext[/DrugStoreSystem]] after start() had already been called. The second call will be ignored.
21-Nov-2017 12:25:03.165 INFO [http-nio-8080-exec-313] org.apache.catalina.core.StandardContext.reload Reloading Context with name [/DrugStoreSystem] has started
21-Nov-2017 12:25:03.183 WARNING [http-nio-8080-exec-313] org.apache.catalina.loader.WebappClassLoaderBase.clearReferencesJdbc The web application [DrugStoreSystem] registered the JDBC driver [com.mysql.jdbc.Driver] but failed to unregister it when the web application was stopped. To prevent a memory leak, the JDBC Driver has been forcibly unregistered.
21-Nov-2017 12:25:03.542 INFO [http-nio-8080-exec-313] org.apache.jasper.servlet.TldScanner.scanJars At least one JAR was scanned for TLDs yet contained no TLDs. Enable debug logging for this logger for a complete list of JARs that were scanned but no TLDs were found in them. Skipping unneeded JARs during scanning can improve startup time and JSP compilation time.
21-Nov-2017 12:25:03.550 INFO [http-nio-8080-exec-313] org.apache.catalina.core.StandardContext.reload Reloading Context with name [/DrugStoreSystem] is completed
21-Nov-2017 12:25:03.938 INFO [http-nio-8080-exec-306] org.apache.catalina.core.StandardContext.reload Reloading Context with name [/DrugStoreSystem] has started
21-Nov-2017 12:25:04.392 INFO [http-nio-8080-exec-306] org.apache.jasper.servlet.TldScanner.scanJars At least one JAR was scanned for TLDs yet contained no TLDs. Enable debug logging for this logger for a complete list of JARs that were scanned but no TLDs were found in them. Skipping unneeded JARs during scanning can improve startup time and JSP compilation time.
21-Nov-2017 12:25:04.408 INFO [http-nio-8080-exec-306] org.apache.catalina.core.StandardContext.reload Reloading Context with name [/DrugStoreSystem] is completed
21-Nov-2017 12:31:27.900 INFO [http-nio-8080-exec-319] org.apache.catalina.core.StandardContext.reload Reloading Context with name [/DrugStoreSystem] has started
21-Nov-2017 12:31:28.025 INFO [http-nio-8080-exec-319] org.apache.jasper.servlet.TldScanner.scanJars At least one JAR was scanned for TLDs yet contained no TLDs. Enable debug logging for this logger for a complete list of JARs that were scanned but no TLDs were found in them. Skipping unneeded JARs during scanning can improve startup time and JSP compilation time.
21-Nov-2017 12:31:28.029 INFO [http-nio-8080-exec-319] org.apache.catalina.core.StandardContext.reload Reloading Context with name [/DrugStoreSystem] is completed
21-Nov-2017 12:31:33.708 INFO [http-nio-8080-exec-318] org.apache.catalina.core.StandardContext.reload Reloading Context with name [/DrugStoreSystem] has started
21-Nov-2017 12:31:33.823 INFO [http-nio-8080-exec-318] org.apache.jasper.servlet.TldScanner.scanJars At least one JAR was scanned for TLDs yet contained no TLDs. Enable debug logging for this logger for a complete list of JARs that were scanned but no TLDs were found in them. Skipping unneeded JARs during scanning can improve startup time and JSP compilation time.
21-Nov-2017 12:31:33.829 INFO [http-nio-8080-exec-318] org.apache.catalina.core.StandardContext.reload Reloading Context with name [/DrugStoreSystem] is completed
21-Nov-2017 12:35:20.113 INFO [http-nio-8080-exec-327] org.apache.catalina.startup.HostConfig.undeploy Undeploying context [/DrugStoreSystem]
21-Nov-2017 12:35:20.264 INFO [http-nio-8080-exec-328] org.apache.catalina.startup.HostConfig.deployDescriptor Deploying configuration descriptor [C:\Users\cagla\Downloads\apache-tomcat-9.0.1\conf\Catalina\localhost\DrugStoreSystem.xml]
21-Nov-2017 12:35:20.417 INFO [http-nio-8080-exec-328] org.apache.jasper.servlet.TldScanner.scanJars At least one JAR was scanned for TLDs yet contained no TLDs. Enable debug logging for this logger for a complete list of JARs that were scanned but no TLDs were found in them. Skipping unneeded JARs during scanning can improve startup time and JSP compilation time.
21-Nov-2017 12:35:20.429 INFO [http-nio-8080-exec-328] org.apache.catalina.startup.HostConfig.deployDescriptor Deployment of configuration descriptor [C:\Users\cagla\Downloads\apache-tomcat-9.0.1\conf\Catalina\localhost\DrugStoreSystem.xml] has finished in [165] ms
21-Nov-2017 12:35:20.440 INFO [http-nio-8080-exec-326] org.apache.catalina.util.LifecycleBase.start The start() method was called on component [StandardEngine[Catalina].StandardHost[localhost].StandardContext[/DrugStoreSystem]] after start() had already been called. The second call will be ignored.
21-Nov-2017 12:42:42.975 WARNING [http-nio-8080-exec-331] org.apache.catalina.loader.WebappClassLoaderBase.clearReferencesJdbc The web application [DrugStoreSystem] registered the JDBC driver [com.mysql.jdbc.Driver] but failed to unregister it when the web application was stopped. To prevent a memory leak, the JDBC Driver has been forcibly unregistered.
21-Nov-2017 12:42:43.479 INFO [http-nio-8080-exec-331] org.apache.catalina.startup.HostConfig.undeploy Undeploying context [/DrugStoreSystem]
21-Nov-2017 12:42:43.615 INFO [http-nio-8080-exec-336] org.apache.catalina.startup.HostConfig.deployDescriptor Deploying configuration descriptor [C:\Users\cagla\Downloads\apache-tomcat-9.0.1\conf\Catalina\localhost\DrugStoreSystem.xml]
21-Nov-2017 12:42:43.931 INFO [http-nio-8080-exec-336] org.apache.jasper.servlet.TldScanner.scanJars At least one JAR was scanned for TLDs yet contained no TLDs. Enable debug logging for this logger for a complete list of JARs that were scanned but no TLDs were found in them. Skipping unneeded JARs during scanning can improve startup time and JSP compilation time.
21-Nov-2017 12:42:43.936 INFO [http-nio-8080-exec-336] org.apache.catalina.startup.HostConfig.deployDescriptor Deployment of configuration descriptor [C:\Users\cagla\Downloads\apache-tomcat-9.0.1\conf\Catalina\localhost\DrugStoreSystem.xml] has finished in [321] ms
21-Nov-2017 12:42:43.942 INFO [http-nio-8080-exec-338] org.apache.catalina.util.LifecycleBase.start The start() method was called on component [StandardEngine[Catalina].StandardHost[localhost].StandardContext[/DrugStoreSystem]] after start() had already been called. The second call will be ignored.
21-Nov-2017 12:43:13.263 WARNING [http-nio-8080-exec-333] org.apache.catalina.loader.WebappClassLoaderBase.clearReferencesJdbc The web application [DrugStoreSystem] registered the JDBC driver [com.mysql.jdbc.Driver] but failed to unregister it when the web application was stopped. To prevent a memory leak, the JDBC Driver has been forcibly unregistered.
21-Nov-2017 12:43:13.771 INFO [http-nio-8080-exec-333] org.apache.catalina.startup.HostConfig.undeploy Undeploying context [/DrugStoreSystem]
21-Nov-2017 12:43:13.849 INFO [http-nio-8080-exec-346] org.apache.catalina.startup.HostConfig.deployDescriptor Deploying configuration descriptor [C:\Users\cagla\Downloads\apache-tomcat-9.0.1\conf\Catalina\localhost\DrugStoreSystem.xml]
21-Nov-2017 12:43:14.146 INFO [http-nio-8080-exec-346] org.apache.jasper.servlet.TldScanner.scanJars At least one JAR was scanned for TLDs yet contained no TLDs. Enable debug logging for this logger for a complete list of JARs that were scanned but no TLDs were found in them. Skipping unneeded JARs during scanning can improve startup time and JSP compilation time.
21-Nov-2017 12:43:14.153 INFO [http-nio-8080-exec-346] org.apache.catalina.startup.HostConfig.deployDescriptor Deployment of configuration descriptor [C:\Users\cagla\Downloads\apache-tomcat-9.0.1\conf\Catalina\localhost\DrugStoreSystem.xml] has finished in [303] ms
21-Nov-2017 12:43:14.163 INFO [http-nio-8080-exec-347] org.apache.catalina.util.LifecycleBase.start The start() method was called on component [StandardEngine[Catalina].StandardHost[localhost].StandardContext[/DrugStoreSystem]] after start() had already been called. The second call will be ignored.
21-Nov-2017 12:51:13.451 WARNING [http-nio-8080-exec-350] org.apache.catalina.loader.WebappClassLoaderBase.clearReferencesJdbc The web application [DrugStoreSystem] registered the JDBC driver [com.mysql.jdbc.Driver] but failed to unregister it when the web application was stopped. To prevent a memory leak, the JDBC Driver has been forcibly unregistered.
21-Nov-2017 12:51:13.956 INFO [http-nio-8080-exec-350] org.apache.catalina.startup.HostConfig.undeploy Undeploying context [/DrugStoreSystem]
21-Nov-2017 12:51:13.977 INFO [http-nio-8080-exec-349] org.apache.catalina.startup.HostConfig.deployDescriptor Deploying configuration descriptor [C:\Users\cagla\Downloads\apache-tomcat-9.0.1\conf\Catalina\localhost\DrugStoreSystem.xml]
21-Nov-2017 12:51:14.079 INFO [http-nio-8080-exec-349] org.apache.jasper.servlet.TldScanner.scanJars At least one JAR was scanned for TLDs yet contained no TLDs. Enable debug logging for this logger for a complete list of JARs that were scanned but no TLDs were found in them. Skipping unneeded JARs during scanning can improve startup time and JSP compilation time.
21-Nov-2017 12:51:14.081 INFO [http-nio-8080-exec-349] org.apache.catalina.startup.HostConfig.deployDescriptor Deployment of configuration descriptor [C:\Users\cagla\Downloads\apache-tomcat-9.0.1\conf\Catalina\localhost\DrugStoreSystem.xml] has finished in [104] ms
21-Nov-2017 12:51:14.086 INFO [http-nio-8080-exec-351] org.apache.catalina.util.LifecycleBase.start The start() method was called on component [StandardEngine[Catalina].StandardHost[localhost].StandardContext[/DrugStoreSystem]] after start() had already been called. The second call will be ignored.
21-Nov-2017 12:55:05.729 INFO [http-nio-8080-exec-361] org.apache.catalina.startup.HostConfig.undeploy Undeploying context [/DrugStoreSystem]
21-Nov-2017 12:55:05.740 INFO [http-nio-8080-exec-363] org.apache.catalina.startup.HostConfig.deployDescriptor Deploying configuration descriptor [C:\Users\cagla\Downloads\apache-tomcat-9.0.1\conf\Catalina\localhost\DrugStoreSystem.xml]
21-Nov-2017 12:55:05.833 INFO [http-nio-8080-exec-363] org.apache.jasper.servlet.TldScanner.scanJars At least one JAR was scanned for TLDs yet contained no TLDs. Enable debug logging for this logger for a complete list of JARs that were scanned but no TLDs were found in them. Skipping unneeded JARs during scanning can improve startup time and JSP compilation time.
21-Nov-2017 12:55:05.835 INFO [http-nio-8080-exec-363] org.apache.catalina.startup.HostConfig.deployDescriptor Deployment of configuration descriptor [C:\Users\cagla\Downloads\apache-tomcat-9.0.1\conf\Catalina\localhost\DrugStoreSystem.xml] has finished in [95] ms
21-Nov-2017 12:55:05.839 INFO [http-nio-8080-exec-360] org.apache.catalina.util.LifecycleBase.start The start() method was called on component [StandardEngine[Catalina].StandardHost[localhost].StandardContext[/DrugStoreSystem]] after start() had already been called. The second call will be ignored.
21-Nov-2017 13:02:51.024 WARNING [http-nio-8080-exec-378] org.apache.catalina.loader.WebappClassLoaderBase.clearReferencesJdbc The web application [DrugStoreSystem] registered the JDBC driver [com.mysql.jdbc.Driver] but failed to unregister it when the web application was stopped. To prevent a memory leak, the JDBC Driver has been forcibly unregistered.
21-Nov-2017 13:02:51.538 INFO [http-nio-8080-exec-378] org.apache.catalina.startup.HostConfig.undeploy Undeploying context [/DrugStoreSystem]
21-Nov-2017 13:02:51.554 INFO [http-nio-8080-exec-371] org.apache.catalina.startup.HostConfig.deployDescriptor Deploying configuration descriptor [C:\Users\cagla\Downloads\apache-tomcat-9.0.1\conf\Catalina\localhost\DrugStoreSystem.xml]
21-Nov-2017 13:02:51.788 INFO [http-nio-8080-exec-371] org.apache.jasper.servlet.TldScanner.scanJars At least one JAR was scanned for TLDs yet contained no TLDs. Enable debug logging for this logger for a complete list of JARs that were scanned but no TLDs were found in them. Skipping unneeded JARs during scanning can improve startup time and JSP compilation time.
21-Nov-2017 13:02:51.788 INFO [http-nio-8080-exec-371] org.apache.catalina.startup.HostConfig.deployDescriptor Deployment of configuration descriptor [C:\Users\cagla\Downloads\apache-tomcat-9.0.1\conf\Catalina\localhost\DrugStoreSystem.xml] has finished in [234] ms
21-Nov-2017 13:02:51.804 INFO [http-nio-8080-exec-376] org.apache.catalina.util.LifecycleBase.start The start() method was called on component [StandardEngine[Catalina].StandardHost[localhost].StandardContext[/DrugStoreSystem]] after start() had already been called. The second call will be ignored.
21-Nov-2017 13:05:01.518 WARNING [http-nio-8080-exec-386] org.apache.catalina.loader.WebappClassLoaderBase.clearReferencesJdbc The web application [DrugStoreSystem] registered the JDBC driver [com.mysql.jdbc.Driver] but failed to unregister it when the web application was stopped. To prevent a memory leak, the JDBC Driver has been forcibly unregistered.
21-Nov-2017 13:05:02.033 INFO [http-nio-8080-exec-386] org.apache.catalina.startup.HostConfig.undeploy Undeploying context [/DrugStoreSystem]
21-Nov-2017 13:05:02.048 INFO [http-nio-8080-exec-384] org.apache.catalina.startup.HostConfig.deployDescriptor Deploying configuration descriptor [C:\Users\cagla\Downloads\apache-tomcat-9.0.1\conf\Catalina\localhost\DrugStoreSystem.xml]
21-Nov-2017 13:05:02.157 INFO [http-nio-8080-exec-384] org.apache.jasper.servlet.TldScanner.scanJars At least one JAR was scanned for TLDs yet contained no TLDs. Enable debug logging for this logger for a complete list of JARs that were scanned but no TLDs were found in them. Skipping unneeded JARs during scanning can improve startup time and JSP compilation time.
21-Nov-2017 13:05:02.157 INFO [http-nio-8080-exec-384] org.apache.catalina.startup.HostConfig.deployDescriptor Deployment of configuration descriptor [C:\Users\cagla\Downloads\apache-tomcat-9.0.1\conf\Catalina\localhost\DrugStoreSystem.xml] has finished in [109] ms
21-Nov-2017 13:05:02.157 INFO [http-nio-8080-exec-387] org.apache.catalina.util.LifecycleBase.start The start() method was called on component [StandardEngine[Catalina].StandardHost[localhost].StandardContext[/DrugStoreSystem]] after start() had already been called. The second call will be ignored.
