04-Nov-2017 02:00:34.723 INFO [http-nio-8080-exec-4] org.apache.catalina.core.ApplicationContext.log Manager: init: Associated with Deployer 'Catalina:type=Deployer,host=localhost'
04-Nov-2017 02:00:34.723 INFO [http-nio-8080-exec-4] org.apache.catalina.core.ApplicationContext.log Manager: init: Global resources are available
04-Nov-2017 02:00:39.786 INFO [http-nio-8080-exec-4] org.apache.catalina.core.ApplicationContext.log Manager: list: Listing contexts for virtual host 'localhost'
04-Nov-2017 02:00:39.786 INFO [http-nio-8080-exec-2] org.apache.catalina.core.ApplicationContext.log Manager: list: Listing contexts for virtual host 'localhost'
04-Nov-2017 02:00:39.864 INFO [http-nio-8080-exec-5] org.apache.catalina.core.ApplicationContext.log Manager: install: Installing context configuration at 'file:/C:/Users/cagla/AppData/Local/Temp/context3941180354737971111.xml'
04-Nov-2017 02:07:23.711 INFO [http-nio-8080-exec-6] org.apache.catalina.core.ApplicationContext.log Manager: list: Listing contexts for virtual host 'localhost'
04-Nov-2017 02:07:23.743 INFO [http-nio-8080-exec-4] org.apache.catalina.core.ApplicationContext.log Manager: undeploy: Undeploying web application at '/DrugStore'
04-Nov-2017 02:07:24.362 INFO [http-nio-8080-exec-5] org.apache.catalina.core.ApplicationContext.log Manager: install: Installing context configuration at 'file:/C:/Users/cagla/AppData/Local/Temp/context8460475247477605520.xml'
04-Nov-2017 02:08:19.252 INFO [http-nio-8081-exec-6] org.apache.catalina.core.ApplicationContext.log Manager: init: Associated with Deployer 'Catalina:type=Deployer,host=localhost'
04-Nov-2017 02:08:19.252 INFO [http-nio-8081-exec-6] org.apache.catalina.core.ApplicationContext.log Manager: init: Global resources are available
04-Nov-2017 02:08:19.913 INFO [http-nio-8081-exec-10] org.apache.catalina.core.ApplicationContext.log Manager: list: Listing contexts for virtual host 'localhost'
04-Nov-2017 02:08:19.922 INFO [http-nio-8081-exec-2] org.apache.catalina.core.ApplicationContext.log Manager: undeploy: Undeploying web application at '/DrugStore'
04-Nov-2017 02:08:20.693 INFO [http-nio-8081-exec-5] org.apache.catalina.core.ApplicationContext.log Manager: install: Installing context configuration at 'file:/C:/Users/cagla/AppData/Local/Temp/context829304791438687885.xml'
04-Nov-2017 02:11:38.189 INFO [http-nio-8080-exec-19] org.apache.catalina.core.ApplicationContext.log Manager: list: Listing contexts for virtual host 'localhost'
04-Nov-2017 02:11:38.197 INFO [http-nio-8080-exec-16] org.apache.catalina.core.ApplicationContext.log Manager: undeploy: Undeploying web application at '/DrugStore'
04-Nov-2017 02:11:38.878 INFO [http-nio-8080-exec-17] org.apache.catalina.core.ApplicationContext.log Manager: install: Installing context configuration at 'file:/C:/Users/cagla/AppData/Local/Temp/context4157653432833654234.xml'
04-Nov-2017 02:11:41.481 INFO [http-nio-8080-exec-21] org.apache.catalina.core.ApplicationContext.log Manager: start: Starting web application '/DrugStore'
04-Nov-2017 02:12:18.610 INFO [http-nio-8080-exec-19] org.apache.catalina.core.ApplicationContext.log Manager: list: Listing contexts for virtual host 'localhost'
04-Nov-2017 02:14:48.256 INFO [http-nio-8080-exec-19] org.apache.catalina.core.ApplicationContext.log Manager: list: Listing contexts for virtual host 'localhost'
04-Nov-2017 02:14:54.029 INFO [http-nio-8080-exec-25] org.apache.catalina.core.ApplicationContext.log Manager: list: Listing contexts for virtual host 'localhost'
04-Nov-2017 02:14:54.029 INFO [http-nio-8080-exec-34] org.apache.catalina.core.ApplicationContext.log Manager: list: Listing contexts for virtual host 'localhost'
04-Nov-2017 02:14:54.029 INFO [http-nio-8080-exec-33] org.apache.catalina.core.ApplicationContext.log Manager: undeploy: Undeploying web application at '/DrugStore'
04-Nov-2017 02:14:54.622 INFO [http-nio-8080-exec-25] org.apache.catalina.core.ApplicationContext.log Manager: install: Installing context configuration at 'file:/C:/Users/cagla/AppData/Local/Temp/context3373903930256553278.xml'
04-Nov-2017 02:14:56.561 INFO [http-nio-8080-exec-26] org.apache.catalina.core.ApplicationContext.log Manager: start: Starting web application '/DrugStore'
04-Nov-2017 02:21:52.378 INFO [http-nio-8080-exec-36] org.apache.catalina.core.ApplicationContext.log Manager: list: Listing contexts for virtual host 'localhost'
04-Nov-2017 02:21:56.218 INFO [http-nio-8080-exec-36] org.apache.catalina.core.ApplicationContext.log Manager: list: Listing contexts for virtual host 'localhost'
04-Nov-2017 02:21:56.218 INFO [http-nio-8080-exec-38] org.apache.catalina.core.ApplicationContext.log Manager: list: Listing contexts for virtual host 'localhost'
04-Nov-2017 02:22:23.019 INFO [http-nio-8080-exec-44] org.apache.catalina.core.ApplicationContext.log Manager: list: Listing contexts for virtual host 'localhost'
04-Nov-2017 02:22:26.003 INFO [http-nio-8080-exec-43] org.apache.catalina.core.ApplicationContext.log Manager: list: Listing contexts for virtual host 'localhost'
04-Nov-2017 02:22:26.003 INFO [http-nio-8080-exec-44] org.apache.catalina.core.ApplicationContext.log Manager: list: Listing contexts for virtual host 'localhost'
04-Nov-2017 02:22:28.527 INFO [http-nio-8080-exec-38] org.apache.catalina.core.ApplicationContext.log Manager: list: Listing contexts for virtual host 'localhost'
04-Nov-2017 02:22:31.088 INFO [http-nio-8080-exec-37] org.apache.catalina.core.ApplicationContext.log Manager: list: Listing contexts for virtual host 'localhost'
04-Nov-2017 02:22:31.104 INFO [http-nio-8080-exec-40] org.apache.catalina.core.ApplicationContext.log Manager: list: Listing contexts for virtual host 'localhost'
04-Nov-2017 02:24:36.019 INFO [http-nio-8080-exec-36] org.apache.catalina.core.ApplicationContext.log Manager: list: Listing contexts for virtual host 'localhost'
04-Nov-2017 02:24:36.034 INFO [http-nio-8080-exec-35] org.apache.catalina.core.ApplicationContext.log Manager: stop: Stopping web application '/DrugStore'
04-Nov-2017 02:24:36.190 INFO [http-nio-8080-exec-41] org.apache.catalina.core.ApplicationContext.log Manager: start: Starting web application '/DrugStore'
04-Nov-2017 02:24:46.565 INFO [http-nio-8080-exec-37] org.apache.catalina.core.ApplicationContext.log Manager: list: Listing contexts for virtual host 'localhost'
04-Nov-2017 02:24:46.581 INFO [http-nio-8080-exec-46] org.apache.catalina.core.ApplicationContext.log Manager: list: Listing contexts for virtual host 'localhost'
04-Nov-2017 02:24:46.596 INFO [http-nio-8080-exec-45] org.apache.catalina.core.ApplicationContext.log Manager: stop: Stopping web application '/DrugStore'
04-Nov-2017 02:24:46.612 INFO [http-nio-8080-exec-46] org.apache.catalina.core.ApplicationContext.log Manager: start: Starting web application '/DrugStore'
04-Nov-2017 02:25:22.733 INFO [http-nio-8080-exec-51] org.apache.catalina.core.ApplicationContext.log Manager: list: Listing contexts for virtual host 'localhost'
04-Nov-2017 02:25:24.748 INFO [http-nio-8080-exec-49] org.apache.catalina.core.ApplicationContext.log Manager: list: Listing contexts for virtual host 'localhost'
04-Nov-2017 02:25:24.764 INFO [http-nio-8080-exec-50] org.apache.catalina.core.ApplicationContext.log Manager: list: Listing contexts for virtual host 'localhost'
04-Nov-2017 02:26:00.815 INFO [http-nio-8080-exec-42] org.apache.catalina.core.ApplicationContext.log Manager: list: Listing contexts for virtual host 'localhost'
04-Nov-2017 02:26:56.190 INFO [http-nio-8080-exec-51] org.apache.catalina.core.ApplicationContext.log Manager: list: Listing contexts for virtual host 'localhost'
04-Nov-2017 02:26:59.221 INFO [http-nio-8080-exec-50] org.apache.catalina.core.ApplicationContext.log Manager: list: Listing contexts for virtual host 'localhost'
04-Nov-2017 02:26:59.221 INFO [http-nio-8080-exec-52] org.apache.catalina.core.ApplicationContext.log Manager: list: Listing contexts for virtual host 'localhost'
04-Nov-2017 11:07:21.738 INFO [http-nio-8080-exec-10] org.apache.catalina.core.ApplicationContext.log Manager: init: Associated with Deployer 'Catalina:type=Deployer,host=localhost'
04-Nov-2017 11:07:21.738 INFO [http-nio-8080-exec-10] org.apache.catalina.core.ApplicationContext.log Manager: init: Global resources are available
04-Nov-2017 11:07:22.393 INFO [http-nio-8080-exec-7] org.apache.catalina.core.ApplicationContext.log Manager: list: Listing contexts for virtual host 'localhost'
04-Nov-2017 11:07:22.409 INFO [http-nio-8080-exec-3] org.apache.catalina.core.ApplicationContext.log Manager: list: Listing contexts for virtual host 'localhost'
04-Nov-2017 11:07:22.455 INFO [http-nio-8080-exec-11] org.apache.catalina.core.ApplicationContext.log Manager: restart: Reloading web application '/DrugStore'
04-Nov-2017 11:07:22.455 SEVERE [http-nio-8080-exec-11] org.apache.catalina.core.ApplicationContext.log Manager: ManagerServlet.reload[/DrugStore]
 java.lang.IllegalStateException: Context with name [/DrugStore] has not yet been started
	at org.apache.catalina.core.StandardContext.reload(StandardContext.java:3683)
	at org.apache.catalina.manager.ManagerServlet.reload(ManagerServlet.java:1004)
	at org.apache.catalina.manager.ManagerServlet.doGet(ManagerServlet.java:346)
	at javax.servlet.http.HttpServlet.service(HttpServlet.java:634)
	at javax.servlet.http.HttpServlet.service(HttpServlet.java:741)
	at org.apache.catalina.core.ApplicationFilterChain.internalDoFilter(ApplicationFilterChain.java:231)
	at org.apache.catalina.core.ApplicationFilterChain.doFilter(ApplicationFilterChain.java:166)
	at org.apache.tomcat.websocket.server.WsFilter.doFilter(WsFilter.java:53)
	at org.apache.catalina.core.ApplicationFilterChain.internalDoFilter(ApplicationFilterChain.java:193)
	at org.apache.catalina.core.ApplicationFilterChain.doFilter(ApplicationFilterChain.java:166)
	at org.apache.catalina.core.StandardWrapperValve.invoke(StandardWrapperValve.java:199)
	at org.apache.catalina.core.StandardContextValve.invoke(StandardContextValve.java:96)
	at org.apache.catalina.authenticator.AuthenticatorBase.invoke(AuthenticatorBase.java:592)
	at org.apache.catalina.valves.RequestFilterValve.process(RequestFilterValve.java:348)
	at org.apache.catalina.valves.RemoteAddrValve.invoke(RemoteAddrValve.java:52)
	at org.apache.catalina.core.StandardHostValve.invoke(StandardHostValve.java:140)
	at org.apache.catalina.valves.ErrorReportValve.invoke(ErrorReportValve.java:81)
	at org.apache.catalina.valves.AbstractAccessLogValve.invoke(AbstractAccessLogValve.java:651)
	at org.apache.catalina.core.StandardEngineValve.invoke(StandardEngineValve.java:87)
	at org.apache.catalina.connector.CoyoteAdapter.service(CoyoteAdapter.java:342)
	at org.apache.coyote.http11.Http11Processor.service(Http11Processor.java:500)
	at org.apache.coyote.AbstractProcessorLight.process(AbstractProcessorLight.java:66)
	at org.apache.coyote.AbstractProtocol$ConnectionHandler.process(AbstractProtocol.java:754)
	at org.apache.tomcat.util.net.NioEndpoint$SocketProcessor.doRun(NioEndpoint.java:1376)
	at org.apache.tomcat.util.net.SocketProcessorBase.run(SocketProcessorBase.java:49)
	at java.util.concurrent.ThreadPoolExecutor.runWorker(ThreadPoolExecutor.java:1149)
	at java.util.concurrent.ThreadPoolExecutor$Worker.run(ThreadPoolExecutor.java:624)
	at org.apache.tomcat.util.threads.TaskThread$WrappingRunnable.run(TaskThread.java:61)
	at java.lang.Thread.run(Thread.java:748)

04-Nov-2017 11:08:10.192 INFO [http-nio-8080-exec-1] org.apache.catalina.core.ApplicationContext.log Manager: list: Listing contexts for virtual host 'localhost'
04-Nov-2017 11:08:10.207 INFO [http-nio-8080-exec-6] org.apache.catalina.core.ApplicationContext.log Manager: restart: Reloading web application '/DrugStore'
04-Nov-2017 11:08:10.207 SEVERE [http-nio-8080-exec-6] org.apache.catalina.core.ApplicationContext.log Manager: ManagerServlet.reload[/DrugStore]
 java.lang.IllegalStateException: Context with name [/DrugStore] has not yet been started
	at org.apache.catalina.core.StandardContext.reload(StandardContext.java:3683)
	at org.apache.catalina.manager.ManagerServlet.reload(ManagerServlet.java:1004)
	at org.apache.catalina.manager.ManagerServlet.doGet(ManagerServlet.java:346)
	at javax.servlet.http.HttpServlet.service(HttpServlet.java:634)
	at javax.servlet.http.HttpServlet.service(HttpServlet.java:741)
	at org.apache.catalina.core.ApplicationFilterChain.internalDoFilter(ApplicationFilterChain.java:231)
	at org.apache.catalina.core.ApplicationFilterChain.doFilter(ApplicationFilterChain.java:166)
	at org.apache.tomcat.websocket.server.WsFilter.doFilter(WsFilter.java:53)
	at org.apache.catalina.core.ApplicationFilterChain.internalDoFilter(ApplicationFilterChain.java:193)
	at org.apache.catalina.core.ApplicationFilterChain.doFilter(ApplicationFilterChain.java:166)
	at org.apache.catalina.core.StandardWrapperValve.invoke(StandardWrapperValve.java:199)
	at org.apache.catalina.core.StandardContextValve.invoke(StandardContextValve.java:96)
	at org.apache.catalina.authenticator.AuthenticatorBase.invoke(AuthenticatorBase.java:592)
	at org.apache.catalina.valves.RequestFilterValve.process(RequestFilterValve.java:348)
	at org.apache.catalina.valves.RemoteAddrValve.invoke(RemoteAddrValve.java:52)
	at org.apache.catalina.core.StandardHostValve.invoke(StandardHostValve.java:140)
	at org.apache.catalina.valves.ErrorReportValve.invoke(ErrorReportValve.java:81)
	at org.apache.catalina.valves.AbstractAccessLogValve.invoke(AbstractAccessLogValve.java:651)
	at org.apache.catalina.core.StandardEngineValve.invoke(StandardEngineValve.java:87)
	at org.apache.catalina.connector.CoyoteAdapter.service(CoyoteAdapter.java:342)
	at org.apache.coyote.http11.Http11Processor.service(Http11Processor.java:500)
	at org.apache.coyote.AbstractProcessorLight.process(AbstractProcessorLight.java:66)
	at org.apache.coyote.AbstractProtocol$ConnectionHandler.process(AbstractProtocol.java:754)
	at org.apache.tomcat.util.net.NioEndpoint$SocketProcessor.doRun(NioEndpoint.java:1376)
	at org.apache.tomcat.util.net.SocketProcessorBase.run(SocketProcessorBase.java:49)
	at java.util.concurrent.ThreadPoolExecutor.runWorker(ThreadPoolExecutor.java:1149)
	at java.util.concurrent.ThreadPoolExecutor$Worker.run(ThreadPoolExecutor.java:624)
	at org.apache.tomcat.util.threads.TaskThread$WrappingRunnable.run(TaskThread.java:61)
	at java.lang.Thread.run(Thread.java:748)

04-Nov-2017 11:08:16.026 INFO [http-nio-8080-exec-11] org.apache.catalina.core.ApplicationContext.log Manager: list: Listing contexts for virtual host 'localhost'
04-Nov-2017 11:08:16.042 INFO [http-nio-8080-exec-1] org.apache.catalina.core.ApplicationContext.log Manager: list: Listing contexts for virtual host 'localhost'
04-Nov-2017 11:08:16.073 INFO [http-nio-8080-exec-12] org.apache.catalina.core.ApplicationContext.log Manager: undeploy: Undeploying web application at '/DrugStore'
04-Nov-2017 11:08:18.007 INFO [http-nio-8080-exec-8] org.apache.catalina.core.ApplicationContext.log Manager: install: Installing context configuration at 'file:/C:/Users/cagla/AppData/Local/Temp/context6915051083642419865.xml'
04-Nov-2017 11:08:22.313 INFO [http-nio-8080-exec-3] org.apache.catalina.core.ApplicationContext.log Manager: start: Starting web application '/DrugStore'
04-Nov-2017 11:08:22.391 INFO [http-nio-8080-exec-3] org.apache.catalina.core.ApplicationContext.log Manager: list: Listing contexts for virtual host 'localhost'
04-Nov-2017 11:08:22.406 INFO [http-nio-8080-exec-7] org.apache.catalina.core.ApplicationContext.log Manager: restart: Reloading web application '/DrugStore'
04-Nov-2017 11:08:25.105 INFO [http-nio-8080-exec-1] org.apache.catalina.core.ApplicationContext.log Manager: list: Listing contexts for virtual host 'localhost'
04-Nov-2017 11:08:25.121 INFO [http-nio-8080-exec-5] org.apache.catalina.core.ApplicationContext.log Manager: restart: Reloading web application '/DrugStore'
04-Nov-2017 11:08:27.617 INFO [http-nio-8080-exec-4] org.apache.catalina.core.ApplicationContext.log Manager: list: Listing contexts for virtual host 'localhost'
04-Nov-2017 11:08:27.632 INFO [http-nio-8080-exec-10] org.apache.catalina.core.ApplicationContext.log Manager: restart: Reloading web application '/DrugStore'
04-Nov-2017 11:08:32.468 INFO [http-nio-8080-exec-18] org.apache.catalina.core.ApplicationContext.log Manager: list: Listing contexts for virtual host 'localhost'
04-Nov-2017 11:08:32.484 INFO [http-nio-8080-exec-2] org.apache.catalina.core.ApplicationContext.log Manager: restart: Reloading web application '/DrugStore'
