30-Nov-2017 00:00:10.645 INFO [http-nio-8080-exec-223] org.apache.catalina.core.ApplicationContext.log Manager: list: Listing contexts for virtual host 'localhost'
30-Nov-2017 00:00:15.624 INFO [http-nio-8080-exec-214] org.apache.catalina.core.ApplicationContext.log Manager: list: Listing contexts for virtual host 'localhost'
30-Nov-2017 00:00:15.627 INFO [http-nio-8080-exec-222] org.apache.catalina.core.ApplicationContext.log Manager: list: Listing contexts for virtual host 'localhost'
30-Nov-2017 00:00:15.639 INFO [http-nio-8080-exec-221] org.apache.catalina.core.ApplicationContext.log Manager: undeploy: Undeploying web application at '/DrugStoreSystem'
30-Nov-2017 00:00:16.164 INFO [http-nio-8080-exec-216] org.apache.catalina.core.ApplicationContext.log Manager: install: Installing context configuration at 'file:/C:/Users/cagla/AppData/Local/Temp/context3696428830482155373.xml'
30-Nov-2017 00:00:16.616 INFO [http-nio-8080-exec-219] org.apache.catalina.core.ApplicationContext.log Manager: start: Starting web application '/DrugStoreSystem'
30-Nov-2017 00:02:04.705 INFO [http-nio-8080-exec-225] org.apache.catalina.core.ApplicationContext.log Manager: list: Listing contexts for virtual host 'localhost'
30-Nov-2017 00:02:09.506 INFO [http-nio-8080-exec-229] org.apache.catalina.core.ApplicationContext.log Manager: list: Listing contexts for virtual host 'localhost'
30-Nov-2017 00:02:09.508 INFO [http-nio-8080-exec-226] org.apache.catalina.core.ApplicationContext.log Manager: list: Listing contexts for virtual host 'localhost'
30-Nov-2017 00:02:09.518 INFO [http-nio-8080-exec-227] org.apache.catalina.core.ApplicationContext.log Manager: undeploy: Undeploying web application at '/DrugStoreSystem'
30-Nov-2017 00:02:10.050 INFO [http-nio-8080-exec-230] org.apache.catalina.core.ApplicationContext.log Manager: install: Installing context configuration at 'file:/C:/Users/cagla/AppData/Local/Temp/context3883180436731416951.xml'
30-Nov-2017 00:02:10.520 INFO [http-nio-8080-exec-223] org.apache.catalina.core.ApplicationContext.log Manager: start: Starting web application '/DrugStoreSystem'
30-Nov-2017 00:03:47.827 INFO [http-nio-8080-exec-231] org.apache.catalina.core.ApplicationContext.log Manager: list: Listing contexts for virtual host 'localhost'
30-Nov-2017 00:03:51.198 INFO [http-nio-8080-exec-231] org.apache.catalina.core.ApplicationContext.log Manager: list: Listing contexts for virtual host 'localhost'
30-Nov-2017 00:03:51.201 INFO [http-nio-8080-exec-233] org.apache.catalina.core.ApplicationContext.log Manager: list: Listing contexts for virtual host 'localhost'
30-Nov-2017 00:03:51.210 INFO [http-nio-8080-exec-232] org.apache.catalina.core.ApplicationContext.log Manager: undeploy: Undeploying web application at '/DrugStoreSystem'
30-Nov-2017 00:03:51.757 INFO [http-nio-8080-exec-234] org.apache.catalina.core.ApplicationContext.log Manager: install: Installing context configuration at 'file:/C:/Users/cagla/AppData/Local/Temp/context1534352898266103636.xml'
30-Nov-2017 00:03:53.270 INFO [http-nio-8080-exec-231] org.apache.catalina.core.ApplicationContext.log Manager: start: Starting web application '/DrugStoreSystem'
30-Nov-2017 00:04:05.768 INFO [http-nio-8080-exec-237] org.apache.catalina.core.ApplicationContext.log Manager: list: Listing contexts for virtual host 'localhost'
30-Nov-2017 00:04:12.556 INFO [http-nio-8080-exec-241] org.apache.catalina.core.ApplicationContext.log Manager: list: Listing contexts for virtual host 'localhost'
30-Nov-2017 00:04:12.559 INFO [http-nio-8080-exec-237] org.apache.catalina.core.ApplicationContext.log Manager: list: Listing contexts for virtual host 'localhost'
30-Nov-2017 00:04:12.572 INFO [http-nio-8080-exec-236] org.apache.catalina.core.ApplicationContext.log Manager: undeploy: Undeploying web application at '/DrugStoreSystem'
30-Nov-2017 00:04:13.097 INFO [http-nio-8080-exec-241] org.apache.catalina.core.ApplicationContext.log Manager: install: Installing context configuration at 'file:/C:/Users/cagla/AppData/Local/Temp/context2818960064832934724.xml'
30-Nov-2017 00:04:13.814 INFO [http-nio-8080-exec-223] org.apache.catalina.core.ApplicationContext.log Manager: start: Starting web application '/DrugStoreSystem'
30-Nov-2017 00:04:40.779 INFO [http-nio-8080-exec-240] org.apache.catalina.core.ApplicationContext.log Manager: list: Listing contexts for virtual host 'localhost'
30-Nov-2017 00:04:54.547 INFO [http-nio-8080-exec-223] org.apache.catalina.core.ApplicationContext.log Manager: list: Listing contexts for virtual host 'localhost'
30-Nov-2017 00:05:01.991 INFO [http-nio-8080-exec-244] org.apache.catalina.core.ApplicationContext.log Manager: list: Listing contexts for virtual host 'localhost'
30-Nov-2017 00:05:01.994 INFO [http-nio-8080-exec-245] org.apache.catalina.core.ApplicationContext.log Manager: list: Listing contexts for virtual host 'localhost'
30-Nov-2017 00:05:02.012 INFO [http-nio-8080-exec-240] org.apache.catalina.core.ApplicationContext.log Manager: undeploy: Undeploying web application at '/DrugStoreSystem'
30-Nov-2017 00:05:02.530 INFO [http-nio-8080-exec-246] org.apache.catalina.core.ApplicationContext.log Manager: install: Installing context configuration at 'file:/C:/Users/cagla/AppData/Local/Temp/context1983850525107794426.xml'
30-Nov-2017 00:05:03.011 INFO [http-nio-8080-exec-248] org.apache.catalina.core.ApplicationContext.log Manager: start: Starting web application '/DrugStoreSystem'
30-Nov-2017 00:08:39.195 INFO [http-nio-8080-exec-255] org.apache.catalina.core.ApplicationContext.log Manager: list: Listing contexts for virtual host 'localhost'
30-Nov-2017 00:08:39.200 INFO [http-nio-8080-exec-256] org.apache.catalina.core.ApplicationContext.log Manager: list: Listing contexts for virtual host 'localhost'
30-Nov-2017 00:08:39.214 INFO [http-nio-8080-exec-257] org.apache.catalina.core.ApplicationContext.log Manager: undeploy: Undeploying web application at '/DrugStoreSystem'
30-Nov-2017 00:08:39.752 INFO [http-nio-8080-exec-254] org.apache.catalina.core.ApplicationContext.log Manager: install: Installing context configuration at 'file:/C:/Users/cagla/AppData/Local/Temp/context4742238248033109404.xml'
30-Nov-2017 00:08:41.234 INFO [http-nio-8080-exec-260] org.apache.catalina.core.ApplicationContext.log Manager: start: Starting web application '/DrugStoreSystem'
30-Nov-2017 00:12:05.265 INFO [http-nio-8080-exec-260] org.apache.catalina.core.ApplicationContext.log Manager: list: Listing contexts for virtual host 'localhost'
30-Nov-2017 00:12:09.086 INFO [http-nio-8080-exec-268] org.apache.catalina.core.ApplicationContext.log Manager: list: Listing contexts for virtual host 'localhost'
30-Nov-2017 00:12:09.088 INFO [http-nio-8080-exec-260] org.apache.catalina.core.ApplicationContext.log Manager: list: Listing contexts for virtual host 'localhost'
30-Nov-2017 00:12:09.097 INFO [http-nio-8080-exec-261] org.apache.catalina.core.ApplicationContext.log Manager: undeploy: Undeploying web application at '/DrugStoreSystem'
30-Nov-2017 00:12:09.613 INFO [http-nio-8080-exec-264] org.apache.catalina.core.ApplicationContext.log Manager: install: Installing context configuration at 'file:/C:/Users/cagla/AppData/Local/Temp/context8047972185278958796.xml'
30-Nov-2017 00:12:10.202 INFO [http-nio-8080-exec-263] org.apache.catalina.core.ApplicationContext.log Manager: start: Starting web application '/DrugStoreSystem'
30-Nov-2017 00:14:14.659 INFO [http-nio-8080-exec-270] org.apache.catalina.core.ApplicationContext.log Manager: list: Listing contexts for virtual host 'localhost'
30-Nov-2017 00:14:20.333 INFO [http-nio-8080-exec-260] org.apache.catalina.core.ApplicationContext.log Manager: list: Listing contexts for virtual host 'localhost'
30-Nov-2017 00:14:20.336 INFO [http-nio-8080-exec-269] org.apache.catalina.core.ApplicationContext.log Manager: list: Listing contexts for virtual host 'localhost'
30-Nov-2017 00:14:20.349 INFO [http-nio-8080-exec-271] org.apache.catalina.core.ApplicationContext.log Manager: undeploy: Undeploying web application at '/DrugStoreSystem'
30-Nov-2017 00:14:20.878 INFO [http-nio-8080-exec-276] org.apache.catalina.core.ApplicationContext.log Manager: install: Installing context configuration at 'file:/C:/Users/cagla/AppData/Local/Temp/context6935144257605855274.xml'
30-Nov-2017 00:14:21.815 INFO [http-nio-8080-exec-273] org.apache.catalina.core.ApplicationContext.log Manager: start: Starting web application '/DrugStoreSystem'
30-Nov-2017 00:15:11.068 INFO [http-nio-8080-exec-273] org.apache.catalina.core.ApplicationContext.log Manager: list: Listing contexts for virtual host 'localhost'
30-Nov-2017 00:15:11.072 INFO [http-nio-8080-exec-279] org.apache.catalina.core.ApplicationContext.log Manager: list: Listing contexts for virtual host 'localhost'
30-Nov-2017 00:15:11.083 INFO [http-nio-8080-exec-269] org.apache.catalina.core.ApplicationContext.log Manager: undeploy: Undeploying web application at '/DrugStoreSystem'
30-Nov-2017 00:15:11.608 INFO [http-nio-8080-exec-271] org.apache.catalina.core.ApplicationContext.log Manager: install: Installing context configuration at 'file:/C:/Users/cagla/AppData/Local/Temp/context7926379423237308360.xml'
30-Nov-2017 00:15:12.266 INFO [http-nio-8080-exec-281] org.apache.catalina.core.ApplicationContext.log Manager: start: Starting web application '/DrugStoreSystem'
30-Nov-2017 00:16:10.362 INFO [http-nio-8080-exec-282] org.apache.catalina.core.ApplicationContext.log Manager: list: Listing contexts for virtual host 'localhost'
30-Nov-2017 00:16:14.712 INFO [http-nio-8080-exec-269] org.apache.catalina.core.ApplicationContext.log Manager: list: Listing contexts for virtual host 'localhost'
30-Nov-2017 00:16:14.715 INFO [http-nio-8080-exec-279] org.apache.catalina.core.ApplicationContext.log Manager: list: Listing contexts for virtual host 'localhost'
30-Nov-2017 00:16:14.728 INFO [http-nio-8080-exec-284] org.apache.catalina.core.ApplicationContext.log Manager: undeploy: Undeploying web application at '/DrugStoreSystem'
30-Nov-2017 00:16:15.248 INFO [http-nio-8080-exec-285] org.apache.catalina.core.ApplicationContext.log Manager: install: Installing context configuration at 'file:/C:/Users/cagla/AppData/Local/Temp/context6064458848329216850.xml'
30-Nov-2017 00:16:15.942 INFO [http-nio-8080-exec-282] org.apache.catalina.core.ApplicationContext.log Manager: start: Starting web application '/DrugStoreSystem'
30-Nov-2017 00:16:30.998 INFO [http-nio-8080-exec-279] org.apache.catalina.core.ApplicationContext.log Manager: list: Listing contexts for virtual host 'localhost'
30-Nov-2017 00:17:04.859 INFO [http-nio-8080-exec-288] org.apache.catalina.core.ApplicationContext.log Manager: list: Listing contexts for virtual host 'localhost'
30-Nov-2017 00:17:12.813 INFO [http-nio-8080-exec-291] org.apache.catalina.core.ApplicationContext.log Manager: list: Listing contexts for virtual host 'localhost'
30-Nov-2017 00:17:12.817 INFO [http-nio-8080-exec-288] org.apache.catalina.core.ApplicationContext.log Manager: list: Listing contexts for virtual host 'localhost'
30-Nov-2017 00:17:12.840 INFO [http-nio-8080-exec-292] org.apache.catalina.core.ApplicationContext.log Manager: undeploy: Undeploying web application at '/DrugStoreSystem'
30-Nov-2017 00:17:13.376 INFO [http-nio-8080-exec-295] org.apache.catalina.core.ApplicationContext.log Manager: install: Installing context configuration at 'file:/C:/Users/cagla/AppData/Local/Temp/context6797144186819883500.xml'
30-Nov-2017 00:17:14.417 INFO [http-nio-8080-exec-291] org.apache.catalina.core.ApplicationContext.log Manager: start: Starting web application '/DrugStoreSystem'
30-Nov-2017 00:19:19.316 INFO [http-nio-8080-exec-298] org.apache.catalina.core.ApplicationContext.log Manager: list: Listing contexts for virtual host 'localhost'
30-Nov-2017 00:19:47.199 INFO [http-nio-8080-exec-2] org.apache.catalina.core.ApplicationContext.log Manager: init: Associated with Deployer 'Catalina:type=Deployer,host=localhost'
30-Nov-2017 00:19:47.200 INFO [http-nio-8080-exec-2] org.apache.catalina.core.ApplicationContext.log Manager: init: Global resources are available
30-Nov-2017 00:19:47.201 INFO [http-nio-8080-exec-2] org.apache.catalina.core.ApplicationContext.log Manager: list: Listing contexts for virtual host 'localhost'
30-Nov-2017 00:19:47.213 INFO [http-nio-8080-exec-2] org.apache.catalina.core.ApplicationContext.log Manager: list: Listing contexts for virtual host 'localhost'
30-Nov-2017 00:19:47.237 INFO [http-nio-8080-exec-7] org.apache.catalina.core.ApplicationContext.log Manager: undeploy: Undeploying web application at '/DrugStoreSystem'
30-Nov-2017 00:19:48.053 INFO [http-nio-8080-exec-5] org.apache.catalina.core.ApplicationContext.log Manager: install: Installing context configuration at 'file:/C:/Users/cagla/AppData/Local/Temp/context3596849873930320132.xml'
30-Nov-2017 00:19:49.052 INFO [http-nio-8080-exec-1] org.apache.catalina.core.ApplicationContext.log Manager: start: Starting web application '/DrugStoreSystem'
30-Nov-2017 00:19:51.171 INFO [http-nio-8080-exec-2] org.apache.catalina.core.ApplicationContext.log Manager: list: Listing contexts for virtual host 'localhost'
30-Nov-2017 00:19:51.176 INFO [http-nio-8080-exec-7] org.apache.catalina.core.ApplicationContext.log Manager: list: Listing contexts for virtual host 'localhost'
30-Nov-2017 00:19:51.211 INFO [http-nio-8080-exec-9] org.apache.catalina.core.ApplicationContext.log Manager: undeploy: Undeploying web application at '/DrugStoreSystem'
30-Nov-2017 00:19:51.736 INFO [http-nio-8080-exec-13] org.apache.catalina.core.ApplicationContext.log Manager: install: Installing context configuration at 'file:/C:/Users/cagla/AppData/Local/Temp/context7429253354417254803.xml'
30-Nov-2017 00:19:52.420 INFO [http-nio-8080-exec-3] org.apache.catalina.core.ApplicationContext.log Manager: start: Starting web application '/DrugStoreSystem'
30-Nov-2017 00:20:47.101 INFO [http-nio-8080-exec-18] org.apache.catalina.core.ApplicationContext.log Manager: list: Listing contexts for virtual host 'localhost'
30-Nov-2017 00:20:51.060 INFO [http-nio-8080-exec-11] org.apache.catalina.core.ApplicationContext.log Manager: list: Listing contexts for virtual host 'localhost'
30-Nov-2017 00:20:51.065 INFO [http-nio-8080-exec-18] org.apache.catalina.core.ApplicationContext.log Manager: list: Listing contexts for virtual host 'localhost'
30-Nov-2017 00:20:51.079 INFO [http-nio-8080-exec-1] org.apache.catalina.core.ApplicationContext.log Manager: undeploy: Undeploying web application at '/DrugStoreSystem'
30-Nov-2017 00:20:51.611 INFO [http-nio-8080-exec-20] org.apache.catalina.core.ApplicationContext.log Manager: install: Installing context configuration at 'file:/C:/Users/cagla/AppData/Local/Temp/context8629762953674373841.xml'
30-Nov-2017 00:20:52.448 INFO [http-nio-8080-exec-16] org.apache.catalina.core.ApplicationContext.log Manager: start: Starting web application '/DrugStoreSystem'
30-Nov-2017 00:21:48.899 INFO [http-nio-8080-exec-24] org.apache.catalina.core.ApplicationContext.log Manager: list: Listing contexts for virtual host 'localhost'
30-Nov-2017 00:21:53.733 INFO [http-nio-8080-exec-24] org.apache.catalina.core.ApplicationContext.log Manager: list: Listing contexts for virtual host 'localhost'
30-Nov-2017 00:21:53.737 INFO [http-nio-8080-exec-14] org.apache.catalina.core.ApplicationContext.log Manager: list: Listing contexts for virtual host 'localhost'
30-Nov-2017 00:21:53.755 INFO [http-nio-8080-exec-9] org.apache.catalina.core.ApplicationContext.log Manager: undeploy: Undeploying web application at '/DrugStoreSystem'
30-Nov-2017 00:21:54.302 INFO [http-nio-8080-exec-24] org.apache.catalina.core.ApplicationContext.log Manager: install: Installing context configuration at 'file:/C:/Users/cagla/AppData/Local/Temp/context1928352034420042988.xml'
30-Nov-2017 00:21:55.946 INFO [http-nio-8080-exec-15] org.apache.catalina.core.ApplicationContext.log Manager: start: Starting web application '/DrugStoreSystem'
30-Nov-2017 00:22:19.244 INFO [http-nio-8080-exec-27] org.apache.catalina.core.ApplicationContext.log Manager: list: Listing contexts for virtual host 'localhost'
30-Nov-2017 00:22:19.248 INFO [http-nio-8080-exec-22] org.apache.catalina.core.ApplicationContext.log Manager: list: Listing contexts for virtual host 'localhost'
30-Nov-2017 00:22:19.269 INFO [http-nio-8080-exec-15] org.apache.catalina.core.ApplicationContext.log Manager: undeploy: Undeploying web application at '/DrugStoreSystem'
30-Nov-2017 00:22:19.796 INFO [http-nio-8080-exec-29] org.apache.catalina.core.ApplicationContext.log Manager: install: Installing context configuration at 'file:/C:/Users/cagla/AppData/Local/Temp/context5829073477311318009.xml'
30-Nov-2017 00:22:20.573 INFO [http-nio-8080-exec-30] org.apache.catalina.core.ApplicationContext.log Manager: start: Starting web application '/DrugStoreSystem'
30-Nov-2017 00:23:24.944 INFO [http-nio-8080-exec-33] org.apache.catalina.core.ApplicationContext.log Manager: list: Listing contexts for virtual host 'localhost'
30-Nov-2017 00:23:28.601 INFO [http-nio-8080-exec-32] org.apache.catalina.core.ApplicationContext.log Manager: list: Listing contexts for virtual host 'localhost'
30-Nov-2017 00:23:28.604 INFO [http-nio-8080-exec-34] org.apache.catalina.core.ApplicationContext.log Manager: list: Listing contexts for virtual host 'localhost'
30-Nov-2017 00:23:28.614 INFO [http-nio-8080-exec-21] org.apache.catalina.core.ApplicationContext.log Manager: undeploy: Undeploying web application at '/DrugStoreSystem'
30-Nov-2017 00:23:29.139 INFO [http-nio-8080-exec-34] org.apache.catalina.core.ApplicationContext.log Manager: install: Installing context configuration at 'file:/C:/Users/cagla/AppData/Local/Temp/context9143871417250009775.xml'
30-Nov-2017 00:23:30.005 INFO [http-nio-8080-exec-37] org.apache.catalina.core.ApplicationContext.log Manager: start: Starting web application '/DrugStoreSystem'
30-Nov-2017 00:29:49.165 INFO [http-nio-8080-exec-45] org.apache.catalina.core.ApplicationContext.log Manager: list: Listing contexts for virtual host 'localhost'
30-Nov-2017 00:29:49.169 INFO [http-nio-8080-exec-46] org.apache.catalina.core.ApplicationContext.log Manager: list: Listing contexts for virtual host 'localhost'
30-Nov-2017 00:29:49.183 INFO [http-nio-8080-exec-47] org.apache.catalina.core.ApplicationContext.log Manager: undeploy: Undeploying web application at '/DrugStoreSystem'
30-Nov-2017 00:29:49.718 INFO [http-nio-8080-exec-40] org.apache.catalina.core.ApplicationContext.log Manager: install: Installing context configuration at 'file:/C:/Users/cagla/AppData/Local/Temp/context674310521280450149.xml'
30-Nov-2017 00:29:50.357 INFO [http-nio-8080-exec-44] org.apache.catalina.core.ApplicationContext.log Manager: start: Starting web application '/DrugStoreSystem'
30-Nov-2017 00:29:58.228 INFO [http-nio-8080-exec-49] org.apache.catalina.core.ApplicationContext.log Manager: list: Listing contexts for virtual host 'localhost'
30-Nov-2017 00:29:58.231 INFO [http-nio-8080-exec-44] org.apache.catalina.core.ApplicationContext.log Manager: list: Listing contexts for virtual host 'localhost'
30-Nov-2017 00:29:58.264 INFO [http-nio-8080-exec-40] org.apache.catalina.core.ApplicationContext.log Manager: undeploy: Undeploying web application at '/DrugStoreSystem'
30-Nov-2017 00:29:58.787 INFO [http-nio-8080-exec-51] org.apache.catalina.core.ApplicationContext.log Manager: install: Installing context configuration at 'file:/C:/Users/cagla/AppData/Local/Temp/context7790551984987682907.xml'
30-Nov-2017 00:29:59.331 INFO [http-nio-8080-exec-41] org.apache.catalina.core.ApplicationContext.log Manager: start: Starting web application '/DrugStoreSystem'
30-Nov-2017 00:30:17.596 INFO [http-nio-8080-exec-41] org.apache.catalina.core.ApplicationContext.log Manager: list: Listing contexts for virtual host 'localhost'
30-Nov-2017 00:30:22.521 INFO [http-nio-8080-exec-49] org.apache.catalina.core.ApplicationContext.log Manager: list: Listing contexts for virtual host 'localhost'
30-Nov-2017 00:30:22.527 INFO [http-nio-8080-exec-41] org.apache.catalina.core.ApplicationContext.log Manager: list: Listing contexts for virtual host 'localhost'
30-Nov-2017 00:30:22.545 INFO [http-nio-8080-exec-52] org.apache.catalina.core.ApplicationContext.log Manager: undeploy: Undeploying web application at '/DrugStoreSystem'
30-Nov-2017 00:30:23.077 INFO [http-nio-8080-exec-51] org.apache.catalina.core.ApplicationContext.log Manager: install: Installing context configuration at 'file:/C:/Users/cagla/AppData/Local/Temp/context1305958844694296542.xml'
30-Nov-2017 00:30:23.980 INFO [http-nio-8080-exec-58] org.apache.catalina.core.ApplicationContext.log Manager: start: Starting web application '/DrugStoreSystem'
30-Nov-2017 00:30:38.695 INFO [http-nio-8080-exec-61] org.apache.catalina.core.ApplicationContext.log Manager: list: Listing contexts for virtual host 'localhost'
30-Nov-2017 00:30:44.217 INFO [http-nio-8080-exec-60] org.apache.catalina.core.ApplicationContext.log Manager: list: Listing contexts for virtual host 'localhost'
30-Nov-2017 00:30:44.223 INFO [http-nio-8080-exec-61] org.apache.catalina.core.ApplicationContext.log Manager: list: Listing contexts for virtual host 'localhost'
30-Nov-2017 00:30:44.243 INFO [http-nio-8080-exec-56] org.apache.catalina.core.ApplicationContext.log Manager: undeploy: Undeploying web application at '/DrugStoreSystem'
30-Nov-2017 00:30:44.546 INFO [http-nio-8080-exec-62] org.apache.catalina.core.ApplicationContext.log Manager: list: Listing contexts for virtual host 'localhost'
30-Nov-2017 00:30:44.552 INFO [http-nio-8080-exec-46] org.apache.catalina.core.ApplicationContext.log Manager: list: Listing contexts for virtual host 'localhost'
30-Nov-2017 00:30:44.770 INFO [http-nio-8080-exec-62] org.apache.catalina.core.ApplicationContext.log Manager: undeploy: Undeploying web application at '/DrugStoreSystem'
30-Nov-2017 00:30:44.785 INFO [http-nio-8080-exec-63] org.apache.catalina.core.ApplicationContext.log Manager: install: Installing context configuration at 'file:/C:/Users/cagla/AppData/Local/Temp/context2023287720459103063.xml'
30-Nov-2017 00:30:45.667 INFO [http-nio-8080-exec-46] org.apache.catalina.core.ApplicationContext.log Manager: install: Installing context configuration at 'file:/C:/Users/cagla/AppData/Local/Temp/context3292606424513394812.xml'
30-Nov-2017 00:30:45.673 INFO [http-nio-8080-exec-59] org.apache.catalina.core.ApplicationContext.log Manager: start: Starting web application '/DrugStoreSystem'
30-Nov-2017 00:31:18.803 INFO [http-nio-8080-exec-54] org.apache.catalina.core.ApplicationContext.log Manager: list: Listing contexts for virtual host 'localhost'
30-Nov-2017 00:31:18.806 INFO [http-nio-8080-exec-65] org.apache.catalina.core.ApplicationContext.log Manager: list: Listing contexts for virtual host 'localhost'
30-Nov-2017 00:31:18.816 INFO [http-nio-8080-exec-56] org.apache.catalina.core.ApplicationContext.log Manager: undeploy: Undeploying web application at '/DrugStoreSystem'
30-Nov-2017 00:31:19.339 INFO [http-nio-8080-exec-63] org.apache.catalina.core.ApplicationContext.log Manager: install: Installing context configuration at 'file:/C:/Users/cagla/AppData/Local/Temp/context7930610325599247234.xml'
30-Nov-2017 00:31:19.924 INFO [http-nio-8080-exec-67] org.apache.catalina.core.ApplicationContext.log Manager: start: Starting web application '/DrugStoreSystem'
30-Nov-2017 00:31:38.961 INFO [http-nio-8080-exec-66] org.apache.catalina.core.ApplicationContext.log Manager: list: Listing contexts for virtual host 'localhost'
30-Nov-2017 00:31:51.056 INFO [114] org.apache.catalina.core.ApplicationContext.log Manager: list: Listing contexts for virtual host 'localhost'
30-Nov-2017 00:31:51.087 INFO [http-nio-8080-exec-69] org.apache.catalina.core.ApplicationContext.log Manager: list: Listing contexts for virtual host 'localhost'
30-Nov-2017 00:31:51.105 INFO [http-nio-8080-exec-71] org.apache.catalina.core.ApplicationContext.log Manager: undeploy: Undeploying web application at '/DrugStoreSystem'
30-Nov-2017 00:31:51.631 INFO [http-nio-8080-exec-70] org.apache.catalina.core.ApplicationContext.log Manager: install: Installing context configuration at 'file:/C:/Users/cagla/AppData/Local/Temp/context2441757691702108752.xml'
30-Nov-2017 00:31:52.215 INFO [http-nio-8080-exec-63] org.apache.catalina.core.ApplicationContext.log Manager: start: Starting web application '/DrugStoreSystem'
30-Nov-2017 00:34:08.597 INFO [http-nio-8080-exec-74] org.apache.catalina.core.ApplicationContext.log Manager: list: Listing contexts for virtual host 'localhost'
30-Nov-2017 00:34:13.697 INFO [http-nio-8080-exec-80] org.apache.catalina.core.ApplicationContext.log Manager: list: Listing contexts for virtual host 'localhost'
30-Nov-2017 00:34:13.702 INFO [http-nio-8080-exec-81] org.apache.catalina.core.ApplicationContext.log Manager: list: Listing contexts for virtual host 'localhost'
30-Nov-2017 00:34:13.718 INFO [http-nio-8080-exec-72] org.apache.catalina.core.ApplicationContext.log Manager: undeploy: Undeploying web application at '/DrugStoreSystem'
30-Nov-2017 00:34:14.255 INFO [http-nio-8080-exec-79] org.apache.catalina.core.ApplicationContext.log Manager: install: Installing context configuration at 'file:/C:/Users/cagla/AppData/Local/Temp/context5776241347076323843.xml'
30-Nov-2017 00:34:15.359 INFO [http-nio-8080-exec-78] org.apache.catalina.core.ApplicationContext.log Manager: start: Starting web application '/DrugStoreSystem'
30-Nov-2017 00:34:48.138 INFO [http-nio-8080-exec-83] org.apache.catalina.core.ApplicationContext.log Manager: list: Listing contexts for virtual host 'localhost'
30-Nov-2017 00:34:51.700 INFO [http-nio-8080-exec-80] org.apache.catalina.core.ApplicationContext.log Manager: list: Listing contexts for virtual host 'localhost'
30-Nov-2017 00:34:51.703 INFO [http-nio-8080-exec-84] org.apache.catalina.core.ApplicationContext.log Manager: list: Listing contexts for virtual host 'localhost'
30-Nov-2017 00:34:51.715 INFO [http-nio-8080-exec-83] org.apache.catalina.core.ApplicationContext.log Manager: undeploy: Undeploying web application at '/DrugStoreSystem'
30-Nov-2017 00:34:52.261 INFO [http-nio-8080-exec-84] org.apache.catalina.core.ApplicationContext.log Manager: install: Installing context configuration at 'file:/C:/Users/cagla/AppData/Local/Temp/context2792728206049526209.xml'
30-Nov-2017 00:34:53.041 INFO [http-nio-8080-exec-78] org.apache.catalina.core.ApplicationContext.log Manager: start: Starting web application '/DrugStoreSystem'
30-Nov-2017 00:35:21.587 INFO [http-nio-8080-exec-83] org.apache.catalina.core.ApplicationContext.log Manager: list: Listing contexts for virtual host 'localhost'
30-Nov-2017 00:35:44.791 INFO [http-nio-8080-exec-93] org.apache.catalina.core.ApplicationContext.log Manager: list: Listing contexts for virtual host 'localhost'
30-Nov-2017 00:36:10.967 INFO [http-nio-8080-exec-92] org.apache.catalina.core.ApplicationContext.log Manager: list: Listing contexts for virtual host 'localhost'
30-Nov-2017 00:36:14.952 INFO [http-nio-8080-exec-89] org.apache.catalina.core.ApplicationContext.log Manager: list: Listing contexts for virtual host 'localhost'
30-Nov-2017 00:36:14.954 INFO [http-nio-8080-exec-92] org.apache.catalina.core.ApplicationContext.log Manager: list: Listing contexts for virtual host 'localhost'
30-Nov-2017 00:36:14.967 INFO [http-nio-8080-exec-78] org.apache.catalina.core.ApplicationContext.log Manager: undeploy: Undeploying web application at '/DrugStoreSystem'
30-Nov-2017 00:36:15.549 INFO [http-nio-8080-exec-90] org.apache.catalina.core.ApplicationContext.log Manager: install: Installing context configuration at 'file:/C:/Users/cagla/AppData/Local/Temp/context4306613118490908466.xml'
30-Nov-2017 00:36:16.253 INFO [http-nio-8080-exec-88] org.apache.catalina.core.ApplicationContext.log Manager: start: Starting web application '/DrugStoreSystem'
30-Nov-2017 00:36:57.900 INFO [http-nio-8080-exec-100] org.apache.catalina.core.ApplicationContext.log Manager: list: Listing contexts for virtual host 'localhost'
30-Nov-2017 00:37:35.057 INFO [http-nio-8080-exec-97] org.apache.catalina.core.ApplicationContext.log Manager: list: Listing contexts for virtual host 'localhost'
30-Nov-2017 00:37:41.633 INFO [http-nio-8080-exec-97] org.apache.catalina.core.ApplicationContext.log Manager: list: Listing contexts for virtual host 'localhost'
30-Nov-2017 00:37:41.636 INFO [http-nio-8080-exec-89] org.apache.catalina.core.ApplicationContext.log Manager: list: Listing contexts for virtual host 'localhost'
30-Nov-2017 00:37:41.650 INFO [http-nio-8080-exec-99] org.apache.catalina.core.ApplicationContext.log Manager: undeploy: Undeploying web application at '/DrugStoreSystem'
30-Nov-2017 00:37:42.191 INFO [http-nio-8080-exec-88] org.apache.catalina.core.ApplicationContext.log Manager: install: Installing context configuration at 'file:/C:/Users/cagla/AppData/Local/Temp/context8432229838750133781.xml'
30-Nov-2017 00:37:42.726 INFO [http-nio-8080-exec-102] org.apache.catalina.core.ApplicationContext.log Manager: start: Starting web application '/DrugStoreSystem'
30-Nov-2017 00:38:19.047 INFO [http-nio-8080-exec-107] org.apache.catalina.core.ApplicationContext.log Manager: list: Listing contexts for virtual host 'localhost'
30-Nov-2017 00:38:22.677 INFO [http-nio-8080-exec-104] org.apache.catalina.core.ApplicationContext.log Manager: list: Listing contexts for virtual host 'localhost'
30-Nov-2017 00:38:22.680 INFO [http-nio-8080-exec-102] org.apache.catalina.core.ApplicationContext.log Manager: list: Listing contexts for virtual host 'localhost'
30-Nov-2017 00:38:22.692 INFO [http-nio-8080-exec-90] org.apache.catalina.core.ApplicationContext.log Manager: undeploy: Undeploying web application at '/DrugStoreSystem'
30-Nov-2017 00:38:23.215 INFO [http-nio-8080-exec-106] org.apache.catalina.core.ApplicationContext.log Manager: install: Installing context configuration at 'file:/C:/Users/cagla/AppData/Local/Temp/context776813687880417770.xml'
30-Nov-2017 00:38:23.737 INFO [http-nio-8080-exec-107] org.apache.catalina.core.ApplicationContext.log Manager: start: Starting web application '/DrugStoreSystem'
30-Nov-2017 00:39:07.761 INFO [http-nio-8080-exec-113] org.apache.catalina.core.ApplicationContext.log Manager: list: Listing contexts for virtual host 'localhost'
30-Nov-2017 00:39:20.462 INFO [http-nio-8080-exec-112] org.apache.catalina.core.ApplicationContext.log Manager: list: Listing contexts for virtual host 'localhost'
30-Nov-2017 00:39:24.159 INFO [http-nio-8080-exec-110] org.apache.catalina.core.ApplicationContext.log Manager: list: Listing contexts for virtual host 'localhost'
30-Nov-2017 00:39:24.162 INFO [http-nio-8080-exec-103] org.apache.catalina.core.ApplicationContext.log Manager: list: Listing contexts for virtual host 'localhost'
30-Nov-2017 00:39:24.173 INFO [http-nio-8080-exec-112] org.apache.catalina.core.ApplicationContext.log Manager: undeploy: Undeploying web application at '/DrugStoreSystem'
30-Nov-2017 00:39:24.707 INFO [http-nio-8080-exec-110] org.apache.catalina.core.ApplicationContext.log Manager: install: Installing context configuration at 'file:/C:/Users/cagla/AppData/Local/Temp/context5413470570609425543.xml'
30-Nov-2017 00:39:25.393 INFO [http-nio-8080-exec-114] org.apache.catalina.core.ApplicationContext.log Manager: start: Starting web application '/DrugStoreSystem'
30-Nov-2017 00:42:43.375 INFO [http-nio-8080-exec-117] org.apache.catalina.core.ApplicationContext.log Manager: list: Listing contexts for virtual host 'localhost'
30-Nov-2017 00:42:55.850 INFO [http-nio-8080-exec-122] org.apache.catalina.core.ApplicationContext.log Manager: list: Listing contexts for virtual host 'localhost'
30-Nov-2017 00:43:02.135 INFO [http-nio-8080-exec-125] org.apache.catalina.core.ApplicationContext.log Manager: list: Listing contexts for virtual host 'localhost'
30-Nov-2017 00:43:02.138 INFO [http-nio-8080-exec-124] org.apache.catalina.core.ApplicationContext.log Manager: list: Listing contexts for virtual host 'localhost'
30-Nov-2017 00:43:02.200 INFO [http-nio-8080-exec-126] org.apache.catalina.core.ApplicationContext.log Manager: undeploy: Undeploying web application at '/DrugStoreSystem'
30-Nov-2017 00:43:02.727 INFO [http-nio-8080-exec-119] org.apache.catalina.core.ApplicationContext.log Manager: install: Installing context configuration at 'file:/C:/Users/cagla/AppData/Local/Temp/context4692652027720322848.xml'
30-Nov-2017 00:43:03.362 INFO [http-nio-8080-exec-117] org.apache.catalina.core.ApplicationContext.log Manager: start: Starting web application '/DrugStoreSystem'
30-Nov-2017 00:44:48.516 INFO [http-nio-8080-exec-129] org.apache.catalina.core.ApplicationContext.log Manager: list: Listing contexts for virtual host 'localhost'
30-Nov-2017 00:44:51.496 INFO [http-nio-8080-exec-133] org.apache.catalina.core.ApplicationContext.log Manager: list: Listing contexts for virtual host 'localhost'
30-Nov-2017 00:44:51.499 INFO [http-nio-8080-exec-129] org.apache.catalina.core.ApplicationContext.log Manager: list: Listing contexts for virtual host 'localhost'
30-Nov-2017 00:44:51.509 INFO [http-nio-8080-exec-127] org.apache.catalina.core.ApplicationContext.log Manager: undeploy: Undeploying web application at '/DrugStoreSystem'
30-Nov-2017 00:44:52.028 INFO [http-nio-8080-exec-122] org.apache.catalina.core.ApplicationContext.log Manager: install: Installing context configuration at 'file:/C:/Users/cagla/AppData/Local/Temp/context8868336492447121825.xml'
30-Nov-2017 00:44:52.520 INFO [http-nio-8080-exec-134] org.apache.catalina.core.ApplicationContext.log Manager: start: Starting web application '/DrugStoreSystem'
30-Nov-2017 00:45:40.146 INFO [http-nio-8080-exec-134] org.apache.catalina.core.ApplicationContext.log Manager: list: Listing contexts for virtual host 'localhost'
30-Nov-2017 00:45:42.993 INFO [http-nio-8080-exec-134] org.apache.catalina.core.ApplicationContext.log Manager: list: Listing contexts for virtual host 'localhost'
30-Nov-2017 00:45:42.996 INFO [http-nio-8080-exec-122] org.apache.catalina.core.ApplicationContext.log Manager: list: Listing contexts for virtual host 'localhost'
30-Nov-2017 00:45:43.006 INFO [http-nio-8080-exec-133] org.apache.catalina.core.ApplicationContext.log Manager: undeploy: Undeploying web application at '/DrugStoreSystem'
30-Nov-2017 00:45:43.524 INFO [http-nio-8080-exec-122] org.apache.catalina.core.ApplicationContext.log Manager: install: Installing context configuration at 'file:/C:/Users/cagla/AppData/Local/Temp/context3486108488381327325.xml'
30-Nov-2017 00:45:43.987 INFO [http-nio-8080-exec-131] org.apache.catalina.core.ApplicationContext.log Manager: start: Starting web application '/DrugStoreSystem'
30-Nov-2017 00:45:54.131 INFO [http-nio-8080-exec-136] org.apache.catalina.core.ApplicationContext.log Manager: list: Listing contexts for virtual host 'localhost'
30-Nov-2017 00:45:54.133 INFO [http-nio-8080-exec-140] org.apache.catalina.core.ApplicationContext.log Manager: list: Listing contexts for virtual host 'localhost'
30-Nov-2017 00:45:54.143 INFO [http-nio-8080-exec-134] org.apache.catalina.core.ApplicationContext.log Manager: undeploy: Undeploying web application at '/DrugStoreSystem'
30-Nov-2017 00:45:54.659 INFO [http-nio-8080-exec-136] org.apache.catalina.core.ApplicationContext.log Manager: install: Installing context configuration at 'file:/C:/Users/cagla/AppData/Local/Temp/context5394749930965097002.xml'
30-Nov-2017 00:45:55.158 INFO [http-nio-8080-exec-122] org.apache.catalina.core.ApplicationContext.log Manager: start: Starting web application '/DrugStoreSystem'
30-Nov-2017 00:46:13.584 INFO [http-nio-8080-exec-142] org.apache.catalina.core.ApplicationContext.log Manager: list: Listing contexts for virtual host 'localhost'
30-Nov-2017 00:46:18.819 INFO [http-nio-8080-exec-148] org.apache.catalina.core.ApplicationContext.log Manager: list: Listing contexts for virtual host 'localhost'
30-Nov-2017 00:46:18.822 INFO [http-nio-8080-exec-142] org.apache.catalina.core.ApplicationContext.log Manager: list: Listing contexts for virtual host 'localhost'
30-Nov-2017 00:46:18.837 INFO [http-nio-8080-exec-144] org.apache.catalina.core.ApplicationContext.log Manager: undeploy: Undeploying web application at '/DrugStoreSystem'
30-Nov-2017 00:46:19.359 INFO [http-nio-8080-exec-122] org.apache.catalina.core.ApplicationContext.log Manager: install: Installing context configuration at 'file:/C:/Users/cagla/AppData/Local/Temp/context2260439834877631956.xml'
30-Nov-2017 00:46:20.043 INFO [http-nio-8080-exec-148] org.apache.catalina.core.ApplicationContext.log Manager: start: Starting web application '/DrugStoreSystem'
30-Nov-2017 00:47:16.497 INFO [http-nio-8080-exec-152] org.apache.catalina.core.ApplicationContext.log Manager: list: Listing contexts for virtual host 'localhost'
30-Nov-2017 00:47:31.018 INFO [http-nio-8080-exec-156] org.apache.catalina.core.ApplicationContext.log Manager: list: Listing contexts for virtual host 'localhost'
30-Nov-2017 00:47:31.021 INFO [http-nio-8080-exec-152] org.apache.catalina.core.ApplicationContext.log Manager: list: Listing contexts for virtual host 'localhost'
30-Nov-2017 00:47:31.034 INFO [http-nio-8080-exec-148] org.apache.catalina.core.ApplicationContext.log Manager: undeploy: Undeploying web application at '/DrugStoreSystem'
30-Nov-2017 00:47:31.568 INFO [http-nio-8080-exec-153] org.apache.catalina.core.ApplicationContext.log Manager: install: Installing context configuration at 'file:/C:/Users/cagla/AppData/Local/Temp/context9057169294230654830.xml'
30-Nov-2017 00:47:32.236 INFO [http-nio-8080-exec-157] org.apache.catalina.core.ApplicationContext.log Manager: start: Starting web application '/DrugStoreSystem'
30-Nov-2017 00:48:15.159 INFO [http-nio-8080-exec-163] org.apache.catalina.core.ApplicationContext.log Manager: list: Listing contexts for virtual host 'localhost'
30-Nov-2017 00:52:23.623 INFO [http-nio-8080-exec-161] org.apache.catalina.core.ApplicationContext.log Manager: list: Listing contexts for virtual host 'localhost'
30-Nov-2017 00:52:30.989 INFO [http-nio-8080-exec-162] org.apache.catalina.core.ApplicationContext.log Manager: list: Listing contexts for virtual host 'localhost'
30-Nov-2017 00:52:30.992 INFO [http-nio-8080-exec-159] org.apache.catalina.core.ApplicationContext.log Manager: list: Listing contexts for virtual host 'localhost'
30-Nov-2017 00:52:31.008 INFO [http-nio-8080-exec-160] org.apache.catalina.core.ApplicationContext.log Manager: undeploy: Undeploying web application at '/DrugStoreSystem'
30-Nov-2017 00:52:31.537 INFO [http-nio-8080-exec-162] org.apache.catalina.core.ApplicationContext.log Manager: install: Installing context configuration at 'file:/C:/Users/cagla/AppData/Local/Temp/context2354631392453381059.xml'
30-Nov-2017 00:52:32.255 INFO [http-nio-8080-exec-168] org.apache.catalina.core.ApplicationContext.log Manager: start: Starting web application '/DrugStoreSystem'
30-Nov-2017 00:53:28.700 INFO [http-nio-8080-exec-173] org.apache.catalina.core.ApplicationContext.log Manager: list: Listing contexts for virtual host 'localhost'
30-Nov-2017 00:53:35.943 INFO [http-nio-8080-exec-173] org.apache.catalina.core.ApplicationContext.log Manager: list: Listing contexts for virtual host 'localhost'
30-Nov-2017 00:53:35.951 INFO [220] org.apache.catalina.core.ApplicationContext.log Manager: list: Listing contexts for virtual host 'localhost'
30-Nov-2017 00:53:36.018 INFO [http-nio-8080-exec-168] org.apache.catalina.core.ApplicationContext.log Manager: undeploy: Undeploying web application at '/DrugStoreSystem'
30-Nov-2017 00:53:36.599 INFO [http-nio-8080-exec-173] org.apache.catalina.core.ApplicationContext.log Manager: install: Installing context configuration at 'file:/C:/Users/cagla/AppData/Local/Temp/context2224504493621297304.xml'
30-Nov-2017 00:53:38.098 INFO [http-nio-8080-exec-161] org.apache.catalina.core.ApplicationContext.log Manager: start: Starting web application '/DrugStoreSystem'
30-Nov-2017 00:55:20.601 INFO [http-nio-8080-exec-181] org.apache.catalina.core.ApplicationContext.log Manager: list: Listing contexts for virtual host 'localhost'
30-Nov-2017 00:55:20.603 INFO [http-nio-8080-exec-169] org.apache.catalina.core.ApplicationContext.log Manager: list: Listing contexts for virtual host 'localhost'
30-Nov-2017 00:55:20.611 INFO [http-nio-8080-exec-183] org.apache.catalina.core.ApplicationContext.log Manager: undeploy: Undeploying web application at '/DrugStoreSystem'
30-Nov-2017 00:55:21.128 INFO [http-nio-8080-exec-178] org.apache.catalina.core.ApplicationContext.log Manager: install: Installing context configuration at 'file:/C:/Users/cagla/AppData/Local/Temp/context8203874983870252649.xml'
30-Nov-2017 00:55:21.595 INFO [http-nio-8080-exec-171] org.apache.catalina.core.ApplicationContext.log Manager: start: Starting web application '/DrugStoreSystem'
30-Nov-2017 00:55:44.517 INFO [http-nio-8080-exec-187] org.apache.catalina.core.ApplicationContext.log Manager: list: Listing contexts for virtual host 'localhost'
30-Nov-2017 00:55:58.686 INFO [http-nio-8080-exec-187] org.apache.catalina.core.ApplicationContext.log Manager: list: Listing contexts for virtual host 'localhost'
30-Nov-2017 00:55:58.689 INFO [http-nio-8080-exec-171] org.apache.catalina.core.ApplicationContext.log Manager: list: Listing contexts for virtual host 'localhost'
30-Nov-2017 00:55:58.699 INFO [http-nio-8080-exec-181] org.apache.catalina.core.ApplicationContext.log Manager: undeploy: Undeploying web application at '/DrugStoreSystem'
30-Nov-2017 00:55:59.221 INFO [http-nio-8080-exec-184] org.apache.catalina.core.ApplicationContext.log Manager: install: Installing context configuration at 'file:/C:/Users/cagla/AppData/Local/Temp/context446360154705209364.xml'
30-Nov-2017 00:55:59.738 INFO [http-nio-8080-exec-188] org.apache.catalina.core.ApplicationContext.log Manager: start: Starting web application '/DrugStoreSystem'
30-Nov-2017 00:56:51.874 INFO [http-nio-8080-exec-181] org.apache.catalina.core.ApplicationContext.log Manager: list: Listing contexts for virtual host 'localhost'
30-Nov-2017 00:56:58.024 INFO [http-nio-8080-exec-189] org.apache.catalina.core.ApplicationContext.log Manager: list: Listing contexts for virtual host 'localhost'
30-Nov-2017 00:56:58.031 INFO [http-nio-8080-exec-176] org.apache.catalina.core.ApplicationContext.log Manager: list: Listing contexts for virtual host 'localhost'
30-Nov-2017 00:56:58.056 INFO [http-nio-8080-exec-181] org.apache.catalina.core.ApplicationContext.log Manager: undeploy: Undeploying web application at '/DrugStoreSystem'
30-Nov-2017 00:56:58.606 INFO [http-nio-8080-exec-191] org.apache.catalina.core.ApplicationContext.log Manager: install: Installing context configuration at 'file:/C:/Users/cagla/AppData/Local/Temp/context7315864624363879723.xml'
30-Nov-2017 00:56:59.902 INFO [http-nio-8080-exec-193] org.apache.catalina.core.ApplicationContext.log Manager: start: Starting web application '/DrugStoreSystem'
30-Nov-2017 00:57:55.638 INFO [http-nio-8080-exec-199] org.apache.catalina.core.ApplicationContext.log Manager: list: Listing contexts for virtual host 'localhost'
30-Nov-2017 00:58:11.745 INFO [http-nio-8080-exec-196] org.apache.catalina.core.ApplicationContext.log Manager: list: Listing contexts for virtual host 'localhost'
30-Nov-2017 00:58:11.748 INFO [http-nio-8080-exec-193] org.apache.catalina.core.ApplicationContext.log Manager: list: Listing contexts for virtual host 'localhost'
30-Nov-2017 00:58:11.758 INFO [http-nio-8080-exec-187] org.apache.catalina.core.ApplicationContext.log Manager: undeploy: Undeploying web application at '/DrugStoreSystem'
30-Nov-2017 00:58:12.282 INFO [http-nio-8080-exec-199] org.apache.catalina.core.ApplicationContext.log Manager: install: Installing context configuration at 'file:/C:/Users/cagla/AppData/Local/Temp/context4677726438073737738.xml'
30-Nov-2017 00:58:12.859 INFO [http-nio-8080-exec-195] org.apache.catalina.core.ApplicationContext.log Manager: start: Starting web application '/DrugStoreSystem'
30-Nov-2017 00:58:40.700 INFO [http-nio-8080-exec-195] org.apache.catalina.core.ApplicationContext.log Manager: list: Listing contexts for virtual host 'localhost'
30-Nov-2017 00:58:43.660 INFO [http-nio-8080-exec-198] org.apache.catalina.core.ApplicationContext.log Manager: list: Listing contexts for virtual host 'localhost'
30-Nov-2017 00:58:43.661 INFO [http-nio-8080-exec-195] org.apache.catalina.core.ApplicationContext.log Manager: list: Listing contexts for virtual host 'localhost'
30-Nov-2017 00:58:43.673 INFO [http-nio-8080-exec-202] org.apache.catalina.core.ApplicationContext.log Manager: undeploy: Undeploying web application at '/DrugStoreSystem'
30-Nov-2017 00:58:44.201 INFO [http-nio-8080-exec-201] org.apache.catalina.core.ApplicationContext.log Manager: install: Installing context configuration at 'file:/C:/Users/cagla/AppData/Local/Temp/context9182208157511805422.xml'
30-Nov-2017 00:58:44.654 INFO [http-nio-8080-exec-198] org.apache.catalina.core.ApplicationContext.log Manager: start: Starting web application '/DrugStoreSystem'
30-Nov-2017 00:59:32.763 INFO [http-nio-8080-exec-207] org.apache.catalina.core.ApplicationContext.log Manager: list: Listing contexts for virtual host 'localhost'
30-Nov-2017 00:59:36.385 INFO [http-nio-8080-exec-195] org.apache.catalina.core.ApplicationContext.log Manager: list: Listing contexts for virtual host 'localhost'
30-Nov-2017 00:59:36.388 INFO [http-nio-8080-exec-198] org.apache.catalina.core.ApplicationContext.log Manager: list: Listing contexts for virtual host 'localhost'
30-Nov-2017 00:59:36.398 INFO [http-nio-8080-exec-207] org.apache.catalina.core.ApplicationContext.log Manager: undeploy: Undeploying web application at '/DrugStoreSystem'
30-Nov-2017 00:59:36.925 INFO [http-nio-8080-exec-198] org.apache.catalina.core.ApplicationContext.log Manager: install: Installing context configuration at 'file:/C:/Users/cagla/AppData/Local/Temp/context1642061789728611488.xml'
30-Nov-2017 00:59:37.416 INFO [http-nio-8080-exec-213] org.apache.catalina.core.ApplicationContext.log Manager: start: Starting web application '/DrugStoreSystem'
30-Nov-2017 01:00:10.036 INFO [http-nio-8080-exec-216] org.apache.catalina.core.ApplicationContext.log Manager: list: Listing contexts for virtual host 'localhost'
30-Nov-2017 01:00:10.039 INFO [http-nio-8080-exec-215] org.apache.catalina.core.ApplicationContext.log Manager: list: Listing contexts for virtual host 'localhost'
30-Nov-2017 01:00:10.070 INFO [http-nio-8080-exec-212] org.apache.catalina.core.ApplicationContext.log Manager: undeploy: Undeploying web application at '/DrugStoreSystem'
30-Nov-2017 01:00:10.640 INFO [http-nio-8080-exec-213] org.apache.catalina.core.ApplicationContext.log Manager: install: Installing context configuration at 'file:/C:/Users/cagla/AppData/Local/Temp/context807569410695226606.xml'
30-Nov-2017 01:00:11.262 INFO [http-nio-8080-exec-217] org.apache.catalina.core.ApplicationContext.log Manager: start: Starting web application '/DrugStoreSystem'
30-Nov-2017 01:00:52.174 INFO [http-nio-8080-exec-217] org.apache.catalina.core.ApplicationContext.log Manager: list: Listing contexts for virtual host 'localhost'
30-Nov-2017 01:02:05.489 INFO [http-nio-8080-exec-220] org.apache.catalina.core.ApplicationContext.log Manager: list: Listing contexts for virtual host 'localhost'
30-Nov-2017 01:02:24.051 INFO [http-nio-8080-exec-222] org.apache.catalina.core.ApplicationContext.log Manager: list: Listing contexts for virtual host 'localhost'
30-Nov-2017 01:09:57.660 INFO [http-nio-8080-exec-227] org.apache.catalina.core.ApplicationContext.log Manager: list: Listing contexts for virtual host 'localhost'
30-Nov-2017 01:10:16.380 INFO [http-nio-8080-exec-221] org.apache.catalina.core.ApplicationContext.log Manager: list: Listing contexts for virtual host 'localhost'
30-Nov-2017 01:10:16.382 INFO [http-nio-8080-exec-226] org.apache.catalina.core.ApplicationContext.log Manager: list: Listing contexts for virtual host 'localhost'
30-Nov-2017 01:10:16.425 INFO [http-nio-8080-exec-219] org.apache.catalina.core.ApplicationContext.log Manager: undeploy: Undeploying web application at '/DrugStoreSystem'
30-Nov-2017 01:10:16.967 INFO [http-nio-8080-exec-220] org.apache.catalina.core.ApplicationContext.log Manager: install: Installing context configuration at 'file:/C:/Users/cagla/AppData/Local/Temp/context6638724947012198836.xml'
30-Nov-2017 01:10:20.057 INFO [http-nio-8080-exec-225] org.apache.catalina.core.ApplicationContext.log Manager: start: Starting web application '/DrugStoreSystem'
30-Nov-2017 01:12:57.716 INFO [http-nio-8080-exec-238] org.apache.catalina.core.ApplicationContext.log Manager: list: Listing contexts for virtual host 'localhost'
30-Nov-2017 01:13:02.181 INFO [http-nio-8080-exec-231] org.apache.catalina.core.ApplicationContext.log Manager: list: Listing contexts for virtual host 'localhost'
30-Nov-2017 01:13:02.184 INFO [http-nio-8080-exec-238] org.apache.catalina.core.ApplicationContext.log Manager: list: Listing contexts for virtual host 'localhost'
30-Nov-2017 01:13:02.197 INFO [http-nio-8080-exec-232] org.apache.catalina.core.ApplicationContext.log Manager: undeploy: Undeploying web application at '/DrugStoreSystem'
30-Nov-2017 01:13:02.946 INFO [http-nio-8080-exec-231] org.apache.catalina.core.ApplicationContext.log Manager: install: Installing context configuration at 'file:/C:/Users/cagla/AppData/Local/Temp/context6680218313860768832.xml'
30-Nov-2017 01:13:04.359 INFO [http-nio-8080-exec-237] org.apache.catalina.core.ApplicationContext.log Manager: start: Starting web application '/DrugStoreSystem'
30-Nov-2017 01:13:22.470 INFO [http-nio-8080-exec-236] org.apache.catalina.core.ApplicationContext.log Manager: list: Listing contexts for virtual host 'localhost'
30-Nov-2017 01:13:31.934 INFO [http-nio-8080-exec-230] org.apache.catalina.core.ApplicationContext.log Manager: list: Listing contexts for virtual host 'localhost'
30-Nov-2017 01:24:03.025 INFO [http-nio-8080-exec-5] org.apache.catalina.core.ApplicationContext.log Manager: init: Associated with Deployer 'Catalina:type=Deployer,host=localhost'
30-Nov-2017 01:24:03.027 INFO [http-nio-8080-exec-5] org.apache.catalina.core.ApplicationContext.log Manager: init: Global resources are available
30-Nov-2017 01:24:04.231 INFO [http-nio-8080-exec-10] org.apache.catalina.core.ApplicationContext.log Manager: list: Listing contexts for virtual host 'localhost'
30-Nov-2017 01:24:04.241 INFO [http-nio-8080-exec-2] org.apache.catalina.core.ApplicationContext.log Manager: list: Listing contexts for virtual host 'localhost'
30-Nov-2017 01:24:04.267 INFO [http-nio-8080-exec-1] org.apache.catalina.core.ApplicationContext.log Manager: undeploy: Undeploying web application at '/DrugStoreSystem'
30-Nov-2017 01:24:04.901 INFO [http-nio-8080-exec-4] org.apache.catalina.core.ApplicationContext.log Manager: install: Installing context configuration at 'file:/C:/Users/cagla/AppData/Local/Temp/context6815368949336026950.xml'
30-Nov-2017 01:24:05.540 INFO [http-nio-8080-exec-8] org.apache.catalina.core.ApplicationContext.log Manager: start: Starting web application '/DrugStoreSystem'
30-Nov-2017 01:25:25.012 INFO [http-nio-8080-exec-13] org.apache.catalina.core.ApplicationContext.log Manager: list: Listing contexts for virtual host 'localhost'
30-Nov-2017 01:25:31.314 INFO [http-nio-8080-exec-13] org.apache.catalina.core.ApplicationContext.log Manager: list: Listing contexts for virtual host 'localhost'
30-Nov-2017 01:25:31.318 INFO [http-nio-8080-exec-14] org.apache.catalina.core.ApplicationContext.log Manager: list: Listing contexts for virtual host 'localhost'
30-Nov-2017 01:25:31.337 INFO [http-nio-8080-exec-15] org.apache.catalina.core.ApplicationContext.log Manager: undeploy: Undeploying web application at '/DrugStoreSystem'
30-Nov-2017 01:25:31.921 INFO [http-nio-8080-exec-14] org.apache.catalina.core.ApplicationContext.log Manager: install: Installing context configuration at 'file:/C:/Users/cagla/AppData/Local/Temp/context1576091802956936240.xml'
30-Nov-2017 01:25:33.070 INFO [http-nio-8080-exec-20] org.apache.catalina.core.ApplicationContext.log Manager: start: Starting web application '/DrugStoreSystem'
30-Nov-2017 01:27:06.846 INFO [http-nio-8080-exec-22] org.apache.catalina.core.ApplicationContext.log Manager: list: Listing contexts for virtual host 'localhost'
30-Nov-2017 01:27:11.491 INFO [http-nio-8080-exec-23] org.apache.catalina.core.ApplicationContext.log Manager: list: Listing contexts for virtual host 'localhost'
30-Nov-2017 01:27:11.497 INFO [http-nio-8080-exec-21] org.apache.catalina.core.ApplicationContext.log Manager: list: Listing contexts for virtual host 'localhost'
30-Nov-2017 01:27:11.510 INFO [http-nio-8080-exec-22] org.apache.catalina.core.ApplicationContext.log Manager: undeploy: Undeploying web application at '/DrugStoreSystem'
30-Nov-2017 01:27:12.032 INFO [http-nio-8080-exec-21] org.apache.catalina.core.ApplicationContext.log Manager: install: Installing context configuration at 'file:/C:/Users/cagla/AppData/Local/Temp/context5416517039413465815.xml'
30-Nov-2017 01:27:12.480 INFO [http-nio-8080-exec-25] org.apache.catalina.core.ApplicationContext.log Manager: start: Starting web application '/DrugStoreSystem'
30-Nov-2017 01:29:46.371 INFO [http-nio-8080-exec-32] org.apache.catalina.core.ApplicationContext.log Manager: list: Listing contexts for virtual host 'localhost'
30-Nov-2017 01:29:49.807 INFO [http-nio-8080-exec-31] org.apache.catalina.core.ApplicationContext.log Manager: list: Listing contexts for virtual host 'localhost'
30-Nov-2017 01:29:49.810 INFO [http-nio-8080-exec-34] org.apache.catalina.core.ApplicationContext.log Manager: list: Listing contexts for virtual host 'localhost'
30-Nov-2017 01:29:49.863 INFO [http-nio-8080-exec-33] org.apache.catalina.core.ApplicationContext.log Manager: undeploy: Undeploying web application at '/DrugStoreSystem'
30-Nov-2017 01:29:50.401 INFO [http-nio-8080-exec-35] org.apache.catalina.core.ApplicationContext.log Manager: install: Installing context configuration at 'file:/C:/Users/cagla/AppData/Local/Temp/context5552911664000704680.xml'
30-Nov-2017 01:29:50.906 INFO [http-nio-8080-exec-31] org.apache.catalina.core.ApplicationContext.log Manager: start: Starting web application '/DrugStoreSystem'
30-Nov-2017 01:30:28.222 INFO [http-nio-8080-exec-34] org.apache.catalina.core.ApplicationContext.log Manager: list: Listing contexts for virtual host 'localhost'
30-Nov-2017 01:30:31.771 INFO [http-nio-8080-exec-34] org.apache.catalina.core.ApplicationContext.log Manager: list: Listing contexts for virtual host 'localhost'
30-Nov-2017 01:30:31.774 INFO [http-nio-8080-exec-37] org.apache.catalina.core.ApplicationContext.log Manager: list: Listing contexts for virtual host 'localhost'
30-Nov-2017 01:30:31.786 INFO [http-nio-8080-exec-40] org.apache.catalina.core.ApplicationContext.log Manager: undeploy: Undeploying web application at '/DrugStoreSystem'
30-Nov-2017 01:30:32.306 INFO [http-nio-8080-exec-35] org.apache.catalina.core.ApplicationContext.log Manager: install: Installing context configuration at 'file:/C:/Users/cagla/AppData/Local/Temp/context5617285806871322817.xml'
30-Nov-2017 01:30:32.770 INFO [http-nio-8080-exec-41] org.apache.catalina.core.ApplicationContext.log Manager: start: Starting web application '/DrugStoreSystem'
30-Nov-2017 01:31:00.127 INFO [http-nio-8080-exec-35] org.apache.catalina.core.ApplicationContext.log Manager: list: Listing contexts for virtual host 'localhost'
30-Nov-2017 01:31:05.789 INFO [http-nio-8080-exec-46] org.apache.catalina.core.ApplicationContext.log Manager: list: Listing contexts for virtual host 'localhost'
30-Nov-2017 01:31:16.593 INFO [http-nio-8080-exec-53] org.apache.catalina.core.ApplicationContext.log Manager: list: Listing contexts for virtual host 'localhost'
30-Nov-2017 01:31:22.935 INFO [http-nio-8080-exec-51] org.apache.catalina.core.ApplicationContext.log Manager: list: Listing contexts for virtual host 'localhost'
30-Nov-2017 01:31:31.054 INFO [http-nio-8080-exec-49] org.apache.catalina.core.ApplicationContext.log Manager: list: Listing contexts for virtual host 'localhost'
30-Nov-2017 01:31:36.421 INFO [http-nio-8080-exec-49] org.apache.catalina.core.ApplicationContext.log Manager: list: Listing contexts for virtual host 'localhost'
30-Nov-2017 01:31:36.424 INFO [http-nio-8080-exec-54] org.apache.catalina.core.ApplicationContext.log Manager: list: Listing contexts for virtual host 'localhost'
30-Nov-2017 01:31:36.435 INFO [http-nio-8080-exec-52] org.apache.catalina.core.ApplicationContext.log Manager: undeploy: Undeploying web application at '/DrugStoreSystem'
30-Nov-2017 01:31:37.009 INFO [http-nio-8080-exec-50] org.apache.catalina.core.ApplicationContext.log Manager: install: Installing context configuration at 'file:/C:/Users/cagla/AppData/Local/Temp/context4869022999521889479.xml'
30-Nov-2017 01:31:37.642 INFO [http-nio-8080-exec-56] org.apache.catalina.core.ApplicationContext.log Manager: start: Starting web application '/DrugStoreSystem'
30-Nov-2017 01:31:48.330 INFO [http-nio-8080-exec-51] org.apache.catalina.core.ApplicationContext.log Manager: list: Listing contexts for virtual host 'localhost'
30-Nov-2017 01:31:57.923 INFO [http-nio-8080-exec-57] org.apache.catalina.core.ApplicationContext.log Manager: list: Listing contexts for virtual host 'localhost'
30-Nov-2017 01:31:57.926 INFO [http-nio-8080-exec-48] org.apache.catalina.core.ApplicationContext.log Manager: list: Listing contexts for virtual host 'localhost'
30-Nov-2017 01:31:57.942 INFO [http-nio-8080-exec-50] org.apache.catalina.core.ApplicationContext.log Manager: undeploy: Undeploying web application at '/DrugStoreSystem'
30-Nov-2017 01:31:58.459 INFO [http-nio-8080-exec-59] org.apache.catalina.core.ApplicationContext.log Manager: install: Installing context configuration at 'file:/C:/Users/cagla/AppData/Local/Temp/context1218967151640193745.xml'
30-Nov-2017 01:31:58.844 INFO [http-nio-8080-exec-48] org.apache.catalina.core.ApplicationContext.log Manager: start: Starting web application '/DrugStoreSystem'
30-Nov-2017 01:32:30.764 INFO [98] org.apache.catalina.core.ApplicationContext.log Manager: list: Listing contexts for virtual host 'localhost'
30-Nov-2017 01:32:40.195 INFO [http-nio-8080-exec-66] org.apache.catalina.core.ApplicationContext.log Manager: list: Listing contexts for virtual host 'localhost'
30-Nov-2017 01:34:01.505 INFO [http-nio-8080-exec-68] org.apache.catalina.core.ApplicationContext.log Manager: list: Listing contexts for virtual host 'localhost'
30-Nov-2017 01:34:34.996 INFO [http-nio-8080-exec-67] org.apache.catalina.core.ApplicationContext.log Manager: list: Listing contexts for virtual host 'localhost'
30-Nov-2017 01:34:39.607 INFO [http-nio-8080-exec-64] org.apache.catalina.core.ApplicationContext.log Manager: list: Listing contexts for virtual host 'localhost'
30-Nov-2017 01:34:45.298 INFO [http-nio-8080-exec-64] org.apache.catalina.core.ApplicationContext.log Manager: list: Listing contexts for virtual host 'localhost'
30-Nov-2017 01:34:45.302 INFO [http-nio-8080-exec-62] org.apache.catalina.core.ApplicationContext.log Manager: list: Listing contexts for virtual host 'localhost'
30-Nov-2017 01:34:45.318 INFO [http-nio-8080-exec-65] org.apache.catalina.core.ApplicationContext.log Manager: undeploy: Undeploying web application at '/DrugStoreSystem'
30-Nov-2017 01:34:45.919 INFO [http-nio-8080-exec-67] org.apache.catalina.core.ApplicationContext.log Manager: install: Installing context configuration at 'file:/C:/Users/cagla/AppData/Local/Temp/context3871343145374075355.xml'
30-Nov-2017 01:34:46.372 INFO [http-nio-8080-exec-69] org.apache.catalina.core.ApplicationContext.log Manager: start: Starting web application '/DrugStoreSystem'
30-Nov-2017 01:35:59.287 INFO [http-nio-8080-exec-73] org.apache.catalina.core.ApplicationContext.log Manager: list: Listing contexts for virtual host 'localhost'
